<?xml version="1.0" encoding="UTF-8"?>
<coverage generated="1788205951164" clover="3.2.0">
  <project timestamp="1788205951165" name="All files">
    <metrics statements="668" coveredstatements="627" conditionals="376" coveredconditionals="308" methods="229" coveredmethods="212" elements="1273" coveredelements="1147" complexity="0" loc="668" ncloc="668" packages="11" files="46" classes="46"/>
    <package name="app">
      <metrics statements="166" coveredstatements="155" conditionals="87" coveredconditionals="65" methods="56" coveredmethods="48"/>
      <file name="history.tsx" path="/home/user/Documents/passage/app/history.tsx">
        <metrics statements="24" coveredstatements="21" conditionals="13" coveredconditionals="11" methods="13" coveredmethods="11"/>
        <line num="15" count="1" type="stmt"/>
        <line num="18" count="4" type="stmt"/>
        <line num="19" count="4" type="cond" truecount="1" falsecount="1"/>
        <line num="20" count="4" type="stmt"/>
        <line num="24" count="8" type="stmt"/>
        <line num="25" count="8" type="stmt"/>
        <line num="26" count="8" type="stmt"/>
        <line num="28" count="8" type="stmt"/>
        <line num="29" count="8" type="stmt"/>
        <line num="32" count="8" type="stmt"/>
        <line num="33" count="8" type="stmt"/>
        <line num="36" count="8" type="stmt"/>
        <line num="37" count="8" type="stmt"/>
        <line num="42" count="16" type="stmt"/>
        <line num="44" count="8" type="stmt"/>
        <line num="52" count="0" type="stmt"/>
        <line num="74" count="16" type="stmt"/>
        <line num="78" count="1" type="stmt"/>
        <line num="104" count="4" type="stmt"/>
        <line num="111" count="0" type="stmt"/>
        <line num="124" count="16" type="cond" truecount="2" falsecount="1"/>
        <line num="126" count="10" type="stmt"/>
        <line num="128" count="6" type="stmt"/>
        <line num="130" count="0" type="stmt"/>
      </file>
      <file name="index.tsx" path="/home/user/Documents/passage/app/index.tsx">
        <metrics statements="83" coveredstatements="79" conditionals="48" coveredconditionals="35" methods="25" coveredmethods="21"/>
        <line num="18" count="1" type="stmt"/>
        <line num="21" count="10" type="stmt"/>
        <line num="22" count="10" type="cond" truecount="1" falsecount="1"/>
        <line num="23" count="10" type="stmt"/>
        <line num="27" count="38" type="stmt"/>
        <line num="28" count="38" type="stmt"/>
        <line num="29" count="38" type="stmt"/>
        <line num="31" count="38" type="stmt"/>
        <line num="34" count="38" type="stmt"/>
        <line num="35" count="38" type="stmt"/>
        <line num="36" count="38" type="stmt"/>
        <line num="37" count="38" type="stmt"/>
        <line num="38" count="38" type="stmt"/>
        <line num="40" count="38" type="stmt"/>
        <line num="41" count="18" type="stmt"/>
        <line num="46" count="38" type="stmt"/>
        <line num="47" count="38" type="stmt"/>
        <line num="49" count="38" type="stmt"/>
        <line num="50" count="10" type="stmt"/>
        <line num="51" count="10" type="stmt"/>
        <line num="52" count="10" type="stmt"/>
        <line num="53" count="10" type="stmt"/>
        <line num="54" count="8" type="stmt"/>
        <line num="55" count="8" type="stmt"/>
        <line num="56" count="40" type="cond" truecount="2" falsecount="0"/>
        <line num="59" count="2" type="cond" truecount="1" falsecount="1"/>
        <line num="61" count="10" type="stmt"/>
        <line num="65" count="38" type="stmt"/>
        <line num="66" count="20" type="stmt"/>
        <line num="67" count="20" type="stmt"/>
        <line num="68" count="20" type="cond" truecount="2" falsecount="0"/>
        <line num="70" count="12" type="stmt"/>
        <line num="71" count="4" type="stmt"/>
        <line num="73" count="12" type="stmt"/>
        <line num="74" count="4" type="stmt"/>
        <line num="75" count="4" type="cond" truecount="1" falsecount="1"/>
        <line num="79" count="38" type="stmt"/>
        <line num="84" count="38" type="stmt"/>
        <line num="86" count="10" type="stmt"/>
        <line num="91" count="38" type="stmt"/>
        <line num="92" count="14" type="stmt"/>
        <line num="93" count="14" type="cond" truecount="1" falsecount="1"/>
        <line num="95" count="14" type="stmt"/>
        <line num="97" count="14" type="stmt"/>
        <line num="98" count="14" type="cond" truecount="1" falsecount="1"/>
        <line num="100" count="14" type="stmt"/>
        <line num="103" count="2" type="stmt"/>
        <line num="104" count="2" type="stmt"/>
        <line num="105" count="2" type="stmt"/>
        <line num="111" count="78" type="cond" truecount="3" falsecount="1"/>
        <line num="113" count="38" type="stmt"/>
        <line num="114" count="2" type="cond" truecount="1" falsecount="1"/>
        <line num="115" count="2" type="stmt"/>
        <line num="116" count="2" type="stmt"/>
        <line num="117" count="2" type="stmt"/>
        <line num="118" count="2" type="stmt"/>
        <line num="121" count="10" type="stmt"/>
        <line num="126" count="1" type="stmt"/>
        <line num="128" count="1" type="cond" truecount="1" falsecount="1"/>
        <line num="130" count="2" type="stmt"/>
        <line num="134" count="38" type="cond" truecount="2" falsecount="0"/>
        <line num="135" count="10" type="stmt"/>
        <line num="147" count="28" type="cond" truecount="4" falsecount="0"/>
        <line num="148" count="2" type="stmt"/>
        <line num="155" count="26" type="cond" truecount="1" falsecount="1"/>
        <line num="159" count="26" type="cond" truecount="2" falsecount="0"/>
        <line num="161" count="25" type="stmt"/>
        <line num="179" count="125" type="stmt"/>
        <line num="185" count="14" type="stmt"/>
        <line num="190" count="0" type="stmt"/>
        <line num="201" count="1" type="stmt"/>
        <line num="202" count="1" type="stmt"/>
        <line num="204" count="5" type="stmt"/>
        <line num="205" count="1" type="stmt"/>
        <line num="207" count="1" type="stmt"/>
        <line num="222" count="0" type="stmt"/>
        <line num="227" count="0" type="stmt"/>
        <line num="234" count="2" type="stmt"/>
        <line num="235" count="2" type="stmt"/>
        <line num="237" count="2" type="stmt"/>
        <line num="246" count="0" type="stmt"/>
        <line num="254" count="1" type="stmt"/>
        <line num="255" count="1" type="stmt"/>
      </file>
      <file name="onboarding.tsx" path="/home/user/Documents/passage/app/onboarding.tsx">
        <metrics statements="30" coveredstatements="27" conditionals="16" coveredconditionals="13" methods="7" coveredmethods="6"/>
        <line num="19" count="30" type="stmt"/>
        <line num="20" count="30" type="stmt"/>
        <line num="22" count="30" type="stmt"/>
        <line num="23" count="30" type="stmt"/>
        <line num="24" count="30" type="stmt"/>
        <line num="25" count="30" type="stmt"/>
        <line num="26" count="30" type="stmt"/>
        <line num="27" count="30" type="stmt"/>
        <line num="28" count="30" type="stmt"/>
        <line num="31" count="30" type="stmt"/>
        <line num="32" count="6" type="stmt"/>
        <line num="33" count="6" type="stmt"/>
        <line num="34" count="6" type="stmt"/>
        <line num="35" count="6" type="stmt"/>
        <line num="40" count="5" type="stmt"/>
        <line num="42" count="1" type="cond" truecount="1" falsecount="1"/>
        <line num="44" count="6" type="stmt"/>
        <line num="48" count="30" type="stmt"/>
        <line num="49" count="4" type="stmt"/>
        <line num="50" count="4" type="stmt"/>
        <line num="51" count="4" type="stmt"/>
        <line num="52" count="4" type="stmt"/>
        <line num="53" count="4" type="stmt"/>
        <line num="55" count="0" type="stmt"/>
        <line num="56" count="0" type="stmt"/>
        <line num="60" count="30" type="stmt"/>
        <line num="110" count="20" type="stmt"/>
        <line num="114" count="0" type="stmt"/>
        <line num="117" count="4" type="stmt"/>
        <line num="140" count="4" type="stmt"/>
      </file>
      <file name="settings.tsx" path="/home/user/Documents/passage/app/settings.tsx">
        <metrics statements="29" coveredstatements="28" conditionals="10" coveredconditionals="6" methods="11" coveredmethods="10"/>
        <line num="17" count="1" type="stmt"/>
        <line num="24" count="14" type="stmt"/>
        <line num="25" count="14" type="stmt"/>
        <line num="26" count="14" type="stmt"/>
        <line num="28" count="14" type="stmt"/>
        <line num="29" count="14" type="stmt"/>
        <line num="30" count="14" type="stmt"/>
        <line num="36" count="14" type="stmt"/>
        <line num="37" count="2" type="cond" truecount="1" falsecount="1"/>
        <line num="38" count="2" type="stmt"/>
        <line num="39" count="2" type="stmt"/>
        <line num="40" count="2" type="stmt"/>
        <line num="45" count="1" type="stmt"/>
        <line num="46" count="1" type="stmt"/>
        <line num="47" count="1" type="stmt"/>
        <line num="49" count="1" type="stmt"/>
        <line num="54" count="2" type="stmt"/>
        <line num="58" count="14" type="stmt"/>
        <line num="59" count="2" type="stmt"/>
        <line num="68" count="1" type="stmt"/>
        <line num="75" count="14" type="stmt"/>
        <line num="78" count="0" type="stmt"/>
        <line num="86" count="56" type="stmt"/>
        <line num="90" count="1" type="stmt"/>
        <line num="99" count="42" type="stmt"/>
        <line num="102" count="1" type="stmt"/>
        <line num="128" count="2" type="stmt"/>
        <line num="129" count="2" type="stmt"/>
        <line num="153" count="2" type="stmt"/>
      </file>
    </package>
    <package name="app.correction">
      <metrics statements="28" coveredstatements="26" conditionals="22" coveredconditionals="15" methods="13" coveredmethods="11"/>
      <file name="[day].tsx" path="/home/user/Documents/passage/app/correction/[day].tsx">
        <metrics statements="28" coveredstatements="26" conditionals="22" coveredconditionals="15" methods="13" coveredmethods="11"/>
        <line num="19" count="3" type="stmt"/>
        <line num="20" count="3" type="cond" truecount="1" falsecount="1"/>
        <line num="21" count="3" type="stmt"/>
        <line num="25" count="6" type="stmt"/>
        <line num="26" count="6" type="stmt"/>
        <line num="27" count="6" type="stmt"/>
        <line num="28" count="6" type="stmt"/>
        <line num="32" count="6" type="stmt"/>
        <line num="33" count="6" type="stmt"/>
        <line num="35" count="6" type="stmt"/>
        <line num="36" count="6" type="cond" truecount="1" falsecount="1"/>
        <line num="40" count="6" type="stmt"/>
        <line num="42" count="6" type="cond" truecount="2" falsecount="0"/>
        <line num="43" count="2" type="stmt"/>
        <line num="49" count="0" type="stmt"/>
        <line num="55" count="20" type="stmt"/>
        <line num="57" count="4" type="stmt"/>
        <line num="62" count="0" type="stmt"/>
        <line num="81" count="20" type="stmt"/>
        <line num="88" count="20" type="stmt"/>
        <line num="89" count="20" type="cond" truecount="1" falsecount="1"/>
        <line num="90" count="20" type="cond" truecount="1" falsecount="1"/>
        <line num="91" count="20" type="stmt"/>
        <line num="92" count="20" type="stmt"/>
        <line num="94" count="20" type="stmt"/>
        <line num="127" count="4" type="stmt"/>
        <line num="148" count="4" type="stmt"/>
        <line num="149" count="4" type="stmt"/>
      </file>
    </package>
    <package name="src.ai">
      <metrics statements="49" coveredstatements="48" conditionals="26" coveredconditionals="25" methods="15" coveredmethods="15"/>
      <file name="claude.ts" path="/home/user/Documents/passage/src/ai/claude.ts">
        <metrics statements="22" coveredstatements="21" conditionals="4" coveredconditionals="3" methods="7" coveredmethods="7"/>
        <line num="15" count="1" type="stmt"/>
        <line num="16" count="1" type="stmt"/>
        <line num="17" count="1" type="stmt"/>
        <line num="48" count="14" type="stmt"/>
        <line num="50" count="14" type="stmt"/>
        <line num="51" count="16" type="stmt"/>
        <line num="52" count="16" type="stmt"/>
        <line num="53" count="10" type="cond" truecount="1" falsecount="1"/>
        <line num="54" count="0" type="stmt"/>
        <line num="56" count="6" type="stmt"/>
        <line num="57" count="6" type="cond" truecount="2" falsecount="0"/>
        <line num="58" count="3" type="stmt"/>
        <line num="62" count="1" type="stmt"/>
        <line num="66" count="13" type="stmt"/>
        <line num="68" count="13" type="stmt"/>
        <line num="70" count="9" type="stmt"/>
        <line num="71" count="11" type="stmt"/>
        <line num="82" count="6" type="stmt"/>
        <line num="86" count="5" type="stmt"/>
        <line num="87" count="5" type="stmt"/>
        <line num="99" count="4" type="stmt"/>
        <line num="101" count="26" type="stmt"/>
      </file>
      <file name="errors.ts" path="/home/user/Documents/passage/src/ai/errors.ts">
        <metrics statements="12" coveredstatements="12" conditionals="16" coveredconditionals="16" methods="2" coveredmethods="2"/>
        <line num="10" count="8" type="stmt"/>
        <line num="24" count="46" type="cond" truecount="2" falsecount="0"/>
        <line num="25" count="46" type="stmt"/>
        <line num="34" count="20" type="cond" truecount="2" falsecount="0"/>
        <line num="37" count="12" type="cond" truecount="4" falsecount="0"/>
        <line num="38" count="4" type="stmt"/>
        <line num="40" count="8" type="cond" truecount="2" falsecount="0"/>
        <line num="41" count="6" type="cond" truecount="2" falsecount="0"/>
        <line num="42" count="5" type="cond" truecount="2" falsecount="0"/>
        <line num="43" count="2" type="cond" truecount="2" falsecount="0"/>
        <line num="44" count="1" type="stmt"/>
        <line num="46" count="1" type="stmt"/>
      </file>
      <file name="prompts.ts" path="/home/user/Documents/passage/src/ai/prompts.ts">
        <metrics statements="11" coveredstatements="11" conditionals="6" coveredconditionals="6" methods="4" coveredmethods="4"/>
        <line num="10" count="1" type="stmt"/>
        <line num="34" count="1" type="stmt"/>
        <line num="56" count="11" type="stmt"/>
        <line num="58" count="11" type="stmt"/>
        <line num="64" count="11" type="cond" truecount="2" falsecount="0"/>
        <line num="65" count="2" type="stmt"/>
        <line num="67" count="2" type="stmt"/>
        <line num="71" count="11" type="stmt"/>
        <line num="78" count="5" type="stmt"/>
        <line num="80" count="21" type="stmt"/>
        <line num="86" count="5" type="stmt"/>
      </file>
      <file name="schemas.ts" path="/home/user/Documents/passage/src/ai/schemas.ts">
        <metrics statements="4" coveredstatements="4" conditionals="0" coveredconditionals="0" methods="2" coveredmethods="2"/>
        <line num="12" count="2" type="stmt"/>
        <line num="14" count="2" type="stmt"/>
        <line num="26" count="2" type="stmt"/>
        <line num="42" count="18" type="stmt"/>
      </file>
    </package>
    <package name="src.core">
      <metrics statements="73" coveredstatements="73" conditionals="37" coveredconditionals="37" methods="21" coveredmethods="21"/>
      <file name="date.ts" path="/home/user/Documents/passage/src/core/date.ts">
        <metrics statements="4" coveredstatements="4" conditionals="0" coveredconditionals="0" methods="3" coveredmethods="3"/>
        <line num="3" count="1694" type="stmt"/>
        <line num="6" count="847" type="stmt"/>
        <line num="10" count="798" type="stmt"/>
        <line num="11" count="798" type="stmt"/>
      </file>
      <file name="diff.ts" path="/home/user/Documents/passage/src/core/diff.ts">
        <metrics statements="23" coveredstatements="23" conditionals="10" coveredconditionals="10" methods="4" coveredmethods="4"/>
        <line num="4" count="38" type="cond" truecount="2" falsecount="0"/>
        <line num="6" count="162" type="stmt"/>
        <line num="10" count="19" type="stmt"/>
        <line num="11" count="19" type="stmt"/>
        <line num="14" count="19" type="stmt"/>
        <line num="15" count="64" type="stmt"/>
        <line num="17" count="19" type="stmt"/>
        <line num="18" count="45" type="stmt"/>
        <line num="19" count="114" type="cond" truecount="2" falsecount="0"/>
        <line num="25" count="19" type="stmt"/>
        <line num="26" count="19" type="stmt"/>
        <line num="27" count="19" type="stmt"/>
        <line num="28" count="19" type="cond" truecount="2" falsecount="0"/>
        <line num="29" count="48" type="cond" truecount="2" falsecount="0"/>
        <line num="32" count="38" type="stmt"/>
        <line num="33" count="38" type="stmt"/>
        <line num="34" count="38" type="stmt"/>
        <line num="35" count="10" type="cond" truecount="2" falsecount="0"/>
        <line num="36" count="5" type="stmt"/>
        <line num="38" count="5" type="stmt"/>
        <line num="41" count="19" type="stmt"/>
        <line num="42" count="19" type="stmt"/>
        <line num="44" count="19" type="stmt"/>
      </file>
      <file name="errorTags.ts" path="/home/user/Documents/passage/src/core/errorTags.ts">
        <metrics statements="15" coveredstatements="15" conditionals="9" coveredconditionals="9" methods="5" coveredmethods="5"/>
        <line num="5" count="16" type="stmt"/>
        <line num="22" count="1213" type="cond" truecount="2" falsecount="0"/>
        <line num="23" count="309" type="stmt"/>
        <line num="24" count="309" type="stmt"/>
        <line num="25" count="308" type="cond" truecount="2" falsecount="0"/>
        <line num="26" count="307" type="stmt"/>
        <line num="28" count="1" type="stmt"/>
        <line num="32" count="16" type="stmt"/>
        <line num="50" count="16" type="stmt"/>
        <line num="58" count="39" type="stmt"/>
        <line num="59" count="39" type="stmt"/>
        <line num="60" count="40" type="cond" truecount="2" falsecount="0"/>
        <line num="63" count="39" type="stmt"/>
        <line num="64" count="12" type="cond" truecount="2" falsecount="0"/>
        <line num="66" count="16" type="stmt"/>
      </file>
      <file name="levels.ts" path="/home/user/Documents/passage/src/core/levels.ts">
        <metrics statements="13" coveredstatements="13" conditionals="6" coveredconditionals="6" methods="2" coveredmethods="2"/>
        <line num="1" count="8" type="stmt"/>
        <line num="5" count="8" type="stmt"/>
        <line num="7" count="8" type="stmt"/>
        <line num="17" count="8" type="stmt"/>
        <line num="18" count="8" type="stmt"/>
        <line num="19" count="8" type="stmt"/>
        <line num="20" count="8" type="stmt"/>
        <line num="27" count="42" type="stmt"/>
        <line num="28" count="42" type="cond" truecount="2" falsecount="0"/>
        <line num="30" count="43" type="stmt"/>
        <line num="31" count="13" type="cond" truecount="4" falsecount="0"/>
        <line num="33" count="13" type="stmt"/>
        <line num="34" count="13" type="stmt"/>
      </file>
      <file name="scores.ts" path="/home/user/Documents/passage/src/core/scores.ts">
        <metrics statements="10" coveredstatements="10" conditionals="8" coveredconditionals="8" methods="6" coveredmethods="6"/>
        <line num="3" count="57" type="stmt"/>
        <line num="11" count="51" type="stmt"/>
        <line num="12" count="17" type="cond" truecount="2" falsecount="0"/>
        <line num="13" count="48" type="stmt"/>
        <line num="17" count="12" type="stmt"/>
        <line num="18" count="12" type="stmt"/>
        <line num="23" count="48" type="cond" truecount="2" falsecount="0"/>
        <line num="24" count="16" type="cond" truecount="2" falsecount="0"/>
        <line num="25" count="6" type="stmt"/>
        <line num="30" count="14" type="cond" truecount="2" falsecount="0"/>
      </file>
      <file name="streak.ts" path="/home/user/Documents/passage/src/core/streak.ts">
        <metrics statements="8" coveredstatements="8" conditionals="4" coveredconditionals="4" methods="1" coveredmethods="1"/>
        <line num="8" count="25" type="stmt"/>
        <line num="10" count="25" type="cond" truecount="2" falsecount="0"/>
        <line num="11" count="25" type="cond" truecount="2" falsecount="0"/>
        <line num="13" count="19" type="stmt"/>
        <line num="14" count="19" type="stmt"/>
        <line num="15" count="36" type="stmt"/>
        <line num="16" count="36" type="stmt"/>
        <line num="18" count="19" type="stmt"/>
      </file>
    </package>
    <package name="src.data">
      <metrics statements="85" coveredstatements="82" conditionals="28" coveredconditionals="23" methods="43" coveredmethods="42"/>
      <file name="migrations.ts" path="/home/user/Documents/passage/src/data/migrations.ts">
        <metrics statements="12" coveredstatements="12" conditionals="8" coveredconditionals="6" methods="3" coveredmethods="3"/>
        <line num="3" count="14" type="stmt"/>
        <line num="5" count="14" type="stmt"/>
        <line num="52" count="1" type="stmt"/>
        <line num="53" count="6" type="cond" truecount="1" falsecount="1"/>
        <line num="54" count="1" type="stmt"/>
        <line num="59" count="114" type="stmt"/>
        <line num="61" count="114" type="stmt"/>
        <line num="62" count="114" type="cond" truecount="2" falsecount="0"/>
        <line num="63" count="111" type="stmt"/>
        <line num="64" count="3" type="cond" truecount="2" falsecount="0"/>
        <line num="65" count="1" type="cond" truecount="1" falsecount="1"/>
        <line num="66" count="1" type="stmt"/>
      </file>
      <file name="seriesRepository.ts" path="/home/user/Documents/passage/src/data/seriesRepository.ts">
        <metrics statements="51" coveredstatements="48" conditionals="16" coveredconditionals="13" methods="27" coveredmethods="26"/>
        <line num="42" count="12" type="stmt"/>
        <line num="75" count="46" type="cond" truecount="1" falsecount="0"/>
        <line num="79" count="26" type="stmt"/>
        <line num="80" count="26" type="cond" truecount="2" falsecount="0"/>
        <line num="84" count="200" type="stmt"/>
        <line num="85" count="200" type="cond" truecount="2" falsecount="0"/>
        <line num="90" count="22" type="stmt"/>
        <line num="91" count="12" type="stmt"/>
        <line num="93" count="14" type="stmt"/>
        <line num="97" count="126" type="stmt"/>
        <line num="98" count="126" type="stmt"/>
        <line num="102" count="126" type="stmt"/>
        <line num="104" count="126" type="stmt"/>
        <line num="105" count="598" type="stmt"/>
        <line num="112" count="126" type="stmt"/>
        <line num="117" count="81" type="stmt"/>
        <line num="118" count="81" type="stmt"/>
        <line num="119" count="377" type="stmt"/>
        <line num="138" count="5" type="stmt"/>
        <line num="139" count="5" type="stmt"/>
        <line num="143" count="5" type="stmt"/>
        <line num="144" count="5" type="stmt"/>
        <line num="149" count="43" type="cond" truecount="2" falsecount="0"/>
        <line num="150" count="1" type="stmt"/>
        <line num="152" count="42" type="stmt"/>
        <line num="161" count="57" type="stmt"/>
        <line num="165" count="283" type="stmt"/>
        <line num="167" count="57" type="cond" truecount="2" falsecount="0"/>
        <line num="168" count="1" type="stmt"/>
        <line num="170" count="280" type="stmt"/>
        <line num="171" count="56" type="cond" truecount="2" falsecount="0"/>
        <line num="172" count="2" type="stmt"/>
        <line num="173" count="2" type="stmt"/>
        <line num="177" count="54" type="stmt"/>
        <line num="178" count="54" type="stmt"/>
        <line num="179" count="270" type="stmt"/>
        <line num="195" count="54" type="stmt"/>
        <line num="211" count="29" type="stmt"/>
        <line num="222" count="71" type="stmt"/>
        <line num="230" count="23" type="stmt"/>
        <line num="234" count="23" type="stmt"/>
        <line num="235" count="23" type="stmt"/>
        <line num="239" count="126" type="stmt"/>
        <line num="240" count="126" type="cond" truecount="1" falsecount="1"/>
        <line num="241" count="126" type="stmt"/>
        <line num="245" count="0" type="stmt"/>
        <line num="246" count="0" type="cond" truecount="0" falsecount="2"/>
        <line num="247" count="0" type="stmt"/>
        <line num="251" count="210" type="stmt"/>
        <line num="261" count="210" type="stmt"/>
        <line num="269" count="1018" type="stmt"/>
      </file>
      <file name="settingsRepository.ts" path="/home/user/Documents/passage/src/data/settingsRepository.ts">
        <metrics statements="4" coveredstatements="4" conditionals="2" coveredconditionals="2" methods="3" coveredmethods="3"/>
        <line num="3" count="12" type="stmt"/>
        <line num="14" count="62" type="stmt"/>
        <line num="15" count="62" type="cond" truecount="2" falsecount="0"/>
        <line num="19" count="18" type="stmt"/>
      </file>
      <file name="statsRepository.ts" path="/home/user/Documents/passage/src/data/statsRepository.ts">
        <metrics statements="13" coveredstatements="13" conditionals="2" coveredconditionals="2" methods="8" coveredmethods="8"/>
        <line num="10" count="35" type="stmt"/>
        <line num="22" count="24" type="stmt"/>
        <line num="31" count="38" type="stmt"/>
        <line num="43" count="38" type="stmt"/>
        <line num="44" count="38" type="stmt"/>
        <line num="45" count="190" type="cond" truecount="2" falsecount="0"/>
        <line num="46" count="190" type="stmt"/>
        <line num="47" count="190" type="stmt"/>
        <line num="50" count="38" type="stmt"/>
        <line num="54" count="18" type="stmt"/>
        <line num="56" count="22" type="stmt"/>
        <line num="60" count="10" type="stmt"/>
        <line num="70" count="18" type="stmt"/>
      </file>
      <file name="wipe.ts" path="/home/user/Documents/passage/src/data/wipe.ts">
        <metrics statements="5" coveredstatements="5" conditionals="0" coveredconditionals="0" methods="2" coveredmethods="2"/>
        <line num="14" count="3" type="stmt"/>
        <line num="15" count="3" type="stmt"/>
        <line num="16" count="3" type="stmt"/>
        <line num="17" count="3" type="stmt"/>
        <line num="18" count="3" type="stmt"/>
      </file>
    </package>
    <package name="src.data.__tests__">
      <metrics statements="13" coveredstatements="11" conditionals="2" coveredconditionals="2" methods="5" coveredmethods="5"/>
      <file name="testDb.ts" path="/home/user/Documents/passage/src/data/__tests__/testDb.ts">
        <metrics statements="13" coveredstatements="11" conditionals="2" coveredconditionals="2" methods="5" coveredmethods="5"/>
        <line num="6" count="83" type="stmt"/>
        <line num="7" count="83" type="stmt"/>
        <line num="9" count="83" type="stmt"/>
        <line num="10" count="86" type="stmt"/>
        <line num="12" count="715" type="stmt"/>
        <line num="14" count="1275" type="stmt"/>
        <line num="17" count="207" type="stmt"/>
        <line num="18" count="207" type="stmt"/>
        <line num="19" count="207" type="stmt"/>
        <line num="20" count="207" type="stmt"/>
        <line num="21" count="207" type="stmt"/>
        <line num="23" count="0" type="stmt"/>
        <line num="24" count="0" type="stmt"/>
      </file>
    </package>
    <package name="src.ui">
      <metrics statements="98" coveredstatements="81" conditionals="66" coveredconditionals="45" methods="30" coveredmethods="25"/>
      <file name="AppProvider.tsx" path="/home/user/Documents/passage/src/ui/AppProvider.tsx">
        <metrics statements="56" coveredstatements="39" conditionals="40" coveredconditionals="22" methods="14" coveredmethods="9"/>
        <line num="33" count="1" type="stmt"/>
        <line num="50" count="1" type="stmt"/>
        <line num="53" count="7" type="stmt"/>
        <line num="54" count="7" type="stmt"/>
        <line num="55" count="7" type="stmt"/>
        <line num="57" count="7" type="stmt"/>
        <line num="66" count="16" type="stmt"/>
        <line num="67" count="16" type="stmt"/>
        <line num="68" count="16" type="stmt"/>
        <line num="69" count="16" type="stmt"/>
        <line num="71" count="16" type="stmt"/>
        <line num="72" count="8" type="stmt"/>
        <line num="74" count="8" type="stmt"/>
        <line num="77" count="8" type="stmt"/>
        <line num="78" count="8" type="stmt"/>
        <line num="79" count="7" type="cond" truecount="1" falsecount="1"/>
        <line num="81" count="7" type="stmt"/>
        <line num="82" count="7" type="cond" truecount="2" falsecount="0"/>
        <line num="84" count="1" type="cond" truecount="1" falsecount="1"/>
        <line num="85" count="1" type="cond" truecount="1" falsecount="1"/>
        <line num="87" count="8" type="cond" truecount="1" falsecount="1"/>
        <line num="91" count="8" type="stmt"/>
        <line num="92" count="8" type="stmt"/>
        <line num="99" count="16" type="stmt"/>
        <line num="100" count="10" type="cond" truecount="2" falsecount="0"/>
        <line num="101" count="2" type="stmt"/>
        <line num="104" count="16" type="stmt"/>
        <line num="105" count="0" type="stmt"/>
        <line num="106" count="0" type="stmt"/>
        <line num="110" count="16" type="stmt"/>
        <line num="111" count="16" type="cond" truecount="2" falsecount="0"/>
        <line num="112" count="8" type="cond" truecount="2" falsecount="0"/>
        <line num="113" count="1" type="stmt"/>
        <line num="116" count="16" type="stmt"/>
        <line num="117" count="0" type="stmt"/>
        <line num="118" count="0" type="cond" truecount="0" falsecount="2"/>
        <line num="119" count="0" type="cond" truecount="0" falsecount="2"/>
        <line num="120" count="0" type="cond" truecount="0" falsecount="2"/>
        <line num="121" count="0" type="cond" truecount="0" falsecount="2"/>
        <line num="123" count="0" type="cond" truecount="0" falsecount="2"/>
        <line num="124" count="0" type="stmt"/>
        <line num="126" count="0" type="stmt"/>
        <line num="129" count="16" type="stmt"/>
        <line num="130" count="0" type="stmt"/>
        <line num="131" count="0" type="stmt"/>
        <line num="132" count="0" type="stmt"/>
        <line num="133" count="0" type="stmt"/>
        <line num="136" count="16" type="stmt"/>
        <line num="137" count="16" type="stmt"/>
        <line num="141" count="16" type="stmt"/>
        <line num="145" count="16" type="stmt"/>
        <line num="146" count="16" type="cond" truecount="1" falsecount="1"/>
        <line num="147" count="16" type="stmt"/>
        <line num="152" count="0" type="stmt"/>
        <line num="153" count="0" type="cond" truecount="0" falsecount="2"/>
        <line num="154" count="0" type="stmt"/>
      </file>
      <file name="Logo.tsx" path="/home/user/Documents/passage/src/ui/Logo.tsx">
        <metrics statements="3" coveredstatements="3" conditionals="1" coveredconditionals="0" methods="1" coveredmethods="1"/>
        <line num="12" count="30" type="stmt"/>
        <line num="13" count="30" type="stmt"/>
        <line num="15" count="30" type="stmt"/>
      </file>
      <file name="ThemeProvider.tsx" path="/home/user/Documents/passage/src/ui/ThemeProvider.tsx">
        <metrics statements="6" coveredstatements="6" conditionals="6" coveredconditionals="4" methods="3" coveredmethods="3"/>
        <line num="5" count="9" type="stmt"/>
        <line num="20" count="32" type="stmt"/>
        <line num="22" count="32" type="stmt"/>
        <line num="24" count="32" type="stmt"/>
        <line num="31" count="32" type="stmt"/>
        <line num="36" count="1074" type="cond" truecount="2" falsecount="0"/>
      </file>
      <file name="bootRoute.ts" path="/home/user/Documents/passage/src/ui/bootRoute.ts">
        <metrics statements="3" coveredstatements="3" conditionals="8" coveredconditionals="8" methods="1" coveredmethods="1"/>
        <line num="17" count="10" type="cond" truecount="2" falsecount="0"/>
        <line num="19" count="6" type="cond" truecount="4" falsecount="0"/>
        <line num="20" count="3" type="cond" truecount="2" falsecount="0"/>
      </file>
      <file name="theme.ts" path="/home/user/Documents/passage/src/ui/theme.ts">
        <metrics statements="11" coveredstatements="11" conditionals="7" coveredconditionals="7" methods="2" coveredmethods="2"/>
        <line num="22" count="11" type="stmt"/>
        <line num="36" count="11" type="stmt"/>
        <line num="50" count="11" type="stmt"/>
        <line num="52" count="11" type="stmt"/>
        <line num="53" count="11" type="stmt"/>
        <line num="61" count="11" type="stmt"/>
        <line num="62" count="11" type="stmt"/>
        <line num="64" count="11" type="stmt"/>
        <line num="83" count="49" type="stmt"/>
        <line num="97" count="38" type="cond" truecount="4" falsecount="0"/>
        <line num="98" count="34" type="stmt"/>
      </file>
      <file name="useRefreshOnFocus.ts" path="/home/user/Documents/passage/src/ui/useRefreshOnFocus.ts">
        <metrics statements="16" coveredstatements="16" conditionals="3" coveredconditionals="3" methods="7" coveredmethods="7"/>
        <line num="21" count="57" type="stmt"/>
        <line num="22" count="57" type="stmt"/>
        <line num="27" count="57" type="stmt"/>
        <line num="28" count="57" type="stmt"/>
        <line num="29" count="57" type="stmt"/>
        <line num="32" count="57" type="stmt"/>
        <line num="33" count="22" type="stmt"/>
        <line num="34" count="4" type="cond" truecount="2" falsecount="0"/>
        <line num="35" count="2" type="stmt"/>
        <line num="36" count="2" type="stmt"/>
        <line num="38" count="2" type="stmt"/>
        <line num="42" count="22" type="stmt"/>
        <line num="43" count="22" type="stmt"/>
        <line num="46" count="57" type="stmt"/>
        <line num="48" count="22" type="stmt"/>
        <line num="49" count="22" type="stmt"/>
      </file>
      <file name="useStreak.ts" path="/home/user/Documents/passage/src/ui/useStreak.ts">
        <metrics statements="3" coveredstatements="3" conditionals="1" coveredconditionals="1" methods="2" coveredmethods="2"/>
        <line num="11" count="15" type="stmt"/>
        <line num="13" count="15" type="stmt"/>
        <line num="14" count="15" type="stmt"/>
      </file>
    </package>
    <package name="src.ui.__tests__">
      <metrics statements="29" coveredstatements="26" conditionals="3" coveredconditionals="2" methods="12" coveredmethods="11"/>
      <file name="lightAccent.ts" path="/home/user/Documents/passage/src/ui/__tests__/lightAccent.ts">
        <metrics statements="1" coveredstatements="1" conditionals="0" coveredconditionals="0" methods="0" coveredmethods="0"/>
        <line num="4" count="1" type="stmt"/>
      </file>
      <file name="renderHarness.tsx" path="/home/user/Documents/passage/src/ui/__tests__/renderHarness.tsx">
        <metrics statements="28" coveredstatements="25" conditionals="3" coveredconditionals="2" methods="12" coveredmethods="11"/>
        <line num="19" count="30" type="stmt"/>
        <line num="25" count="30" type="stmt"/>
        <line num="35" count="17" type="stmt"/>
        <line num="36" count="17" type="stmt"/>
        <line num="38" count="17" type="stmt"/>
        <line num="39" count="17" type="stmt"/>
        <line num="40" count="17" type="stmt"/>
        <line num="41" count="17" type="stmt"/>
        <line num="42" count="17" type="stmt"/>
        <line num="44" count="202" type="stmt"/>
        <line num="46" count="285" type="stmt"/>
        <line num="49" count="50" type="stmt"/>
        <line num="50" count="50" type="stmt"/>
        <line num="51" count="50" type="stmt"/>
        <line num="52" count="50" type="stmt"/>
        <line num="53" count="50" type="stmt"/>
        <line num="55" count="0" type="stmt"/>
        <line num="56" count="0" type="stmt"/>
        <line num="70" count="17" type="stmt"/>
        <line num="71" count="17" type="stmt"/>
        <line num="73" count="17" type="stmt"/>
        <line num="74" count="17" type="stmt"/>
        <line num="78" count="17" type="stmt"/>
        <line num="79" count="57" type="stmt"/>
        <line num="81" count="17" type="stmt"/>
        <line num="85" count="0" type="stmt"/>
        <line num="101" count="32" type="stmt"/>
        <line num="113" count="32" type="stmt"/>
      </file>
    </package>
    <package name="src.ui.components">
      <metrics statements="44" coveredstatements="44" conditionals="57" coveredconditionals="54" methods="13" coveredmethods="13"/>
      <file name="Button.tsx" path="/home/user/Documents/passage/src/ui/components/Button.tsx">
        <metrics statements="7" coveredstatements="7" conditionals="21" coveredconditionals="20" methods="2" coveredmethods="2"/>
        <line num="17" count="113" type="stmt"/>
        <line num="18" count="113" type="cond" truecount="2" falsecount="0"/>
        <line num="21" count="113" type="cond" truecount="2" falsecount="0"/>
        <line num="28" count="113" type="cond" truecount="2" falsecount="0"/>
        <line num="36" count="113" type="stmt"/>
        <line num="42" count="113" type="stmt"/>
        <line num="62" count="5" type="stmt"/>
      </file>
      <file name="Card.tsx" path="/home/user/Documents/passage/src/ui/components/Card.tsx">
        <metrics statements="3" coveredstatements="3" conditionals="0" coveredconditionals="0" methods="1" coveredmethods="1"/>
        <line num="6" count="265" type="stmt"/>
        <line num="8" count="265" type="stmt"/>
        <line num="26" count="6" type="stmt"/>
      </file>
      <file name="DiffText.tsx" path="/home/user/Documents/passage/src/ui/components/DiffText.tsx">
        <metrics statements="9" coveredstatements="9" conditionals="7" coveredconditionals="7" methods="4" coveredmethods="4"/>
        <line num="10" count="7" type="stmt"/>
        <line num="12" count="7" type="stmt"/>
        <line num="16" count="21" type="stmt"/>
        <line num="26" count="15" type="stmt"/>
        <line num="29" count="21" type="cond" truecount="3" falsecount="0"/>
        <line num="31" count="6" type="stmt"/>
        <line num="33" count="6" type="stmt"/>
        <line num="35" count="9" type="stmt"/>
        <line num="39" count="2" type="stmt"/>
      </file>
      <file name="ScoreBadge.tsx" path="/home/user/Documents/passage/src/ui/components/ScoreBadge.tsx">
        <metrics statements="10" coveredstatements="10" conditionals="5" coveredconditionals="5" methods="2" coveredmethods="2"/>
        <line num="6" count="27" type="stmt"/>
        <line num="8" count="27" type="cond" truecount="2" falsecount="0"/>
        <line num="9" count="1" type="stmt"/>
        <line num="16" count="26" type="stmt"/>
        <line num="18" count="26" type="stmt"/>
        <line num="39" count="26" type="cond" truecount="3" falsecount="0"/>
        <line num="41" count="20" type="stmt"/>
        <line num="43" count="2" type="stmt"/>
        <line num="45" count="4" type="stmt"/>
        <line num="49" count="2" type="stmt"/>
      </file>
      <file name="Screen.tsx" path="/home/user/Documents/passage/src/ui/components/Screen.tsx">
        <metrics statements="6" coveredstatements="6" conditionals="12" coveredconditionals="10" methods="1" coveredmethods="1"/>
        <line num="17" count="96" type="stmt"/>
        <line num="18" count="96" type="stmt"/>
        <line num="21" count="96" type="cond" truecount="4" falsecount="0"/>
        <line num="40" count="96" type="stmt"/>
        <line num="46" count="96" type="stmt"/>
        <line num="107" count="6" type="stmt"/>
      </file>
      <file name="SelectableOption.tsx" path="/home/user/Documents/passage/src/ui/components/SelectableOption.tsx">
        <metrics statements="2" coveredstatements="2" conditionals="9" coveredconditionals="9" methods="1" coveredmethods="1"/>
        <line num="24" count="111" type="stmt"/>
        <line num="26" count="111" type="stmt"/>
      </file>
      <file name="SentenceInput.tsx" path="/home/user/Documents/passage/src/ui/components/SentenceInput.tsx">
        <metrics statements="4" coveredstatements="4" conditionals="1" coveredconditionals="1" methods="1" coveredmethods="1"/>
        <line num="7" count="2" type="stmt"/>
        <line num="24" count="127" type="stmt"/>
        <line num="26" count="127" type="stmt"/>
        <line num="56" count="2" type="stmt"/>
      </file>
      <file name="TextField.tsx" path="/home/user/Documents/passage/src/ui/components/TextField.tsx">
        <metrics statements="3" coveredstatements="3" conditionals="2" coveredconditionals="2" methods="1" coveredmethods="1"/>
        <line num="10" count="178" type="stmt"/>
        <line num="12" count="178" type="stmt"/>
        <line num="32" count="4" type="stmt"/>
      </file>
    </package>
    <package name="src.usecases">
      <metrics statements="71" coveredstatements="69" conditionals="47" coveredconditionals="39" methods="15" coveredmethods="15"/>
      <file name="correctSeriesFor.ts" path="/home/user/Documents/passage/src/usecases/correctSeriesFor.ts">
        <metrics statements="9" coveredstatements="9" conditionals="4" coveredconditionals="2" methods="2" coveredmethods="2"/>
        <line num="11" count="20" type="stmt"/>
        <line num="12" count="20" type="stmt"/>
        <line num="14" count="100" type="stmt"/>
        <line num="21" count="13" type="stmt"/>
        <line num="23" count="7" type="stmt"/>
        <line num="24" count="7" type="stmt"/>
        <line num="27" count="13" type="stmt"/>
        <line num="28" count="13" type="cond" truecount="1" falsecount="1"/>
        <line num="29" count="13" type="stmt"/>
      </file>
      <file name="generateSeriesFor.ts" path="/home/user/Documents/passage/src/usecases/generateSeriesFor.ts">
        <metrics statements="7" coveredstatements="7" conditionals="2" coveredconditionals="2" methods="2" coveredmethods="2"/>
        <line num="7" count="5" type="stmt"/>
        <line num="10" count="5" type="stmt"/>
        <line num="13" count="31" type="cond" truecount="2" falsecount="0"/>
        <line num="14" count="31" type="stmt"/>
        <line num="24" count="25" type="stmt"/>
        <line num="26" count="25" type="stmt"/>
        <line num="32" count="20" type="stmt"/>
      </file>
      <file name="getTodaySeries.ts" path="/home/user/Documents/passage/src/usecases/getTodaySeries.ts">
        <metrics statements="7" coveredstatements="7" conditionals="6" coveredconditionals="6" methods="1" coveredmethods="1"/>
        <line num="7" count="21" type="stmt"/>
        <line num="11" count="21" type="stmt"/>
        <line num="13" count="21" type="stmt"/>
        <line num="14" count="21" type="cond" truecount="2" falsecount="0"/>
        <line num="18" count="7" type="cond" truecount="4" falsecount="0"/>
        <line num="20" count="2" type="stmt"/>
        <line num="23" count="16" type="stmt"/>
      </file>
      <file name="prefetchTomorrow.ts" path="/home/user/Documents/passage/src/usecases/prefetchTomorrow.ts">
        <metrics statements="4" coveredstatements="4" conditionals="2" coveredconditionals="2" methods="1" coveredmethods="1"/>
        <line num="14" count="10" type="stmt"/>
        <line num="15" count="10" type="cond" truecount="2" falsecount="0"/>
        <line num="17" count="9" type="stmt"/>
        <line num="18" count="9" type="stmt"/>
      </file>
      <file name="reminders.ts" path="/home/user/Documents/passage/src/usecases/reminders.ts">
        <metrics statements="29" coveredstatements="27" conditionals="29" coveredconditionals="24" methods="5" coveredmethods="5"/>
        <line num="11" count="7" type="stmt"/>
        <line num="13" count="7" type="stmt"/>
        <line num="16" count="0" type="stmt"/>
        <line num="18" count="7" type="stmt"/>
        <line num="23" count="7" type="cond" truecount="1" falsecount="1"/>
        <line num="25" count="7" type="stmt"/>
        <line num="29" count="7" type="stmt"/>
        <line num="31" count="0" type="stmt"/>
        <line num="43" count="18" type="stmt"/>
        <line num="44" count="18" type="cond" truecount="2" falsecount="0"/>
        <line num="45" count="14" type="cond" truecount="2" falsecount="0"/>
        <line num="47" count="10" type="stmt"/>
        <line num="48" count="10" type="cond" truecount="4" falsecount="0"/>
        <line num="53" count="7" type="cond" truecount="5" falsecount="0"/>
        <line num="54" count="5" type="cond" truecount="4" falsecount="1"/>
        <line num="56" count="5" type="stmt"/>
        <line num="57" count="5" type="cond" truecount="1" falsecount="1"/>
        <line num="59" count="5" type="stmt"/>
        <line num="60" count="5" type="stmt"/>
        <line num="62" count="4" type="cond" truecount="2" falsecount="0"/>
        <line num="63" count="4" type="cond" truecount="2" falsecount="0"/>
        <line num="65" count="3" type="stmt"/>
        <line num="66" count="3" type="stmt"/>
        <line num="78" count="3" type="stmt"/>
        <line num="80" count="1" type="stmt"/>
        <line num="85" count="2" type="stmt"/>
        <line num="86" count="2" type="cond" truecount="1" falsecount="1"/>
        <line num="88" count="2" type="stmt"/>
        <line num="89" count="2" type="stmt"/>
      </file>
      <file name="retryPendingCorrection.ts" path="/home/user/Documents/passage/src/usecases/retryPendingCorrection.ts">
        <metrics statements="8" coveredstatements="8" conditionals="2" coveredconditionals="2" methods="3" coveredmethods="3"/>
        <line num="17" count="8" type="stmt"/>
        <line num="20" count="14" type="cond" truecount="2" falsecount="0"/>
        <line num="22" count="8" type="stmt"/>
        <line num="24" count="8" type="stmt"/>
        <line num="25" count="9" type="stmt"/>
        <line num="26" count="9" type="stmt"/>
        <line num="27" count="7" type="stmt"/>
        <line num="34" count="8" type="stmt"/>
      </file>
      <file name="submitAnswers.ts" path="/home/user/Documents/passage/src/usecases/submitAnswers.ts">
        <metrics statements="7" coveredstatements="7" conditionals="2" coveredconditionals="1" methods="1" coveredmethods="1"/>
        <line num="13" count="11" type="stmt"/>
        <line num="14" count="11" type="stmt"/>
        <line num="19" count="11" type="stmt"/>
        <line num="20" count="11" type="cond" truecount="1" falsecount="1"/>
        <line num="22" count="11" type="stmt"/>
        <line num="25" count="6" type="stmt"/>
        <line num="27" count="6" type="stmt"/>
      </file>
    </package>
    <package name="src.usecases.__tests__">
      <metrics statements="12" coveredstatements="12" conditionals="1" coveredconditionals="1" methods="6" coveredmethods="6"/>
      <file name="fixtures.ts" path="/home/user/Documents/passage/src/usecases/__tests__/fixtures.ts">
        <metrics statements="12" coveredstatements="12" conditionals="1" coveredconditionals="1" methods="6" coveredmethods="6"/>
        <line num="10" count="15" type="stmt"/>
        <line num="16" count="15" type="stmt"/>
        <line num="21" count="15" type="stmt"/>
        <line num="39" count="33" type="stmt"/>
        <line num="40" count="33" type="stmt"/>
        <line num="42" count="33" type="stmt"/>
        <line num="43" count="33" type="stmt"/>
        <line num="47" count="33" type="stmt"/>
        <line num="52" count="33" type="stmt"/>
        <line num="53" count="92" type="stmt"/>
        <line num="55" count="33" type="stmt"/>
        <line num="60" count="1" type="stmt"/>
      </file>
    </package>
  </project>
</coverage>
