{"/home/user/Documents/passage/app/history.tsx": {"path":"/home/user/Documents/passage/app/history.tsx","statementMap":{"0":{"start":{"line":15,"column":23},"end":{"line":15,"column":25}},"1":{"start":{"line":18,"column":19},"end":{"line":18,"column":27}},"2":{"start":{"line":19,"column":2},"end":{"line":19,"column":25}},"3":{"start":{"line":19,"column":13},"end":{"line":19,"column":25}},"4":{"start":{"line":20,"column":2},"end":{"line":20,"column":26}},"5":{"start":{"line":24,"column":15},"end":{"line":24,"column":24}},"6":{"start":{"line":25,"column":16},"end":{"line":25,"column":33}},"7":{"start":{"line":26,"column":17},"end":{"line":26,"column":28}},"8":{"start":{"line":28,"column":38},"end":{"line":28,"column":49}},"9":{"start":{"line":29,"column":2},"end":{"line":29,"column":72}},"10":{"start":{"line":29,"column":38},"end":{"line":29,"column":65}},"11":{"start":{"line":29,"column":59},"end":{"line":29,"column":64}},"12":{"start":{"line":32,"column":17},"end":{"line":32,"column":76}},"13":{"start":{"line":32,"column":31},"end":{"line":32,"column":55}},"14":{"start":{"line":33,"column":17},"end":{"line":33,"column":38}},"15":{"start":{"line":36,"column":19},"end":{"line":40,"column":3}},"16":{"start":{"line":37,"column":10},"end":{"line":37,"column":68}},"17":{"start":{"line":42,"column":18},"end":{"line":42,"column":60}},"18":{"start":{"line":42,"column":49},"end":{"line":42,"column":58}},"19":{"start":{"line":44,"column":2},"end":{"line":117,"column":4}},"20":{"start":{"line":52,"column":72},"end":{"line":52,"column":91}},"21":{"start":{"line":74,"column":16},"end":{"line":91,"column":28}},"22":{"start":{"line":78,"column":33},"end":{"line":78,"column":72}},"23":{"start":{"line":104,"column":12},"end":{"line":106,"column":19}},"24":{"start":{"line":111,"column":32},"end":{"line":111,"column":56}},"25":{"start":{"line":124,"column":2},"end":{"line":131,"column":3}},"26":{"start":{"line":126,"column":6},"end":{"line":126,"column":32}},"27":{"start":{"line":128,"column":6},"end":{"line":128,"column":31}},"28":{"start":{"line":130,"column":6},"end":{"line":130,"column":30}}},"fnMap":{"0":{"name":"History","decl":{"start":{"line":17,"column":24},"end":{"line":17,"column":31}},"loc":{"start":{"line":17,"column":34},"end":{"line":21,"column":1}},"line":17},"1":{"name":"HistoryReady","decl":{"start":{"line":23,"column":9},"end":{"line":23,"column":21}},"loc":{"start":{"line":23,"column":24},"end":{"line":118,"column":1}},"line":23},"2":{"name":"(anonymous_2)","decl":{"start":{"line":29,"column":32},"end":{"line":29,"column":33}},"loc":{"start":{"line":29,"column":38},"end":{"line":29,"column":65}},"line":29},"3":{"name":"(anonymous_3)","decl":{"start":{"line":29,"column":52},"end":{"line":29,"column":53}},"loc":{"start":{"line":29,"column":59},"end":{"line":29,"column":64}},"line":29},"4":{"name":"(anonymous_4)","decl":{"start":{"line":32,"column":25},"end":{"line":32,"column":26}},"loc":{"start":{"line":32,"column":31},"end":{"line":32,"column":55}},"line":32},"5":{"name":"(anonymous_5)","decl":{"start":{"line":37,"column":4},"end":{"line":37,"column":5}},"loc":{"start":{"line":37,"column":10},"end":{"line":37,"column":68}},"line":37},"6":{"name":"(anonymous_6)","decl":{"start":{"line":42,"column":42},"end":{"line":42,"column":43}},"loc":{"start":{"line":42,"column":49},"end":{"line":42,"column":58}},"line":42},"7":{"name":"(anonymous_7)","decl":{"start":{"line":52,"column":66},"end":{"line":52,"column":67}},"loc":{"start":{"line":52,"column":72},"end":{"line":52,"column":91}},"line":52},"8":{"name":"(anonymous_8)","decl":{"start":{"line":73,"column":26},"end":{"line":73,"column":27}},"loc":{"start":{"line":74,"column":16},"end":{"line":91,"column":28}},"line":74},"9":{"name":"(anonymous_9)","decl":{"start":{"line":78,"column":27},"end":{"line":78,"column":28}},"loc":{"start":{"line":78,"column":33},"end":{"line":78,"column":72}},"line":78},"10":{"name":"(anonymous_10)","decl":{"start":{"line":103,"column":24},"end":{"line":103,"column":25}},"loc":{"start":{"line":104,"column":12},"end":{"line":106,"column":19}},"line":104},"11":{"name":"(anonymous_11)","decl":{"start":{"line":111,"column":26},"end":{"line":111,"column":27}},"loc":{"start":{"line":111,"column":32},"end":{"line":111,"column":56}},"line":111},"12":{"name":"tint","decl":{"start":{"line":120,"column":9},"end":{"line":120,"column":13}},"loc":{"start":{"line":123,"column":10},"end":{"line":132,"column":1}},"line":123}},"branchMap":{"0":{"loc":{"start":{"line":19,"column":2},"end":{"line":19,"column":25}},"type":"if","locations":[{"start":{"line":19,"column":2},"end":{"line":19,"column":25}},{"start":{},"end":{}}],"line":19},"1":{"loc":{"start":{"line":48,"column":8},"end":{"line":50,"column":52}},"type":"cond-expr","locations":[{"start":{"line":49,"column":12},"end":{"line":49,"column":93}},{"start":{"line":50,"column":12},"end":{"line":50,"column":52}}],"line":48},"2":{"loc":{"start":{"line":49,"column":37},"end":{"line":49,"column":65}},"type":"cond-expr","locations":[{"start":{"line":49,"column":57},"end":{"line":49,"column":60}},{"start":{"line":49,"column":63},"end":{"line":49,"column":65}}],"line":49},"3":{"loc":{"start":{"line":54,"column":7},"end":{"line":96,"column":14}},"type":"cond-expr","locations":[{"start":{"line":55,"column":8},"end":{"line":95,"column":11}},{"start":{"line":96,"column":10},"end":{"line":96,"column":14}}],"line":54},"4":{"loc":{"start":{"line":98,"column":7},"end":{"line":109,"column":14}},"type":"cond-expr","locations":[{"start":{"line":99,"column":8},"end":{"line":108,"column":15}},{"start":{"line":109,"column":10},"end":{"line":109,"column":14}}],"line":98},"5":{"loc":{"start":{"line":124,"column":2},"end":{"line":131,"column":3}},"type":"switch","locations":[{"start":{"line":125,"column":4},"end":{"line":126,"column":32}},{"start":{"line":127,"column":4},"end":{"line":128,"column":31}},{"start":{"line":129,"column":4},"end":{"line":130,"column":30}}],"line":124}},"s":{"0":1,"1":4,"2":4,"3":0,"4":4,"5":8,"6":8,"7":8,"8":8,"9":8,"10":4,"11":4,"12":8,"13":8,"14":8,"15":8,"16":8,"17":8,"18":16,"19":8,"20":0,"21":16,"22":1,"23":4,"24":0,"25":16,"26":10,"27":6,"28":0},"f":{"0":4,"1":8,"2":4,"3":4,"4":8,"5":8,"6":16,"7":0,"8":16,"9":1,"10":4,"11":0,"12":16},"b":{"0":[0,4],"1":[6,2],"2":[4,2],"3":[6,2],"4":[2,6],"5":[10,6,0]},"_coverageSchema":"1a1c01bbd47fc00a2c39e90264f33305004495a9","hash":"dde40345f460c0840029e000b218c7ba8d732cf6"}
,"/home/user/Documents/passage/app/index.tsx": {"path":"/home/user/Documents/passage/app/index.tsx","statementMap":{"0":{"start":{"line":18,"column":22},"end":{"line":18,"column":25}},"1":{"start":{"line":21,"column":30},"end":{"line":21,"column":38}},"2":{"start":{"line":22,"column":2},"end":{"line":22,"column":30}},"3":{"start":{"line":22,"column":18},"end":{"line":22,"column":30}},"4":{"start":{"line":23,"column":2},"end":{"line":23,"column":24}},"5":{"start":{"line":27,"column":15},"end":{"line":27,"column":24}},"6":{"start":{"line":28,"column":16},"end":{"line":28,"column":33}},"7":{"start":{"line":29,"column":17},"end":{"line":29,"column":28}},"8":{"start":{"line":31,"column":30},"end":{"line":31,"column":65}},"9":{"start":{"line":34,"column":20},"end":{"line":34,"column":53}},"10":{"start":{"line":35,"column":30},"end":{"line":35,"column":66}},"11":{"start":{"line":36,"column":28},"end":{"line":36,"column":59}},"12":{"start":{"line":37,"column":32},"end":{"line":37,"column":46}},"13":{"start":{"line":38,"column":38},"end":{"line":38,"column":53}},"14":{"start":{"line":40,"column":2},"end":{"line":42,"column":15}},"15":{"start":{"line":41,"column":4},"end":{"line":41,"column":31}},"16":{"start":{"line":46,"column":21},"end":{"line":46,"column":77}},"17":{"start":{"line":47,"column":23},"end":{"line":47,"column":56}},"18":{"start":{"line":49,"column":15},"end":{"line":63,"column":12}},"19":{"start":{"line":50,"column":4},"end":{"line":50,"column":21}},"20":{"start":{"line":51,"column":4},"end":{"line":51,"column":19}},"21":{"start":{"line":52,"column":4},"end":{"line":62,"column":5}},"22":{"start":{"line":53,"column":20},"end":{"line":53,"column":46}},"23":{"start":{"line":54,"column":6},"end":{"line":54,"column":23}},"24":{"start":{"line":55,"column":6},"end":{"line":57,"column":8}},"25":{"start":{"line":56,"column":54},"end":{"line":56,"column":83}},"26":{"start":{"line":59,"column":6},"end":{"line":59,"column":70}},"27":{"start":{"line":61,"column":6},"end":{"line":61,"column":24}},"28":{"start":{"line":65,"column":28},"end":{"line":76,"column":12}},"29":{"start":{"line":66,"column":19},"end":{"line":66,"column":37}},"30":{"start":{"line":67,"column":20},"end":{"line":67,"column":40}},"31":{"start":{"line":68,"column":4},"end":{"line":68,"column":35}},"32":{"start":{"line":68,"column":28},"end":{"line":68,"column":35}},"33":{"start":{"line":70,"column":4},"end":{"line":70,"column":61}},"34":{"start":{"line":70,"column":41},"end":{"line":70,"column":61}},"35":{"start":{"line":71,"column":4},"end":{"line":71,"column":19}},"36":{"start":{"line":73,"column":20},"end":{"line":73,"column":96}},"37":{"start":{"line":73,"column":73},"end":{"line":73,"column":94}},"38":{"start":{"line":74,"column":4},"end":{"line":74,"column":20}},"39":{"start":{"line":75,"column":4},"end":{"line":75,"column":82}},"40":{"start":{"line":75,"column":27},"end":{"line":75,"column":82}},"41":{"start":{"line":79,"column":2},"end":{"line":79,"column":58}},"42":{"start":{"line":79,"column":18},"end":{"line":79,"column":35}},"43":{"start":{"line":84,"column":2},"end":{"line":89,"column":4}},"44":{"start":{"line":86,"column":6},"end":{"line":86,"column":18}},"45":{"start":{"line":91,"column":19},"end":{"line":108,"column":3}},"46":{"start":{"line":92,"column":4},"end":{"line":92,"column":64}},"47":{"start":{"line":92,"column":28},"end":{"line":92,"column":61}},"48":{"start":{"line":93,"column":4},"end":{"line":93,"column":24}},"49":{"start":{"line":93,"column":17},"end":{"line":93,"column":24}},"50":{"start":{"line":95,"column":4},"end":{"line":95,"column":46}},"51":{"start":{"line":97,"column":21},"end":{"line":97,"column":53}},"52":{"start":{"line":98,"column":4},"end":{"line":98,"column":41}},"53":{"start":{"line":98,"column":18},"end":{"line":98,"column":41}},"54":{"start":{"line":100,"column":4},"end":{"line":107,"column":6}},"55":{"start":{"line":103,"column":8},"end":{"line":103,"column":44}},"56":{"start":{"line":104,"column":8},"end":{"line":104,"column":46}},"57":{"start":{"line":105,"column":8},"end":{"line":105,"column":75}},"58":{"start":{"line":111,"column":4},"end":{"line":111,"column":98}},"59":{"start":{"line":111,"column":53},"end":{"line":111,"column":97}},"60":{"start":{"line":113,"column":19},"end":{"line":132,"column":3}},"61":{"start":{"line":114,"column":4},"end":{"line":114,"column":24}},"62":{"start":{"line":114,"column":17},"end":{"line":114,"column":24}},"63":{"start":{"line":115,"column":4},"end":{"line":115,"column":24}},"64":{"start":{"line":116,"column":4},"end":{"line":116,"column":19}},"65":{"start":{"line":117,"column":4},"end":{"line":131,"column":5}},"66":{"start":{"line":118,"column":6},"end":{"line":125,"column":8}},"67":{"start":{"line":121,"column":37},"end":{"line":124,"column":9}},"68":{"start":{"line":126,"column":6},"end":{"line":126,"column":50}},"69":{"start":{"line":128,"column":6},"end":{"line":128,"column":70}},"70":{"start":{"line":130,"column":6},"end":{"line":130,"column":27}},"71":{"start":{"line":134,"column":2},"end":{"line":145,"column":3}},"72":{"start":{"line":135,"column":4},"end":{"line":144,"column":6}},"73":{"start":{"line":147,"column":2},"end":{"line":153,"column":3}},"74":{"start":{"line":148,"column":4},"end":{"line":152,"column":6}},"75":{"start":{"line":155,"column":2},"end":{"line":155,"column":27}},"76":{"start":{"line":155,"column":15},"end":{"line":155,"column":27}},"77":{"start":{"line":159,"column":2},"end":{"line":159,"column":74}},"78":{"start":{"line":159,"column":37},"end":{"line":159,"column":74}},"79":{"start":{"line":161,"column":2},"end":{"line":197,"column":4}},"80":{"start":{"line":179,"column":10},"end":{"line":187,"column":12}},"81":{"start":{"line":185,"column":33},"end":{"line":185,"column":67}},"82":{"start":{"line":190,"column":34},"end":{"line":190,"column":57}},"83":{"start":{"line":201,"column":16},"end":{"line":201,"column":33}},"84":{"start":{"line":202,"column":17},"end":{"line":202,"column":28}},"85":{"start":{"line":204,"column":18},"end":{"line":204,"column":68}},"86":{"start":{"line":204,"column":59},"end":{"line":204,"column":66}},"87":{"start":{"line":205,"column":17},"end":{"line":205,"column":28}},"88":{"start":{"line":207,"column":2},"end":{"line":230,"column":4}},"89":{"start":{"line":222,"column":23},"end":{"line":222,"column":63}},"90":{"start":{"line":227,"column":23},"end":{"line":227,"column":46}},"91":{"start":{"line":234,"column":16},"end":{"line":234,"column":33}},"92":{"start":{"line":235,"column":17},"end":{"line":235,"column":28}},"93":{"start":{"line":237,"column":2},"end":{"line":250,"column":4}},"94":{"start":{"line":246,"column":25},"end":{"line":246,"column":49}},"95":{"start":{"line":254,"column":16},"end":{"line":254,"column":33}},"96":{"start":{"line":255,"column":2},"end":{"line":261,"column":4}}},"fnMap":{"0":{"name":"Today","decl":{"start":{"line":20,"column":24},"end":{"line":20,"column":29}},"loc":{"start":{"line":20,"column":32},"end":{"line":24,"column":1}},"line":20},"1":{"name":"TodayReady","decl":{"start":{"line":26,"column":9},"end":{"line":26,"column":19}},"loc":{"start":{"line":26,"column":22},"end":{"line":198,"column":1}},"line":26},"2":{"name":"(anonymous_2)","decl":{"start":{"line":40,"column":12},"end":{"line":40,"column":13}},"loc":{"start":{"line":40,"column":18},"end":{"line":42,"column":3}},"line":40},"3":{"name":"(anonymous_3)","decl":{"start":{"line":49,"column":27},"end":{"line":49,"column":28}},"loc":{"start":{"line":49,"column":39},"end":{"line":63,"column":3}},"line":49},"4":{"name":"(anonymous_4)","decl":{"start":{"line":56,"column":47},"end":{"line":56,"column":48}},"loc":{"start":{"line":56,"column":54},"end":{"line":56,"column":83}},"line":56},"5":{"name":"(anonymous_5)","decl":{"start":{"line":65,"column":40},"end":{"line":65,"column":41}},"loc":{"start":{"line":65,"column":46},"end":{"line":76,"column":3}},"line":65},"6":{"name":"(anonymous_6)","decl":{"start":{"line":73,"column":47},"end":{"line":73,"column":48}},"loc":{"start":{"line":73,"column":73},"end":{"line":73,"column":94}},"line":73},"7":{"name":"(anonymous_7)","decl":{"start":{"line":79,"column":12},"end":{"line":79,"column":13}},"loc":{"start":{"line":79,"column":18},"end":{"line":79,"column":35}},"line":79},"8":{"name":"(anonymous_8)","decl":{"start":{"line":85,"column":16},"end":{"line":85,"column":17}},"loc":{"start":{"line":85,"column":22},"end":{"line":87,"column":5}},"line":85},"9":{"name":"(anonymous_9)","decl":{"start":{"line":91,"column":19},"end":{"line":91,"column":20}},"loc":{"start":{"line":91,"column":56},"end":{"line":108,"column":3}},"line":91},"10":{"name":"(anonymous_10)","decl":{"start":{"line":92,"column":14},"end":{"line":92,"column":15}},"loc":{"start":{"line":92,"column":28},"end":{"line":92,"column":61}},"line":92},"11":{"name":"(anonymous_11)","decl":{"start":{"line":102,"column":17},"end":{"line":102,"column":18}},"loc":{"start":{"line":102,"column":23},"end":{"line":106,"column":7}},"line":102},"12":{"name":"(anonymous_12)","decl":{"start":{"line":111,"column":46},"end":{"line":111,"column":47}},"loc":{"start":{"line":111,"column":53},"end":{"line":111,"column":97}},"line":111},"13":{"name":"(anonymous_13)","decl":{"start":{"line":113,"column":19},"end":{"line":113,"column":20}},"loc":{"start":{"line":113,"column":31},"end":{"line":132,"column":3}},"line":113},"14":{"name":"(anonymous_14)","decl":{"start":{"line":121,"column":29},"end":{"line":121,"column":30}},"loc":{"start":{"line":121,"column":37},"end":{"line":124,"column":9}},"line":121},"15":{"name":"(anonymous_15)","decl":{"start":{"line":178,"column":30},"end":{"line":178,"column":31}},"loc":{"start":{"line":179,"column":10},"end":{"line":187,"column":12}},"line":179},"16":{"name":"(anonymous_16)","decl":{"start":{"line":185,"column":22},"end":{"line":185,"column":23}},"loc":{"start":{"line":185,"column":33},"end":{"line":185,"column":67}},"line":185},"17":{"name":"(anonymous_17)","decl":{"start":{"line":190,"column":28},"end":{"line":190,"column":29}},"loc":{"start":{"line":190,"column":34},"end":{"line":190,"column":57}},"line":190},"18":{"name":"DoneToday","decl":{"start":{"line":200,"column":9},"end":{"line":200,"column":18}},"loc":{"start":{"line":200,"column":57},"end":{"line":231,"column":1}},"line":200},"19":{"name":"(anonymous_19)","decl":{"start":{"line":204,"column":52},"end":{"line":204,"column":53}},"loc":{"start":{"line":204,"column":59},"end":{"line":204,"column":66}},"line":204},"20":{"name":"(anonymous_20)","decl":{"start":{"line":222,"column":17},"end":{"line":222,"column":18}},"loc":{"start":{"line":222,"column":23},"end":{"line":222,"column":63}},"line":222},"21":{"name":"(anonymous_21)","decl":{"start":{"line":227,"column":17},"end":{"line":227,"column":18}},"loc":{"start":{"line":227,"column":23},"end":{"line":227,"column":46}},"line":227},"22":{"name":"ErrorCard","decl":{"start":{"line":233,"column":9},"end":{"line":233,"column":18}},"loc":{"start":{"line":233,"column":81},"end":{"line":251,"column":1}},"line":233},"23":{"name":"(anonymous_23)","decl":{"start":{"line":246,"column":19},"end":{"line":246,"column":20}},"loc":{"start":{"line":246,"column":25},"end":{"line":246,"column":49}},"line":246},"24":{"name":"ErrorLine","decl":{"start":{"line":253,"column":9},"end":{"line":253,"column":18}},"loc":{"start":{"line":253,"column":51},"end":{"line":262,"column":1}},"line":253}},"branchMap":{"0":{"loc":{"start":{"line":22,"column":2},"end":{"line":22,"column":30}},"type":"if","locations":[{"start":{"line":22,"column":2},"end":{"line":22,"column":30}},{"start":{},"end":{}}],"line":22},"1":{"loc":{"start":{"line":56,"column":67},"end":{"line":56,"column":82}},"type":"binary-expr","locations":[{"start":{"line":56,"column":67},"end":{"line":56,"column":76}},{"start":{"line":56,"column":80},"end":{"line":56,"column":82}}],"line":56},"2":{"loc":{"start":{"line":59,"column":15},"end":{"line":59,"column":68}},"type":"cond-expr","locations":[{"start":{"line":59,"column":39},"end":{"line":59,"column":40}},{"start":{"line":59,"column":43},"end":{"line":59,"column":68}}],"line":59},"3":{"loc":{"start":{"line":68,"column":4},"end":{"line":68,"column":35}},"type":"if","locations":[{"start":{"line":68,"column":4},"end":{"line":68,"column":35}},{"start":{},"end":{}}],"line":68},"4":{"loc":{"start":{"line":75,"column":4},"end":{"line":75,"column":82}},"type":"if","locations":[{"start":{"line":75,"column":4},"end":{"line":75,"column":82}},{"start":{},"end":{}}],"line":75},"5":{"loc":{"start":{"line":93,"column":4},"end":{"line":93,"column":24}},"type":"if","locations":[{"start":{"line":93,"column":4},"end":{"line":93,"column":24}},{"start":{},"end":{}}],"line":93},"6":{"loc":{"start":{"line":98,"column":4},"end":{"line":98,"column":41}},"type":"if","locations":[{"start":{"line":98,"column":4},"end":{"line":98,"column":41}},{"start":{},"end":{}}],"line":98},"7":{"loc":{"start":{"line":111,"column":4},"end":{"line":111,"column":98}},"type":"binary-expr","locations":[{"start":{"line":111,"column":4},"end":{"line":111,"column":19}},{"start":{"line":111,"column":23},"end":{"line":111,"column":98}}],"line":111},"8":{"loc":{"start":{"line":111,"column":54},"end":{"line":111,"column":78}},"type":"binary-expr","locations":[{"start":{"line":111,"column":54},"end":{"line":111,"column":72}},{"start":{"line":111,"column":76},"end":{"line":111,"column":78}}],"line":111},"9":{"loc":{"start":{"line":114,"column":4},"end":{"line":114,"column":24}},"type":"if","locations":[{"start":{"line":114,"column":4},"end":{"line":114,"column":24}},{"start":{},"end":{}}],"line":114},"10":{"loc":{"start":{"line":123,"column":20},"end":{"line":123,"column":44}},"type":"binary-expr","locations":[{"start":{"line":123,"column":20},"end":{"line":123,"column":38}},{"start":{"line":123,"column":42},"end":{"line":123,"column":44}}],"line":123},"11":{"loc":{"start":{"line":128,"column":15},"end":{"line":128,"column":68}},"type":"cond-expr","locations":[{"start":{"line":128,"column":39},"end":{"line":128,"column":40}},{"start":{"line":128,"column":43},"end":{"line":128,"column":68}}],"line":128},"12":{"loc":{"start":{"line":134,"column":2},"end":{"line":145,"column":3}},"type":"if","locations":[{"start":{"line":134,"column":2},"end":{"line":145,"column":3}},{"start":{},"end":{}}],"line":134},"13":{"loc":{"start":{"line":147,"column":2},"end":{"line":153,"column":3}},"type":"if","locations":[{"start":{"line":147,"column":2},"end":{"line":153,"column":3}},{"start":{},"end":{}}],"line":147},"14":{"loc":{"start":{"line":147,"column":6},"end":{"line":147,"column":22}},"type":"binary-expr","locations":[{"start":{"line":147,"column":6},"end":{"line":147,"column":11}},{"start":{"line":147,"column":15},"end":{"line":147,"column":22}}],"line":147},"15":{"loc":{"start":{"line":155,"column":2},"end":{"line":155,"column":27}},"type":"if","locations":[{"start":{"line":155,"column":2},"end":{"line":155,"column":27}},{"start":{},"end":{}}],"line":155},"16":{"loc":{"start":{"line":159,"column":2},"end":{"line":159,"column":74}},"type":"if","locations":[{"start":{"line":159,"column":2},"end":{"line":159,"column":74}},{"start":{},"end":{}}],"line":159},"17":{"loc":{"start":{"line":167,"column":11},"end":{"line":167,"column":53}},"type":"cond-expr","locations":[{"start":{"line":167,"column":19},"end":{"line":167,"column":46}},{"start":{"line":167,"column":49},"end":{"line":167,"column":53}}],"line":167},"18":{"loc":{"start":{"line":169,"column":19},"end":{"line":169,"column":89}},"type":"cond-expr","locations":[{"start":{"line":169,"column":32},"end":{"line":169,"column":54}},{"start":{"line":169,"column":57},"end":{"line":169,"column":89}}],"line":169},"19":{"loc":{"start":{"line":169,"column":57},"end":{"line":169,"column":89}},"type":"cond-expr","locations":[{"start":{"line":169,"column":65},"end":{"line":169,"column":76}},{"start":{"line":169,"column":79},"end":{"line":169,"column":89}}],"line":169},"20":{"loc":{"start":{"line":184,"column":19},"end":{"line":184,"column":50}},"type":"binary-expr","locations":[{"start":{"line":184,"column":19},"end":{"line":184,"column":44}},{"start":{"line":184,"column":48},"end":{"line":184,"column":50}}],"line":184},"21":{"loc":{"start":{"line":213,"column":11},"end":{"line":213,"column":25}},"type":"binary-expr","locations":[{"start":{"line":213,"column":11},"end":{"line":213,"column":18}},{"start":{"line":213,"column":22},"end":{"line":213,"column":25}}],"line":213},"22":{"loc":{"start":{"line":242,"column":7},"end":{"line":248,"column":14}},"type":"cond-expr","locations":[{"start":{"line":243,"column":8},"end":{"line":247,"column":10}},{"start":{"line":248,"column":10},"end":{"line":248,"column":14}}],"line":242},"23":{"loc":{"start":{"line":257,"column":7},"end":{"line":259,"column":23}},"type":"cond-expr","locations":[{"start":{"line":258,"column":10},"end":{"line":258,"column":91}},{"start":{"line":259,"column":10},"end":{"line":259,"column":23}}],"line":257}},"s":{"0":1,"1":10,"2":10,"3":0,"4":10,"5":38,"6":38,"7":38,"8":38,"9":38,"10":38,"11":38,"12":38,"13":38,"14":38,"15":18,"16":38,"17":38,"18":38,"19":10,"20":10,"21":10,"22":10,"23":8,"24":8,"25":40,"26":2,"27":10,"28":38,"29":20,"30":20,"31":20,"32":16,"33":4,"34":12,"35":4,"36":4,"37":12,"38":4,"39":4,"40":4,"41":38,"42":10,"43":38,"44":10,"45":38,"46":14,"47":14,"48":14,"49":0,"50":14,"51":14,"52":14,"53":0,"54":14,"55":2,"56":2,"57":2,"58":38,"59":78,"60":38,"61":2,"62":0,"63":2,"64":2,"65":2,"66":2,"67":10,"68":1,"69":1,"70":2,"71":38,"72":10,"73":28,"74":2,"75":26,"76":0,"77":26,"78":1,"79":25,"80":125,"81":14,"82":0,"83":1,"84":1,"85":1,"86":5,"87":1,"88":1,"89":0,"90":0,"91":2,"92":2,"93":2,"94":0,"95":1,"96":1},"f":{"0":10,"1":38,"2":18,"3":10,"4":40,"5":20,"6":12,"7":10,"8":10,"9":14,"10":14,"11":2,"12":78,"13":2,"14":10,"15":125,"16":14,"17":0,"18":1,"19":5,"20":0,"21":0,"22":2,"23":0,"24":1},"b":{"0":[0,10],"1":[40,35],"2":[2,0],"3":[16,4],"4":[4,0],"5":[0,14],"6":[0,14],"7":[38,26],"8":[78,0],"9":[0,2],"10":[10,0],"11":[1,0],"12":[10,28],"13":[2,26],"14":[28,3],"15":[0,26],"16":[1,25],"17":[1,24],"18":[2,23],"19":[1,22],"20":[125,0],"21":[1,0],"22":[1,1],"23":[1,0]},"_coverageSchema":"1a1c01bbd47fc00a2c39e90264f33305004495a9","hash":"ecf1506ee15d4cdd9d4e26931af7f9d796462943"}
,"/home/user/Documents/passage/app/onboarding.tsx": {"path":"/home/user/Documents/passage/app/onboarding.tsx","statementMap":{"0":{"start":{"line":19,"column":16},"end":{"line":19,"column":33}},"1":{"start":{"line":20,"column":41},"end":{"line":20,"column":49}},"2":{"start":{"line":22,"column":26},"end":{"line":22,"column":47}},"3":{"start":{"line":23,"column":24},"end":{"line":23,"column":36}},"4":{"start":{"line":24,"column":28},"end":{"line":24,"column":49}},"5":{"start":{"line":25,"column":26},"end":{"line":25,"column":40}},"6":{"start":{"line":26,"column":34},"end":{"line":26,"column":49}},"7":{"start":{"line":27,"column":30},"end":{"line":27,"column":45}},"8":{"start":{"line":28,"column":28},"end":{"line":28,"column":57}},"9":{"start":{"line":31,"column":22},"end":{"line":46,"column":3}},"10":{"start":{"line":32,"column":4},"end":{"line":32,"column":22}},"11":{"start":{"line":33,"column":4},"end":{"line":33,"column":19}},"12":{"start":{"line":34,"column":4},"end":{"line":45,"column":5}},"13":{"start":{"line":35,"column":6},"end":{"line":39,"column":9}},"14":{"start":{"line":40,"column":6},"end":{"line":40,"column":23}},"15":{"start":{"line":42,"column":6},"end":{"line":42,"column":80}},"16":{"start":{"line":44,"column":6},"end":{"line":44,"column":25}},"17":{"start":{"line":48,"column":17},"end":{"line":58,"column":3}},"18":{"start":{"line":49,"column":4},"end":{"line":49,"column":20}},"19":{"start":{"line":50,"column":4},"end":{"line":50,"column":19}},"20":{"start":{"line":51,"column":4},"end":{"line":57,"column":5}},"21":{"start":{"line":52,"column":6},"end":{"line":52,"column":82}},"22":{"start":{"line":53,"column":6},"end":{"line":53,"column":28}},"23":{"start":{"line":55,"column":6},"end":{"line":55,"column":64}},"24":{"start":{"line":56,"column":6},"end":{"line":56,"column":23}},"25":{"start":{"line":60,"column":2},"end":{"line":146,"column":4}},"26":{"start":{"line":110,"column":12},"end":{"line":115,"column":14}},"27":{"start":{"line":114,"column":29},"end":{"line":114,"column":48}},"28":{"start":{"line":117,"column":51},"end":{"line":117,"column":70}},"29":{"start":{"line":140,"column":27},"end":{"line":140,"column":40}}},"fnMap":{"0":{"name":"Onboarding","decl":{"start":{"line":18,"column":24},"end":{"line":18,"column":34}},"loc":{"start":{"line":18,"column":37},"end":{"line":147,"column":1}},"line":18},"1":{"name":"(anonymous_1)","decl":{"start":{"line":31,"column":22},"end":{"line":31,"column":23}},"loc":{"start":{"line":31,"column":34},"end":{"line":46,"column":3}},"line":31},"2":{"name":"(anonymous_2)","decl":{"start":{"line":48,"column":17},"end":{"line":48,"column":18}},"loc":{"start":{"line":48,"column":29},"end":{"line":58,"column":3}},"line":48},"3":{"name":"(anonymous_3)","decl":{"start":{"line":109,"column":27},"end":{"line":109,"column":28}},"loc":{"start":{"line":110,"column":12},"end":{"line":115,"column":14}},"line":110},"4":{"name":"(anonymous_4)","decl":{"start":{"line":114,"column":23},"end":{"line":114,"column":24}},"loc":{"start":{"line":114,"column":29},"end":{"line":114,"column":48}},"line":114},"5":{"name":"(anonymous_5)","decl":{"start":{"line":117,"column":45},"end":{"line":117,"column":46}},"loc":{"start":{"line":117,"column":51},"end":{"line":117,"column":70}},"line":117},"6":{"name":"(anonymous_6)","decl":{"start":{"line":140,"column":21},"end":{"line":140,"column":22}},"loc":{"start":{"line":140,"column":27},"end":{"line":140,"column":40}},"line":140}},"branchMap":{"0":{"loc":{"start":{"line":42,"column":15},"end":{"line":42,"column":78}},"type":"cond-expr","locations":[{"start":{"line":42,"column":39},"end":{"line":42,"column":48}},{"start":{"line":42,"column":51},"end":{"line":42,"column":78}}],"line":42},"1":{"loc":{"start":{"line":74,"column":7},"end":{"line":100,"column":14}},"type":"cond-expr","locations":[{"start":{"line":75,"column":8},"end":{"line":99,"column":15}},{"start":{"line":100,"column":10},"end":{"line":100,"column":14}}],"line":74},"2":{"loc":{"start":{"line":90,"column":11},"end":{"line":92,"column":18}},"type":"cond-expr","locations":[{"start":{"line":91,"column":12},"end":{"line":91,"column":90}},{"start":{"line":92,"column":14},"end":{"line":92,"column":18}}],"line":90},"3":{"loc":{"start":{"line":94,"column":19},"end":{"line":94,"column":71}},"type":"cond-expr","locations":[{"start":{"line":94,"column":30},"end":{"line":94,"column":45}},{"start":{"line":94,"column":48},"end":{"line":94,"column":71}}],"line":94},"4":{"loc":{"start":{"line":102,"column":7},"end":{"line":119,"column":14}},"type":"cond-expr","locations":[{"start":{"line":103,"column":8},"end":{"line":118,"column":15}},{"start":{"line":119,"column":10},"end":{"line":119,"column":14}}],"line":102},"5":{"loc":{"start":{"line":121,"column":7},"end":{"line":144,"column":14}},"type":"cond-expr","locations":[{"start":{"line":122,"column":8},"end":{"line":143,"column":15}},{"start":{"line":144,"column":10},"end":{"line":144,"column":14}}],"line":121},"6":{"loc":{"start":{"line":135,"column":11},"end":{"line":137,"column":18}},"type":"cond-expr","locations":[{"start":{"line":136,"column":12},"end":{"line":136,"column":90}},{"start":{"line":137,"column":14},"end":{"line":137,"column":18}}],"line":135},"7":{"loc":{"start":{"line":139,"column":19},"end":{"line":139,"column":59}},"type":"cond-expr","locations":[{"start":{"line":139,"column":28},"end":{"line":139,"column":45}},{"start":{"line":139,"column":48},"end":{"line":139,"column":59}}],"line":139}},"s":{"0":30,"1":30,"2":30,"3":30,"4":30,"5":30,"6":30,"7":30,"8":30,"9":30,"10":6,"11":6,"12":6,"13":6,"14":5,"15":1,"16":6,"17":30,"18":4,"19":4,"20":4,"21":4,"22":4,"23":0,"24":0,"25":30,"26":20,"27":0,"28":4,"29":4},"f":{"0":30,"1":6,"2":4,"3":20,"4":0,"5":4,"6":4},"b":{"0":[1,0],"1":[13,17],"2":[1,12],"3":[0,13],"4":[5,25],"5":[12,18],"6":[0,12],"7":[4,8]},"_coverageSchema":"1a1c01bbd47fc00a2c39e90264f33305004495a9","hash":"64bf72b37eff2ccdd41be5be4e813f4b87f0bf02"}
,"/home/user/Documents/passage/app/settings.tsx": {"path":"/home/user/Documents/passage/app/settings.tsx","statementMap":{"0":{"start":{"line":17,"column":54},"end":{"line":21,"column":1}},"1":{"start":{"line":24,"column":16},"end":{"line":24,"column":33}},"2":{"start":{"line":25,"column":17},"end":{"line":25,"column":28}},"3":{"start":{"line":26,"column":68},"end":{"line":26,"column":76}},"4":{"start":{"line":28,"column":30},"end":{"line":28,"column":42}},"5":{"start":{"line":29,"column":34},"end":{"line":29,"column":49}},"6":{"start":{"line":30,"column":26},"end":{"line":32,"column":3}},"7":{"start":{"line":36,"column":21},"end":{"line":56,"column":3}},"8":{"start":{"line":37,"column":4},"end":{"line":37,"column":43}},"9":{"start":{"line":37,"column":36},"end":{"line":37,"column":43}},"10":{"start":{"line":38,"column":4},"end":{"line":38,"column":22}},"11":{"start":{"line":39,"column":4},"end":{"line":55,"column":5}},"12":{"start":{"line":40,"column":6},"end":{"line":44,"column":9}},"13":{"start":{"line":45,"column":6},"end":{"line":45,"column":31}},"14":{"start":{"line":46,"column":6},"end":{"line":46,"column":20}},"15":{"start":{"line":47,"column":6},"end":{"line":47,"column":83}},"16":{"start":{"line":49,"column":6},"end":{"line":52,"column":8}},"17":{"start":{"line":54,"column":6},"end":{"line":54,"column":25}},"18":{"start":{"line":58,"column":23},"end":{"line":73,"column":3}},"19":{"start":{"line":59,"column":4},"end":{"line":72,"column":6}},"20":{"start":{"line":68,"column":12},"end":{"line":68,"column":35}},"21":{"start":{"line":75,"column":2},"end":{"line":167,"column":4}},"22":{"start":{"line":78,"column":72},"end":{"line":78,"column":91}},"23":{"start":{"line":86,"column":10},"end":{"line":91,"column":12}},"24":{"start":{"line":90,"column":27},"end":{"line":90,"column":67}},"25":{"start":{"line":99,"column":12},"end":{"line":116,"column":31}},"26":{"start":{"line":102,"column":29},"end":{"line":102,"column":65}},"27":{"start":{"line":128,"column":12},"end":{"line":128,"column":26}},"28":{"start":{"line":129,"column":12},"end":{"line":129,"column":70}},"29":{"start":{"line":153,"column":25},"end":{"line":153,"column":42}}},"fnMap":{"0":{"name":"SettingsScreen","decl":{"start":{"line":23,"column":24},"end":{"line":23,"column":38}},"loc":{"start":{"line":23,"column":41},"end":{"line":168,"column":1}},"line":23},"1":{"name":"(anonymous_1)","decl":{"start":{"line":36,"column":21},"end":{"line":36,"column":22}},"loc":{"start":{"line":36,"column":33},"end":{"line":56,"column":3}},"line":36},"2":{"name":"(anonymous_2)","decl":{"start":{"line":58,"column":23},"end":{"line":58,"column":24}},"loc":{"start":{"line":58,"column":29},"end":{"line":73,"column":3}},"line":58},"3":{"name":"(anonymous_3)","decl":{"start":{"line":67,"column":19},"end":{"line":67,"column":20}},"loc":{"start":{"line":67,"column":25},"end":{"line":69,"column":11}},"line":67},"4":{"name":"(anonymous_4)","decl":{"start":{"line":78,"column":66},"end":{"line":78,"column":67}},"loc":{"start":{"line":78,"column":72},"end":{"line":78,"column":91}},"line":78},"5":{"name":"(anonymous_5)","decl":{"start":{"line":85,"column":25},"end":{"line":85,"column":26}},"loc":{"start":{"line":86,"column":10},"end":{"line":91,"column":12}},"line":86},"6":{"name":"(anonymous_6)","decl":{"start":{"line":90,"column":21},"end":{"line":90,"column":22}},"loc":{"start":{"line":90,"column":27},"end":{"line":90,"column":67}},"line":90},"7":{"name":"(anonymous_7)","decl":{"start":{"line":98,"column":54},"end":{"line":98,"column":55}},"loc":{"start":{"line":99,"column":12},"end":{"line":116,"column":31}},"line":99},"8":{"name":"(anonymous_8)","decl":{"start":{"line":102,"column":23},"end":{"line":102,"column":24}},"loc":{"start":{"line":102,"column":29},"end":{"line":102,"column":65}},"line":102},"9":{"name":"(anonymous_9)","decl":{"start":{"line":127,"column":24},"end":{"line":127,"column":25}},"loc":{"start":{"line":127,"column":34},"end":{"line":130,"column":11}},"line":127},"10":{"name":"(anonymous_10)","decl":{"start":{"line":153,"column":19},"end":{"line":153,"column":20}},"loc":{"start":{"line":153,"column":25},"end":{"line":153,"column":42}},"line":153}},"branchMap":{"0":{"loc":{"start":{"line":31,"column":4},"end":{"line":31,"column":71}},"type":"cond-expr","locations":[{"start":{"line":31,"column":37},"end":{"line":31,"column":39}},{"start":{"line":31,"column":42},"end":{"line":31,"column":71}}],"line":31},"1":{"loc":{"start":{"line":37,"column":4},"end":{"line":37,"column":43}},"type":"if","locations":[{"start":{"line":37,"column":4},"end":{"line":37,"column":43}},{"start":{},"end":{}}],"line":37},"2":{"loc":{"start":{"line":51,"column":8},"end":{"line":51,"column":78}},"type":"cond-expr","locations":[{"start":{"line":51,"column":32},"end":{"line":51,"column":41}},{"start":{"line":51,"column":44},"end":{"line":51,"column":78}}],"line":51},"3":{"loc":{"start":{"line":110,"column":27},"end":{"line":110,"column":97}},"type":"cond-expr","locations":[{"start":{"line":110,"column":58},"end":{"line":110,"column":77}},{"start":{"line":110,"column":80},"end":{"line":110,"column":97}}],"line":110},"4":{"loc":{"start":{"line":151,"column":17},"end":{"line":151,"column":76}},"type":"cond-expr","locations":[{"start":{"line":151,"column":28},"end":{"line":151,"column":43}},{"start":{"line":151,"column":46},"end":{"line":151,"column":76}}],"line":151}},"s":{"0":1,"1":14,"2":14,"3":14,"4":14,"5":14,"6":14,"7":14,"8":2,"9":0,"10":2,"11":2,"12":2,"13":1,"14":1,"15":1,"16":1,"17":2,"18":14,"19":2,"20":1,"21":14,"22":0,"23":56,"24":1,"25":42,"26":1,"27":2,"28":2,"29":2},"f":{"0":14,"1":2,"2":2,"3":1,"4":0,"5":56,"6":1,"7":42,"8":1,"9":2,"10":2},"b":{"0":[0,14],"1":[0,2],"2":[1,0],"3":[14,28],"4":[0,14]},"_coverageSchema":"1a1c01bbd47fc00a2c39e90264f33305004495a9","hash":"bf826f6729099375220aa6c3095bed7801ab4a6c"}
,"/home/user/Documents/passage/app/correction/[day].tsx": {"path":"/home/user/Documents/passage/app/correction/[day].tsx","statementMap":{"0":{"start":{"line":19,"column":19},"end":{"line":19,"column":27}},"1":{"start":{"line":20,"column":2},"end":{"line":20,"column":25}},"2":{"start":{"line":20,"column":13},"end":{"line":20,"column":25}},"3":{"start":{"line":21,"column":2},"end":{"line":21,"column":29}},"4":{"start":{"line":25,"column":15},"end":{"line":25,"column":24}},"5":{"start":{"line":26,"column":16},"end":{"line":26,"column":33}},"6":{"start":{"line":27,"column":17},"end":{"line":27,"column":28}},"7":{"start":{"line":28,"column":18},"end":{"line":28,"column":57}},"8":{"start":{"line":32,"column":38},"end":{"line":32,"column":49}},"9":{"start":{"line":33,"column":2},"end":{"line":33,"column":72}},"10":{"start":{"line":33,"column":38},"end":{"line":33,"column":65}},"11":{"start":{"line":33,"column":59},"end":{"line":33,"column":64}},"12":{"start":{"line":35,"column":17},"end":{"line":39,"column":3}},"13":{"start":{"line":36,"column":11},"end":{"line":36,"column":50}},"14":{"start":{"line":40,"column":17},"end":{"line":40,"column":38}},"15":{"start":{"line":42,"column":2},"end":{"line":53,"column":3}},"16":{"start":{"line":43,"column":4},"end":{"line":52,"column":6}},"17":{"start":{"line":49,"column":68},"end":{"line":49,"column":87}},"18":{"start":{"line":55,"column":18},"end":{"line":55,"column":68}},"19":{"start":{"line":55,"column":59},"end":{"line":55,"column":66}},"20":{"start":{"line":57,"column":2},"end":{"line":84,"column":4}},"21":{"start":{"line":62,"column":46},"end":{"line":62,"column":65}},"22":{"start":{"line":81,"column":8},"end":{"line":81,"column":74}},"23":{"start":{"line":88,"column":16},"end":{"line":88,"column":33}},"24":{"start":{"line":89,"column":17},"end":{"line":89,"column":39}},"25":{"start":{"line":90,"column":20},"end":{"line":90,"column":47}},"26":{"start":{"line":91,"column":14},"end":{"line":91,"column":77}},"27":{"start":{"line":91,"column":28},"end":{"line":91,"column":55}},"28":{"start":{"line":92,"column":18},"end":{"line":92,"column":80}},"29":{"start":{"line":94,"column":2},"end":{"line":144,"column":4}},"30":{"start":{"line":127,"column":12},"end":{"line":139,"column":19}},"31":{"start":{"line":148,"column":20},"end":{"line":148,"column":46}},"32":{"start":{"line":149,"column":2},"end":{"line":153,"column":5}}},"fnMap":{"0":{"name":"Correction","decl":{"start":{"line":18,"column":24},"end":{"line":18,"column":34}},"loc":{"start":{"line":18,"column":37},"end":{"line":22,"column":1}},"line":18},"1":{"name":"CorrectionReady","decl":{"start":{"line":24,"column":9},"end":{"line":24,"column":24}},"loc":{"start":{"line":24,"column":27},"end":{"line":85,"column":1}},"line":24},"2":{"name":"(anonymous_2)","decl":{"start":{"line":33,"column":32},"end":{"line":33,"column":33}},"loc":{"start":{"line":33,"column":38},"end":{"line":33,"column":65}},"line":33},"3":{"name":"(anonymous_3)","decl":{"start":{"line":33,"column":52},"end":{"line":33,"column":53}},"loc":{"start":{"line":33,"column":59},"end":{"line":33,"column":64}},"line":33},"4":{"name":"(anonymous_4)","decl":{"start":{"line":36,"column":4},"end":{"line":36,"column":5}},"loc":{"start":{"line":36,"column":11},"end":{"line":36,"column":50}},"line":36},"5":{"name":"(anonymous_5)","decl":{"start":{"line":49,"column":62},"end":{"line":49,"column":63}},"loc":{"start":{"line":49,"column":68},"end":{"line":49,"column":87}},"line":49},"6":{"name":"(anonymous_6)","decl":{"start":{"line":55,"column":52},"end":{"line":55,"column":53}},"loc":{"start":{"line":55,"column":59},"end":{"line":55,"column":66}},"line":55},"7":{"name":"(anonymous_7)","decl":{"start":{"line":62,"column":40},"end":{"line":62,"column":41}},"loc":{"start":{"line":62,"column":46},"end":{"line":62,"column":65}},"line":62},"8":{"name":"(anonymous_8)","decl":{"start":{"line":80,"column":28},"end":{"line":80,"column":29}},"loc":{"start":{"line":81,"column":8},"end":{"line":81,"column":74}},"line":81},"9":{"name":"SentenceCorrection","decl":{"start":{"line":87,"column":9},"end":{"line":87,"column":27}},"loc":{"start":{"line":87,"column":72},"end":{"line":145,"column":1}},"line":87},"10":{"name":"(anonymous_10)","decl":{"start":{"line":91,"column":22},"end":{"line":91,"column":23}},"loc":{"start":{"line":91,"column":28},"end":{"line":91,"column":55}},"line":91},"11":{"name":"(anonymous_11)","decl":{"start":{"line":126,"column":35},"end":{"line":126,"column":36}},"loc":{"start":{"line":127,"column":12},"end":{"line":139,"column":19}},"line":127},"12":{"name":"formatDay","decl":{"start":{"line":147,"column":9},"end":{"line":147,"column":18}},"loc":{"start":{"line":147,"column":40},"end":{"line":154,"column":1}},"line":147}},"branchMap":{"0":{"loc":{"start":{"line":20,"column":2},"end":{"line":20,"column":25}},"type":"if","locations":[{"start":{"line":20,"column":2},"end":{"line":20,"column":25}},{"start":{},"end":{}}],"line":20},"1":{"loc":{"start":{"line":36,"column":11},"end":{"line":36,"column":50}},"type":"cond-expr","locations":[{"start":{"line":36,"column":17},"end":{"line":36,"column":43}},{"start":{"line":36,"column":46},"end":{"line":36,"column":50}}],"line":36},"2":{"loc":{"start":{"line":42,"column":2},"end":{"line":53,"column":3}},"type":"if","locations":[{"start":{"line":42,"column":2},"end":{"line":53,"column":3}},{"start":{},"end":{}}],"line":42},"3":{"loc":{"start":{"line":67,"column":29},"end":{"line":67,"column":74}},"type":"cond-expr","locations":[{"start":{"line":67,"column":48},"end":{"line":67,"column":52}},{"start":{"line":67,"column":55},"end":{"line":67,"column":74}}],"line":67},"4":{"loc":{"start":{"line":69,"column":29},"end":{"line":69,"column":43}},"type":"binary-expr","locations":[{"start":{"line":69,"column":29},"end":{"line":69,"column":36}},{"start":{"line":69,"column":40},"end":{"line":69,"column":43}}],"line":69},"5":{"loc":{"start":{"line":73,"column":9},"end":{"line":77,"column":16}},"type":"cond-expr","locations":[{"start":{"line":74,"column":10},"end":{"line":76,"column":17}},{"start":{"line":77,"column":12},"end":{"line":77,"column":16}}],"line":73},"6":{"loc":{"start":{"line":89,"column":17},"end":{"line":89,"column":39}},"type":"binary-expr","locations":[{"start":{"line":89,"column":17},"end":{"line":89,"column":33}},{"start":{"line":89,"column":37},"end":{"line":89,"column":39}}],"line":89},"7":{"loc":{"start":{"line":90,"column":20},"end":{"line":90,"column":47}},"type":"binary-expr","locations":[{"start":{"line":90,"column":20},"end":{"line":90,"column":41}},{"start":{"line":90,"column":45},"end":{"line":90,"column":47}}],"line":90},"8":{"loc":{"start":{"line":109,"column":7},"end":{"line":116,"column":7}},"type":"cond-expr","locations":[{"start":{"line":110,"column":8},"end":{"line":110,"column":91}},{"start":{"line":112,"column":8},"end":{"line":115,"column":15}}],"line":109},"9":{"loc":{"start":{"line":118,"column":7},"end":{"line":122,"column":14}},"type":"cond-expr","locations":[{"start":{"line":119,"column":8},"end":{"line":121,"column":15}},{"start":{"line":122,"column":10},"end":{"line":122,"column":14}}],"line":118},"10":{"loc":{"start":{"line":124,"column":7},"end":{"line":142,"column":14}},"type":"cond-expr","locations":[{"start":{"line":125,"column":8},"end":{"line":141,"column":15}},{"start":{"line":142,"column":10},"end":{"line":142,"column":14}}],"line":124}},"s":{"0":3,"1":3,"2":0,"3":3,"4":6,"5":6,"6":6,"7":6,"8":6,"9":6,"10":3,"11":3,"12":6,"13":6,"14":6,"15":6,"16":2,"17":0,"18":4,"19":20,"20":4,"21":0,"22":20,"23":20,"24":20,"25":20,"26":20,"27":10,"28":20,"29":20,"30":4,"31":4,"32":4},"f":{"0":3,"1":6,"2":3,"3":3,"4":6,"5":0,"6":20,"7":0,"8":20,"9":20,"10":10,"11":4,"12":4},"b":{"0":[0,3],"1":[6,0],"2":[2,4],"3":[0,4],"4":[4,0],"5":[4,0],"6":[20,0],"7":[20,0],"8":[16,4],"9":[4,16],"10":[4,16]},"_coverageSchema":"1a1c01bbd47fc00a2c39e90264f33305004495a9","hash":"e84bcf110090ac9fc4d47f265a6de8a2323f6132"}
,"/home/user/Documents/passage/src/ai/claude.ts": {"path":"/home/user/Documents/passage/src/ai/claude.ts","statementMap":{"0":{"start":{"line":15,"column":14},"end":{"line":15,"column":29}},"1":{"start":{"line":16,"column":19},"end":{"line":16,"column":24}},"2":{"start":{"line":17,"column":17},"end":{"line":17,"column":18}},"3":{"start":{"line":48,"column":23},"end":{"line":48,"column":51}},"4":{"start":{"line":50,"column":2},"end":{"line":60,"column":3}},"5":{"start":{"line":50,"column":21},"end":{"line":50,"column":22}},"6":{"start":{"line":51,"column":4},"end":{"line":59,"column":5}},"7":{"start":{"line":52,"column":23},"end":{"line":52,"column":34}},"8":{"start":{"line":53,"column":6},"end":{"line":53,"column":64}},"9":{"start":{"line":53,"column":34},"end":{"line":53,"column":64}},"10":{"start":{"line":54,"column":6},"end":{"line":54,"column":42}},"11":{"start":{"line":56,"column":20},"end":{"line":56,"column":33}},"12":{"start":{"line":57,"column":6},"end":{"line":57,"column":53}},"13":{"start":{"line":57,"column":41},"end":{"line":57,"column":53}},"14":{"start":{"line":58,"column":6},"end":{"line":58,"column":19}},"15":{"start":{"line":62,"column":2},"end":{"line":62,"column":13}},"16":{"start":{"line":66,"column":17},"end":{"line":66,"column":42}},"17":{"start":{"line":68,"column":2},"end":{"line":104,"column":4}},"18":{"start":{"line":70,"column":21},"end":{"line":81,"column":7}},"19":{"start":{"line":71,"column":8},"end":{"line":80,"column":10}},"20":{"start":{"line":82,"column":6},"end":{"line":82,"column":30}},"21":{"start":{"line":86,"column":21},"end":{"line":97,"column":7}},"22":{"start":{"line":87,"column":8},"end":{"line":96,"column":10}},"23":{"start":{"line":99,"column":6},"end":{"line":102,"column":8}},"24":{"start":{"line":101,"column":48},"end":{"line":101,"column":71}}},"fnMap":{"0":{"name":"parseWithRetry","decl":{"start":{"line":47,"column":15},"end":{"line":47,"column":29}},"loc":{"start":{"line":47,"column":94},"end":{"line":63,"column":1}},"line":47},"1":{"name":"makeAiClient","decl":{"start":{"line":65,"column":16},"end":{"line":65,"column":28}},"loc":{"start":{"line":65,"column":55},"end":{"line":105,"column":1}},"line":65},"2":{"name":"(anonymous_2)","decl":{"start":{"line":69,"column":4},"end":{"line":69,"column":5}},"loc":{"start":{"line":69,"column":32},"end":{"line":83,"column":5}},"line":69},"3":{"name":"(anonymous_3)","decl":{"start":{"line":70,"column":42},"end":{"line":70,"column":43}},"loc":{"start":{"line":71,"column":8},"end":{"line":80,"column":10}},"line":71},"4":{"name":"(anonymous_4)","decl":{"start":{"line":85,"column":4},"end":{"line":85,"column":5}},"loc":{"start":{"line":85,"column":31},"end":{"line":103,"column":5}},"line":85},"5":{"name":"(anonymous_5)","decl":{"start":{"line":86,"column":42},"end":{"line":86,"column":43}},"loc":{"start":{"line":87,"column":8},"end":{"line":96,"column":10}},"line":87},"6":{"name":"(anonymous_6)","decl":{"start":{"line":101,"column":38},"end":{"line":101,"column":39}},"loc":{"start":{"line":101,"column":48},"end":{"line":101,"column":71}},"line":101}},"branchMap":{"0":{"loc":{"start":{"line":53,"column":6},"end":{"line":53,"column":64}},"type":"if","locations":[{"start":{"line":53,"column":6},"end":{"line":53,"column":64}},{"start":{},"end":{}}],"line":53},"1":{"loc":{"start":{"line":57,"column":6},"end":{"line":57,"column":53}},"type":"if","locations":[{"start":{"line":57,"column":6},"end":{"line":57,"column":53}},{"start":{},"end":{}}],"line":57}},"s":{"0":1,"1":1,"2":1,"3":14,"4":14,"5":14,"6":16,"7":16,"8":10,"9":10,"10":0,"11":6,"12":6,"13":3,"14":3,"15":1,"16":13,"17":13,"18":9,"19":11,"20":6,"21":5,"22":5,"23":4,"24":26},"f":{"0":14,"1":13,"2":9,"3":11,"4":5,"5":5,"6":26},"b":{"0":[10,0],"1":[3,3]},"_coverageSchema":"1a1c01bbd47fc00a2c39e90264f33305004495a9","hash":"9a7e1f23f65b7a3eacd5a5119612eb2572a71415"}
,"/home/user/Documents/passage/src/ai/errors.ts": {"path":"/home/user/Documents/passage/src/ai/errors.ts","statementMap":{"0":{"start":{"line":10,"column":47},"end":{"line":16,"column":1}},"1":{"start":{"line":24,"column":4},"end":{"line":24,"column":37}},"2":{"start":{"line":25,"column":4},"end":{"line":25,"column":27}},"3":{"start":{"line":34,"column":2},"end":{"line":34,"column":38}},"4":{"start":{"line":34,"column":29},"end":{"line":34,"column":38}},"5":{"start":{"line":37,"column":2},"end":{"line":39,"column":3}},"6":{"start":{"line":38,"column":4},"end":{"line":38,"column":40}},"7":{"start":{"line":40,"column":2},"end":{"line":40,"column":101}},"8":{"start":{"line":40,"column":50},"end":{"line":40,"column":101}},"9":{"start":{"line":41,"column":2},"end":{"line":41,"column":97}},"10":{"start":{"line":41,"column":45},"end":{"line":41,"column":97}},"11":{"start":{"line":42,"column":2},"end":{"line":42,"column":80}},"12":{"start":{"line":42,"column":49},"end":{"line":42,"column":80}},"13":{"start":{"line":43,"column":2},"end":{"line":45,"column":3}},"14":{"start":{"line":44,"column":4},"end":{"line":44,"column":83}},"15":{"start":{"line":46,"column":2},"end":{"line":46,"column":35}}},"fnMap":{"0":{"name":"(anonymous_0)","decl":{"start":{"line":19,"column":2},"end":{"line":19,"column":3}},"loc":{"start":{"line":23,"column":4},"end":{"line":26,"column":3}},"line":23},"1":{"name":"toAppError","decl":{"start":{"line":33,"column":16},"end":{"line":33,"column":26}},"loc":{"start":{"line":33,"column":49},"end":{"line":47,"column":1}},"line":33}},"branchMap":{"0":{"loc":{"start":{"line":24,"column":10},"end":{"line":24,"column":35}},"type":"binary-expr","locations":[{"start":{"line":24,"column":10},"end":{"line":24,"column":17}},{"start":{"line":24,"column":21},"end":{"line":24,"column":35}}],"line":24},"1":{"loc":{"start":{"line":34,"column":2},"end":{"line":34,"column":38}},"type":"if","locations":[{"start":{"line":34,"column":2},"end":{"line":34,"column":38}},{"start":{},"end":{}}],"line":34},"2":{"loc":{"start":{"line":37,"column":2},"end":{"line":39,"column":3}},"type":"if","locations":[{"start":{"line":37,"column":2},"end":{"line":39,"column":3}},{"start":{},"end":{}}],"line":37},"3":{"loc":{"start":{"line":37,"column":6},"end":{"line":37,"column":81}},"type":"binary-expr","locations":[{"start":{"line":37,"column":6},"end":{"line":37,"column":43}},{"start":{"line":37,"column":47},"end":{"line":37,"column":81}}],"line":37},"4":{"loc":{"start":{"line":40,"column":2},"end":{"line":40,"column":101}},"type":"if","locations":[{"start":{"line":40,"column":2},"end":{"line":40,"column":101}},{"start":{},"end":{}}],"line":40},"5":{"loc":{"start":{"line":41,"column":2},"end":{"line":41,"column":97}},"type":"if","locations":[{"start":{"line":41,"column":2},"end":{"line":41,"column":97}},{"start":{},"end":{}}],"line":41},"6":{"loc":{"start":{"line":42,"column":2},"end":{"line":42,"column":80}},"type":"if","locations":[{"start":{"line":42,"column":2},"end":{"line":42,"column":80}},{"start":{},"end":{}}],"line":42},"7":{"loc":{"start":{"line":43,"column":2},"end":{"line":45,"column":3}},"type":"if","locations":[{"start":{"line":43,"column":2},"end":{"line":45,"column":3}},{"start":{},"end":{}}],"line":43}},"s":{"0":8,"1":46,"2":46,"3":20,"4":8,"5":12,"6":4,"7":8,"8":2,"9":6,"10":1,"11":5,"12":3,"13":2,"14":1,"15":1},"f":{"0":46,"1":20},"b":{"0":[46,46],"1":[8,12],"2":[4,8],"3":[12,11],"4":[2,6],"5":[1,5],"6":[3,2],"7":[1,1]},"_coverageSchema":"1a1c01bbd47fc00a2c39e90264f33305004495a9","hash":"c3771a43035e107d3d6689002a8a223be94d9b2a"}
,"/home/user/Documents/passage/src/ai/prompts.ts": {"path":"/home/user/Documents/passage/src/ai/prompts.ts","statementMap":{"0":{"start":{"line":10,"column":33},"end":{"line":32,"column":105}},"1":{"start":{"line":34,"column":33},"end":{"line":49,"column":230}},"2":{"start":{"line":56,"column":16},"end":{"line":56,"column":43}},"3":{"start":{"line":58,"column":2},"end":{"line":62,"column":4}},"4":{"start":{"line":64,"column":2},"end":{"line":69,"column":3}},"5":{"start":{"line":65,"column":4},"end":{"line":68,"column":6}},"6":{"start":{"line":67,"column":39},"end":{"line":67,"column":47}},"7":{"start":{"line":71,"column":2},"end":{"line":71,"column":28}},"8":{"start":{"line":78,"column":17},"end":{"line":84,"column":3}},"9":{"start":{"line":80,"column":6},"end":{"line":83,"column":58}},"10":{"start":{"line":86,"column":2},"end":{"line":86,"column":66}}},"fnMap":{"0":{"name":"generationUserMessage","decl":{"start":{"line":51,"column":16},"end":{"line":51,"column":37}},"loc":{"start":{"line":55,"column":11},"end":{"line":72,"column":1}},"line":55},"1":{"name":"(anonymous_1)","decl":{"start":{"line":67,"column":32},"end":{"line":67,"column":33}},"loc":{"start":{"line":67,"column":39},"end":{"line":67,"column":47}},"line":67},"2":{"name":"correctionUserMessage","decl":{"start":{"line":74,"column":16},"end":{"line":74,"column":37}},"loc":{"start":{"line":77,"column":11},"end":{"line":87,"column":1}},"line":77},"3":{"name":"(anonymous_3)","decl":{"start":{"line":79,"column":4},"end":{"line":79,"column":5}},"loc":{"start":{"line":80,"column":6},"end":{"line":83,"column":58}},"line":80}},"branchMap":{"0":{"loc":{"start":{"line":59,"column":4},"end":{"line":61,"column":69}},"type":"cond-expr","locations":[{"start":{"line":60,"column":8},"end":{"line":60,"column":94}},{"start":{"line":61,"column":8},"end":{"line":61,"column":69}}],"line":59},"1":{"loc":{"start":{"line":64,"column":2},"end":{"line":69,"column":3}},"type":"if","locations":[{"start":{"line":64,"column":2},"end":{"line":69,"column":3}},{"start":{},"end":{}}],"line":64},"2":{"loc":{"start":{"line":83,"column":34},"end":{"line":83,"column":56}},"type":"binary-expr","locations":[{"start":{"line":83,"column":34},"end":{"line":83,"column":44}},{"start":{"line":83,"column":48},"end":{"line":83,"column":56}}],"line":83}},"s":{"0":1,"1":1,"2":11,"3":11,"4":11,"5":2,"6":2,"7":11,"8":5,"9":21,"10":5},"f":{"0":11,"1":2,"2":5,"3":21},"b":{"0":[2,9],"1":[2,9],"2":[21,1]},"_coverageSchema":"1a1c01bbd47fc00a2c39e90264f33305004495a9","hash":"fe2d79598fd14de741afa466d5c5a308aa50bccc"}
,"/home/user/Documents/passage/src/ai/schemas.ts": {"path":"/home/user/Documents/passage/src/ai/schemas.ts","statementMap":{"0":{"start":{"line":12,"column":12},"end":{"line":12,"column":30}},"1":{"start":{"line":14,"column":37},"end":{"line":24,"column":2}},"2":{"start":{"line":26,"column":32},"end":{"line":46,"column":2}},"3":{"start":{"line":42,"column":17},"end":{"line":42,"column":76}},"4":{"start":{"line":42,"column":42},"end":{"line":42,"column":52}}},"fnMap":{"0":{"name":"(anonymous_0)","decl":{"start":{"line":42,"column":6},"end":{"line":42,"column":7}},"loc":{"start":{"line":42,"column":17},"end":{"line":42,"column":76}},"line":42},"1":{"name":"(anonymous_1)","decl":{"start":{"line":42,"column":35},"end":{"line":42,"column":36}},"loc":{"start":{"line":42,"column":42},"end":{"line":42,"column":52}},"line":42}},"branchMap":{},"s":{"0":2,"1":2,"2":2,"3":4,"4":18},"f":{"0":4,"1":18},"b":{},"_coverageSchema":"1a1c01bbd47fc00a2c39e90264f33305004495a9","hash":"dce46f54fa1ad62e76df10cd901a4bd4a0fac49f"}
,"/home/user/Documents/passage/src/core/date.ts": {"path":"/home/user/Documents/passage/src/core/date.ts","statementMap":{"0":{"start":{"line":3,"column":12},"end":{"line":3,"column":61}},"1":{"start":{"line":3,"column":35},"end":{"line":3,"column":61}},"2":{"start":{"line":6,"column":2},"end":{"line":6,"column":75}},"3":{"start":{"line":10,"column":20},"end":{"line":10,"column":46}},"4":{"start":{"line":11,"column":2},"end":{"line":11,"column":45}}},"fnMap":{"0":{"name":"(anonymous_0)","decl":{"start":{"line":3,"column":12},"end":{"line":3,"column":13}},"loc":{"start":{"line":3,"column":35},"end":{"line":3,"column":61}},"line":3},"1":{"name":"localDay","decl":{"start":{"line":5,"column":16},"end":{"line":5,"column":24}},"loc":{"start":{"line":5,"column":42},"end":{"line":7,"column":1}},"line":5},"2":{"name":"addDays","decl":{"start":{"line":9,"column":16},"end":{"line":9,"column":23}},"loc":{"start":{"line":9,"column":56},"end":{"line":12,"column":1}},"line":9}},"branchMap":{},"s":{"0":8,"1":1694,"2":847,"3":798,"4":798},"f":{"0":1694,"1":847,"2":798},"b":{},"_coverageSchema":"1a1c01bbd47fc00a2c39e90264f33305004495a9","hash":"6a94aced778675bcc083f8c2ea903e0167185d7d"}
,"/home/user/Documents/passage/src/core/diff.ts": {"path":"/home/user/Documents/passage/src/core/diff.ts","statementMap":{"0":{"start":{"line":4,"column":17},"end":{"line":4,"column":91}},"1":{"start":{"line":4,"column":42},"end":{"line":4,"column":91}},"2":{"start":{"line":6,"column":13},"end":{"line":6,"column":74}},"3":{"start":{"line":6,"column":39},"end":{"line":6,"column":74}},"4":{"start":{"line":10,"column":12},"end":{"line":10,"column":26}},"5":{"start":{"line":11,"column":12},"end":{"line":11,"column":24}},"6":{"start":{"line":14,"column":26},"end":{"line":16,"column":3}},"7":{"start":{"line":15,"column":4},"end":{"line":15,"column":43}},"8":{"start":{"line":17,"column":2},"end":{"line":23,"column":3}},"9":{"start":{"line":17,"column":15},"end":{"line":17,"column":27}},"10":{"start":{"line":18,"column":4},"end":{"line":22,"column":5}},"11":{"start":{"line":18,"column":17},"end":{"line":18,"column":29}},"12":{"start":{"line":19,"column":6},"end":{"line":21,"column":49}},"13":{"start":{"line":25,"column":24},"end":{"line":25,"column":26}},"14":{"start":{"line":26,"column":10},"end":{"line":26,"column":11}},"15":{"start":{"line":27,"column":10},"end":{"line":27,"column":11}},"16":{"start":{"line":28,"column":2},"end":{"line":40,"column":3}},"17":{"start":{"line":29,"column":4},"end":{"line":39,"column":5}},"18":{"start":{"line":32,"column":6},"end":{"line":32,"column":43}},"19":{"start":{"line":33,"column":6},"end":{"line":33,"column":10}},"20":{"start":{"line":34,"column":6},"end":{"line":34,"column":10}},"21":{"start":{"line":35,"column":11},"end":{"line":39,"column":5}},"22":{"start":{"line":36,"column":6},"end":{"line":36,"column":44}},"23":{"start":{"line":38,"column":6},"end":{"line":38,"column":44}},"24":{"start":{"line":41,"column":2},"end":{"line":41,"column":61}},"25":{"start":{"line":41,"column":23},"end":{"line":41,"column":61}},"26":{"start":{"line":42,"column":2},"end":{"line":42,"column":61}},"27":{"start":{"line":42,"column":23},"end":{"line":42,"column":61}},"28":{"start":{"line":44,"column":2},"end":{"line":44,"column":13}}},"fnMap":{"0":{"name":"(anonymous_0)","decl":{"start":{"line":4,"column":17},"end":{"line":4,"column":18}},"loc":{"start":{"line":4,"column":42},"end":{"line":4,"column":91}},"line":4},"1":{"name":"(anonymous_1)","decl":{"start":{"line":6,"column":13},"end":{"line":6,"column":14}},"loc":{"start":{"line":6,"column":39},"end":{"line":6,"column":74}},"line":6},"2":{"name":"wordDiff","decl":{"start":{"line":9,"column":16},"end":{"line":9,"column":24}},"loc":{"start":{"line":9,"column":61},"end":{"line":45,"column":1}},"line":9},"3":{"name":"(anonymous_3)","decl":{"start":{"line":14,"column":63},"end":{"line":14,"column":64}},"loc":{"start":{"line":15,"column":4},"end":{"line":15,"column":43}},"line":15}},"branchMap":{"0":{"loc":{"start":{"line":4,"column":42},"end":{"line":4,"column":91}},"type":"binary-expr","locations":[{"start":{"line":4,"column":42},"end":{"line":4,"column":85}},{"start":{"line":4,"column":89},"end":{"line":4,"column":91}}],"line":4},"1":{"loc":{"start":{"line":19,"column":18},"end":{"line":21,"column":48}},"type":"cond-expr","locations":[{"start":{"line":20,"column":10},"end":{"line":20,"column":31}},{"start":{"line":21,"column":10},"end":{"line":21,"column":48}}],"line":19},"2":{"loc":{"start":{"line":28,"column":9},"end":{"line":28,"column":37}},"type":"binary-expr","locations":[{"start":{"line":28,"column":9},"end":{"line":28,"column":21}},{"start":{"line":28,"column":25},"end":{"line":28,"column":37}}],"line":28},"3":{"loc":{"start":{"line":29,"column":4},"end":{"line":39,"column":5}},"type":"if","locations":[{"start":{"line":29,"column":4},"end":{"line":39,"column":5}},{"start":{"line":35,"column":11},"end":{"line":39,"column":5}}],"line":29},"4":{"loc":{"start":{"line":35,"column":11},"end":{"line":39,"column":5}},"type":"if","locations":[{"start":{"line":35,"column":11},"end":{"line":39,"column":5}},{"start":{"line":37,"column":11},"end":{"line":39,"column":5}}],"line":35}},"s":{"0":2,"1":38,"2":2,"3":162,"4":19,"5":19,"6":19,"7":64,"8":19,"9":19,"10":45,"11":45,"12":114,"13":19,"14":19,"15":19,"16":19,"17":48,"18":38,"19":38,"20":38,"21":10,"22":5,"23":5,"24":19,"25":2,"26":19,"27":2,"28":19},"f":{"0":38,"1":162,"2":19,"3":64},"b":{"0":[38,2],"1":[38,76],"2":[67,49],"3":[38,10],"4":[5,5]},"_coverageSchema":"1a1c01bbd47fc00a2c39e90264f33305004495a9","hash":"1ff57cc0c3206e6975d0313cd7abbdbc738150b4"}
,"/home/user/Documents/passage/src/core/errorTags.ts": {"path":"/home/user/Documents/passage/src/core/errorTags.ts","statementMap":{"0":{"start":{"line":5,"column":26},"end":{"line":16,"column":10}},"1":{"start":{"line":22,"column":2},"end":{"line":22,"column":22}},"2":{"start":{"line":22,"column":12},"end":{"line":22,"column":22}},"3":{"start":{"line":23,"column":2},"end":{"line":29,"column":3}},"4":{"start":{"line":24,"column":28},"end":{"line":24,"column":43}},"5":{"start":{"line":25,"column":4},"end":{"line":25,"column":42}},"6":{"start":{"line":25,"column":32},"end":{"line":25,"column":42}},"7":{"start":{"line":26,"column":4},"end":{"line":26,"column":83}},"8":{"start":{"line":26,"column":47},"end":{"line":26,"column":81}},"9":{"start":{"line":28,"column":4},"end":{"line":28,"column":14}},"10":{"start":{"line":32,"column":55},"end":{"line":43,"column":1}},"11":{"start":{"line":50,"column":29},"end":{"line":50,"column":30}},"12":{"start":{"line":58,"column":17},"end":{"line":58,"column":44}},"13":{"start":{"line":59,"column":2},"end":{"line":61,"column":3}},"14":{"start":{"line":60,"column":4},"end":{"line":60,"column":72}},"15":{"start":{"line":60,"column":28},"end":{"line":60,"column":72}},"16":{"start":{"line":63,"column":2},"end":{"line":66,"column":25}},"17":{"start":{"line":64,"column":20},"end":{"line":64,"column":86}},"18":{"start":{"line":66,"column":20},"end":{"line":66,"column":23}}},"fnMap":{"0":{"name":"parseErrorTags","decl":{"start":{"line":21,"column":16},"end":{"line":21,"column":30}},"loc":{"start":{"line":21,"column":63},"end":{"line":30,"column":1}},"line":21},"1":{"name":"(anonymous_1)","decl":{"start":{"line":26,"column":25},"end":{"line":26,"column":26}},"loc":{"start":{"line":26,"column":47},"end":{"line":26,"column":81}},"line":26},"2":{"name":"topWeakTags","decl":{"start":{"line":57,"column":16},"end":{"line":57,"column":27}},"loc":{"start":{"line":57,"column":77},"end":{"line":67,"column":1}},"line":57},"3":{"name":"(anonymous_3)","decl":{"start":{"line":64,"column":10},"end":{"line":64,"column":11}},"loc":{"start":{"line":64,"column":20},"end":{"line":64,"column":86}},"line":64},"4":{"name":"(anonymous_4)","decl":{"start":{"line":66,"column":9},"end":{"line":66,"column":10}},"loc":{"start":{"line":66,"column":20},"end":{"line":66,"column":23}},"line":66}},"branchMap":{"0":{"loc":{"start":{"line":22,"column":2},"end":{"line":22,"column":22}},"type":"if","locations":[{"start":{"line":22,"column":2},"end":{"line":22,"column":22}},{"start":{},"end":{}}],"line":22},"1":{"loc":{"start":{"line":25,"column":4},"end":{"line":25,"column":42}},"type":"if","locations":[{"start":{"line":25,"column":4},"end":{"line":25,"column":42}},{"start":{},"end":{}}],"line":25},"2":{"loc":{"start":{"line":57,"column":54},"end":{"line":57,"column":63}},"type":"default-arg","locations":[{"start":{"line":57,"column":62},"end":{"line":57,"column":63}}],"line":57},"3":{"loc":{"start":{"line":60,"column":45},"end":{"line":60,"column":65}},"type":"binary-expr","locations":[{"start":{"line":60,"column":45},"end":{"line":60,"column":60}},{"start":{"line":60,"column":64},"end":{"line":60,"column":65}}],"line":60},"4":{"loc":{"start":{"line":64,"column":20},"end":{"line":64,"column":86}},"type":"binary-expr","locations":[{"start":{"line":64,"column":20},"end":{"line":64,"column":31}},{"start":{"line":64,"column":35},"end":{"line":64,"column":86}}],"line":64}},"s":{"0":16,"1":1213,"2":904,"3":309,"4":309,"5":308,"6":1,"7":307,"8":33,"9":1,"10":16,"11":16,"12":39,"13":39,"14":40,"15":36,"16":39,"17":12,"18":16},"f":{"0":1213,"1":33,"2":39,"3":12,"4":16},"b":{"0":[904,309],"1":[1,307],"2":[38],"3":[36,19],"4":[12,4]},"_coverageSchema":"1a1c01bbd47fc00a2c39e90264f33305004495a9","hash":"d03ab4328afa63b9f8f0369d9024b29fea02538f"}
,"/home/user/Documents/passage/src/core/levels.ts": {"path":"/home/user/Documents/passage/src/core/levels.ts","statementMap":{"0":{"start":{"line":1,"column":15},"end":{"line":1,"column":54}},"1":{"start":{"line":5,"column":45},"end":{"line":5,"column":69}},"2":{"start":{"line":7,"column":54},"end":{"line":13,"column":1}},"3":{"start":{"line":17,"column":31},"end":{"line":17,"column":32}},"4":{"start":{"line":18,"column":19},"end":{"line":18,"column":20}},"5":{"start":{"line":19,"column":11},"end":{"line":19,"column":14}},"6":{"start":{"line":20,"column":13},"end":{"line":20,"column":16}},"7":{"start":{"line":27,"column":17},"end":{"line":27,"column":55}},"8":{"start":{"line":28,"column":2},"end":{"line":28,"column":46}},"9":{"start":{"line":28,"column":34},"end":{"line":28,"column":46}},"10":{"start":{"line":30,"column":15},"end":{"line":30,"column":64}},"11":{"start":{"line":30,"column":39},"end":{"line":30,"column":44}},"12":{"start":{"line":31,"column":16},"end":{"line":31,"column":54}},"13":{"start":{"line":33,"column":16},"end":{"line":33,"column":44}},"14":{"start":{"line":34,"column":2},"end":{"line":34,"column":65}}},"fnMap":{"0":{"name":"effectiveLevel","decl":{"start":{"line":26,"column":16},"end":{"line":26,"column":30}},"loc":{"start":{"line":26,"column":77},"end":{"line":35,"column":1}},"line":26},"1":{"name":"(anonymous_1)","decl":{"start":{"line":30,"column":29},"end":{"line":30,"column":30}},"loc":{"start":{"line":30,"column":39},"end":{"line":30,"column":44}},"line":30}},"branchMap":{"0":{"loc":{"start":{"line":28,"column":2},"end":{"line":28,"column":46}},"type":"if","locations":[{"start":{"line":28,"column":2},"end":{"line":28,"column":46}},{"start":{},"end":{}}],"line":28},"1":{"loc":{"start":{"line":31,"column":16},"end":{"line":31,"column":54}},"type":"cond-expr","locations":[{"start":{"line":31,"column":29},"end":{"line":31,"column":30}},{"start":{"line":31,"column":33},"end":{"line":31,"column":54}}],"line":31},"2":{"loc":{"start":{"line":31,"column":33},"end":{"line":31,"column":54}},"type":"cond-expr","locations":[{"start":{"line":31,"column":48},"end":{"line":31,"column":50}},{"start":{"line":31,"column":53},"end":{"line":31,"column":54}}],"line":31}},"s":{"0":8,"1":8,"2":8,"3":8,"4":8,"5":8,"6":8,"7":42,"8":42,"9":29,"10":13,"11":43,"12":13,"13":13,"14":13},"f":{"0":42,"1":43},"b":{"0":[29,13],"1":[9,4],"2":[3,1]},"_coverageSchema":"1a1c01bbd47fc00a2c39e90264f33305004495a9","hash":"e473f17866d018cd73b2c5c143e2a893117d3550"}
,"/home/user/Documents/passage/src/core/scores.ts": {"path":"/home/user/Documents/passage/src/core/scores.ts","statementMap":{"0":{"start":{"line":3,"column":2},"end":{"line":3,"column":33}},"1":{"start":{"line":11,"column":17},"end":{"line":11,"column":62}},"2":{"start":{"line":11,"column":51},"end":{"line":11,"column":61}},"3":{"start":{"line":12,"column":2},"end":{"line":12,"column":39}},"4":{"start":{"line":12,"column":27},"end":{"line":12,"column":39}},"5":{"start":{"line":13,"column":2},"end":{"line":13,"column":71}},"6":{"start":{"line":13,"column":42},"end":{"line":13,"column":49}},"7":{"start":{"line":17,"column":19},"end":{"line":17,"column":20}},"8":{"start":{"line":18,"column":19},"end":{"line":18,"column":20}},"9":{"start":{"line":23,"column":2},"end":{"line":23,"column":41}},"10":{"start":{"line":23,"column":27},"end":{"line":23,"column":41}},"11":{"start":{"line":24,"column":2},"end":{"line":24,"column":41}},"12":{"start":{"line":24,"column":27},"end":{"line":24,"column":41}},"13":{"start":{"line":25,"column":2},"end":{"line":25,"column":16}},"14":{"start":{"line":30,"column":2},"end":{"line":30,"column":56}}},"fnMap":{"0":{"name":"round1","decl":{"start":{"line":2,"column":16},"end":{"line":2,"column":22}},"loc":{"start":{"line":2,"column":42},"end":{"line":4,"column":1}},"line":2},"1":{"name":"averageScore","decl":{"start":{"line":10,"column":16},"end":{"line":10,"column":28}},"loc":{"start":{"line":10,"column":80},"end":{"line":14,"column":1}},"line":10},"2":{"name":"(anonymous_2)","decl":{"start":{"line":11,"column":31},"end":{"line":11,"column":32}},"loc":{"start":{"line":11,"column":51},"end":{"line":11,"column":61}},"line":11},"3":{"name":"(anonymous_3)","decl":{"start":{"line":13,"column":30},"end":{"line":13,"column":31}},"loc":{"start":{"line":13,"column":42},"end":{"line":13,"column":49}},"line":13},"4":{"name":"scoreBand","decl":{"start":{"line":22,"column":16},"end":{"line":22,"column":25}},"loc":{"start":{"line":22,"column":52},"end":{"line":26,"column":1}},"line":22},"5":{"name":"formatStreak","decl":{"start":{"line":29,"column":16},"end":{"line":29,"column":28}},"loc":{"start":{"line":29,"column":51},"end":{"line":31,"column":1}},"line":29}},"branchMap":{"0":{"loc":{"start":{"line":12,"column":2},"end":{"line":12,"column":39}},"type":"if","locations":[{"start":{"line":12,"column":2},"end":{"line":12,"column":39}},{"start":{},"end":{}}],"line":12},"1":{"loc":{"start":{"line":23,"column":2},"end":{"line":23,"column":41}},"type":"if","locations":[{"start":{"line":23,"column":2},"end":{"line":23,"column":41}},{"start":{},"end":{}}],"line":23},"2":{"loc":{"start":{"line":24,"column":2},"end":{"line":24,"column":41}},"type":"if","locations":[{"start":{"line":24,"column":2},"end":{"line":24,"column":41}},{"start":{},"end":{}}],"line":24},"3":{"loc":{"start":{"line":30,"column":24},"end":{"line":30,"column":43}},"type":"cond-expr","locations":[{"start":{"line":30,"column":35},"end":{"line":30,"column":38}},{"start":{"line":30,"column":41},"end":{"line":30,"column":43}}],"line":30}},"s":{"0":57,"1":17,"2":51,"3":17,"4":4,"5":13,"6":48,"7":12,"8":12,"9":48,"10":32,"11":16,"12":10,"13":6,"14":14},"f":{"0":57,"1":17,"2":51,"3":48,"4":48,"5":14},"b":{"0":[4,13],"1":[32,16],"2":[10,6],"3":[5,9]},"_coverageSchema":"1a1c01bbd47fc00a2c39e90264f33305004495a9","hash":"370674aa2dfa5626de42116c1f4162dac64a8048"}
,"/home/user/Documents/passage/src/core/streak.ts": {"path":"/home/user/Documents/passage/src/core/streak.ts","statementMap":{"0":{"start":{"line":8,"column":15},"end":{"line":8,"column":37}},"1":{"start":{"line":10,"column":15},"end":{"line":10,"column":59}},"2":{"start":{"line":11,"column":2},"end":{"line":11,"column":34}},"3":{"start":{"line":11,"column":25},"end":{"line":11,"column":34}},"4":{"start":{"line":13,"column":14},"end":{"line":13,"column":15}},"5":{"start":{"line":14,"column":2},"end":{"line":17,"column":3}},"6":{"start":{"line":15,"column":4},"end":{"line":15,"column":12}},"7":{"start":{"line":16,"column":4},"end":{"line":16,"column":33}},"8":{"start":{"line":18,"column":2},"end":{"line":18,"column":15}}},"fnMap":{"0":{"name":"currentStreak","decl":{"start":{"line":7,"column":16},"end":{"line":7,"column":29}},"loc":{"start":{"line":7,"column":78},"end":{"line":19,"column":1}},"line":7}},"branchMap":{"0":{"loc":{"start":{"line":10,"column":15},"end":{"line":10,"column":59}},"type":"cond-expr","locations":[{"start":{"line":10,"column":33},"end":{"line":10,"column":38}},{"start":{"line":10,"column":41},"end":{"line":10,"column":59}}],"line":10},"1":{"loc":{"start":{"line":11,"column":2},"end":{"line":11,"column":34}},"type":"if","locations":[{"start":{"line":11,"column":2},"end":{"line":11,"column":34}},{"start":{},"end":{}}],"line":11}},"s":{"0":25,"1":25,"2":25,"3":6,"4":19,"5":19,"6":36,"7":36,"8":19},"f":{"0":25},"b":{"0":[12,13],"1":[6,19]},"_coverageSchema":"1a1c01bbd47fc00a2c39e90264f33305004495a9","hash":"c4a80c5acb7e9c47660709ae9d476b59062f62ce"}
,"/home/user/Documents/passage/src/data/migrations.ts": {"path":"/home/user/Documents/passage/src/data/migrations.ts","statementMap":{"0":{"start":{"line":3,"column":23},"end":{"line":3,"column":24}},"1":{"start":{"line":5,"column":15},"end":{"line":48,"column":1}},"2":{"start":{"line":52,"column":18},"end":{"line":52,"column":73}},"3":{"start":{"line":53,"column":2},"end":{"line":55,"column":3}},"4":{"start":{"line":53,"column":27},"end":{"line":53,"column":44}},"5":{"start":{"line":54,"column":4},"end":{"line":54,"column":64}},"6":{"start":{"line":59,"column":2},"end":{"line":59,"column":18}},"7":{"start":{"line":61,"column":16},"end":{"line":61,"column":89}},"8":{"start":{"line":62,"column":2},"end":{"line":67,"column":3}},"9":{"start":{"line":63,"column":4},"end":{"line":63,"column":80}},"10":{"start":{"line":64,"column":9},"end":{"line":67,"column":3}},"11":{"start":{"line":65,"column":4},"end":{"line":65,"column":77}},"12":{"start":{"line":65,"column":25},"end":{"line":65,"column":77}},"13":{"start":{"line":66,"column":4},"end":{"line":66,"column":70}}},"fnMap":{"0":{"name":"addColumnIfMissing","decl":{"start":{"line":51,"column":9},"end":{"line":51,"column":27}},"loc":{"start":{"line":51,"column":87},"end":{"line":56,"column":1}},"line":51},"1":{"name":"(anonymous_1)","decl":{"start":{"line":53,"column":20},"end":{"line":53,"column":21}},"loc":{"start":{"line":53,"column":27},"end":{"line":53,"column":44}},"line":53},"2":{"name":"migrate","decl":{"start":{"line":58,"column":16},"end":{"line":58,"column":23}},"loc":{"start":{"line":58,"column":38},"end":{"line":68,"column":1}},"line":58}},"branchMap":{"0":{"loc":{"start":{"line":53,"column":2},"end":{"line":55,"column":3}},"type":"if","locations":[{"start":{"line":53,"column":2},"end":{"line":55,"column":3}},{"start":{},"end":{}}],"line":53},"1":{"loc":{"start":{"line":62,"column":2},"end":{"line":67,"column":3}},"type":"if","locations":[{"start":{"line":62,"column":2},"end":{"line":67,"column":3}},{"start":{"line":64,"column":9},"end":{"line":67,"column":3}}],"line":62},"2":{"loc":{"start":{"line":64,"column":9},"end":{"line":67,"column":3}},"type":"if","locations":[{"start":{"line":64,"column":9},"end":{"line":67,"column":3}},{"start":{},"end":{}}],"line":64},"3":{"loc":{"start":{"line":65,"column":4},"end":{"line":65,"column":77}},"type":"if","locations":[{"start":{"line":65,"column":4},"end":{"line":65,"column":77}},{"start":{},"end":{}}],"line":65}},"s":{"0":14,"1":14,"2":1,"3":1,"4":6,"5":1,"6":114,"7":114,"8":114,"9":111,"10":3,"11":1,"12":1,"13":1},"f":{"0":1,"1":6,"2":114},"b":{"0":[1,0],"1":[111,3],"2":[1,2],"3":[1,0]},"_coverageSchema":"1a1c01bbd47fc00a2c39e90264f33305004495a9","hash":"2656838a414f388d688faf1e7912fcba272492d6"}
,"/home/user/Documents/passage/src/data/seriesRepository.ts": {"path":"/home/user/Documents/passage/src/data/seriesRepository.ts","statementMap":{"0":{"start":{"line":42,"column":42},"end":{"line":47,"column":1}},"1":{"start":{"line":75,"column":45},"end":{"line":75,"column":55}},"2":{"start":{"line":79,"column":18},"end":{"line":79,"column":83}},"3":{"start":{"line":80,"column":4},"end":{"line":80,"column":42}},"4":{"start":{"line":84,"column":18},"end":{"line":84,"column":85}},"5":{"start":{"line":85,"column":4},"end":{"line":85,"column":42}},"6":{"start":{"line":90,"column":18},"end":{"line":90,"column":52}},"7":{"start":{"line":90,"column":37},"end":{"line":90,"column":40}},"8":{"start":{"line":91,"column":4},"end":{"line":93,"column":39}},"9":{"start":{"line":93,"column":20},"end":{"line":93,"column":37}},"10":{"start":{"line":97,"column":4},"end":{"line":113,"column":7}},"11":{"start":{"line":98,"column":6},"end":{"line":101,"column":8}},"12":{"start":{"line":102,"column":23},"end":{"line":102,"column":96}},"13":{"start":{"line":104,"column":6},"end":{"line":110,"column":9}},"14":{"start":{"line":105,"column":8},"end":{"line":109,"column":10}},"15":{"start":{"line":112,"column":6},"end":{"line":112,"column":40}},"16":{"start":{"line":117,"column":4},"end":{"line":126,"column":7}},"17":{"start":{"line":118,"column":6},"end":{"line":125,"column":7}},"18":{"start":{"line":119,"column":8},"end":{"line":124,"column":10}},"19":{"start":{"line":138,"column":4},"end":{"line":145,"column":7}},"20":{"start":{"line":139,"column":6},"end":{"line":142,"column":8}},"21":{"start":{"line":143,"column":6},"end":{"line":143,"column":74}},"22":{"start":{"line":144,"column":6},"end":{"line":144,"column":65}},"23":{"start":{"line":149,"column":4},"end":{"line":151,"column":5}},"24":{"start":{"line":150,"column":6},"end":{"line":150,"column":61}},"25":{"start":{"line":152,"column":4},"end":{"line":152,"column":81}},"26":{"start":{"line":161,"column":21},"end":{"line":164,"column":5}},"27":{"start":{"line":165,"column":16},"end":{"line":165,"column":53}},"28":{"start":{"line":165,"column":41},"end":{"line":165,"column":51}},"29":{"start":{"line":167,"column":4},"end":{"line":169,"column":5}},"30":{"start":{"line":168,"column":6},"end":{"line":168,"column":71}},"31":{"start":{"line":170,"column":20},"end":{"line":170,"column":64}},"32":{"start":{"line":170,"column":43},"end":{"line":170,"column":63}},"33":{"start":{"line":171,"column":4},"end":{"line":175,"column":5}},"34":{"start":{"line":172,"column":6},"end":{"line":174,"column":8}},"35":{"start":{"line":173,"column":75},"end":{"line":173,"column":85}},"36":{"start":{"line":177,"column":4},"end":{"line":201,"column":7}},"37":{"start":{"line":178,"column":6},"end":{"line":194,"column":7}},"38":{"start":{"line":179,"column":8},"end":{"line":193,"column":10}},"39":{"start":{"line":195,"column":6},"end":{"line":200,"column":9}},"40":{"start":{"line":211,"column":4},"end":{"line":222,"column":31}},"41":{"start":{"line":222,"column":18},"end":{"line":222,"column":29}},"42":{"start":{"line":230,"column":18},"end":{"line":233,"column":5}},"43":{"start":{"line":234,"column":4},"end":{"line":234,"column":48}},"44":{"start":{"line":234,"column":32},"end":{"line":234,"column":48}},"45":{"start":{"line":235,"column":4},"end":{"line":235,"column":24}},"46":{"start":{"line":239,"column":18},"end":{"line":239,"column":37}},"47":{"start":{"line":240,"column":4},"end":{"line":240,"column":73}},"48":{"start":{"line":240,"column":16},"end":{"line":240,"column":73}},"49":{"start":{"line":241,"column":4},"end":{"line":241,"column":17}},"50":{"start":{"line":245,"column":18},"end":{"line":245,"column":35}},"51":{"start":{"line":246,"column":4},"end":{"line":246,"column":61}},"52":{"start":{"line":246,"column":16},"end":{"line":246,"column":61}},"53":{"start":{"line":247,"column":4},"end":{"line":247,"column":17}},"54":{"start":{"line":251,"column":22},"end":{"line":259,"column":5}},"55":{"start":{"line":261,"column":4},"end":{"line":281,"column":6}},"56":{"start":{"line":269,"column":39},"end":{"line":280,"column":7}}},"fnMap":{"0":{"name":"(anonymous_0)","decl":{"start":{"line":73,"column":2},"end":{"line":73,"column":3}},"loc":{"start":{"line":76,"column":4},"end":{"line":76,"column":6}},"line":76},"1":{"name":"(anonymous_1)","decl":{"start":{"line":75,"column":39},"end":{"line":75,"column":40}},"loc":{"start":{"line":75,"column":45},"end":{"line":75,"column":55}},"line":75},"2":{"name":"(anonymous_2)","decl":{"start":{"line":78,"column":2},"end":{"line":78,"column":3}},"loc":{"start":{"line":78,"column":44},"end":{"line":81,"column":3}},"line":78},"3":{"name":"(anonymous_3)","decl":{"start":{"line":83,"column":2},"end":{"line":83,"column":3}},"loc":{"start":{"line":83,"column":46},"end":{"line":86,"column":3}},"line":83},"4":{"nam
[...]
,"/home/user/Documents/passage/src/usecases/correctSeriesFor.ts": {"path":"/home/user/Documents/passage/src/usecases/correctSeriesFor.ts","statementMap":{"0":{"start":{"line":11,"column":2},"end":{"line":25,"column":3}},"1":{"start":{"line":12,"column":23},"end":{"line":20,"column":6}},"2":{"start":{"line":14,"column":42},"end":{"line":19,"column":7}},"3":{"start":{"line":21,"column":4},"end":{"line":21,"column":81}},"4":{"start":{"line":23,"column":4},"end":{"line":23,"column":60}},"5":{"start":{"line":24,"column":4},"end":{"line":24,"column":24}},"6":{"start":{"line":27,"column":20},"end":{"line":27,"column":51}},"7":{"start":{"line":28,"column":2},"end":{"line":28,"column":87}},"8":{"start":{"line":28,"column":18},"end":{"line":28,"column":87}},"9":{"start":{"line":29,"column":2},"end":{"line":29,"column":19}}},"fnMap":{"0":{"name":"correctSeriesFor","decl":{"start":{"line":10,"column":22},"end":{"line":10,"column":38}},"loc":{"start":{"line":10,"column":96},"end":{"line":30,"column":1}},"line":10},"1":{"name":"(anonymous_1)","decl":{"start":{"line":14,"column":34},"end":{"line":14,"column":35}},"loc":{"start":{"line":14,"column":42},"end":{"line":19,"column":7}},"line":14}},"branchMap":{"0":{"loc":{"start":{"line":18,"column":17},"end":{"line":18,"column":32}},"type":"binary-expr","locations":[{"start":{"line":18,"column":17},"end":{"line":18,"column":26}},{"start":{"line":18,"column":30},"end":{"line":18,"column":32}}],"line":18},"1":{"loc":{"start":{"line":28,"column":2},"end":{"line":28,"column":87}},"type":"if","locations":[{"start":{"line":28,"column":2},"end":{"line":28,"column":87}},{"start":{},"end":{}}],"line":28}},"s":{"0":20,"1":20,"2":100,"3":13,"4":7,"5":7,"6":13,"7":13,"8":0,"9":13},"f":{"0":20,"1":100},"b":{"0":[100,0],"1":[0,13]},"_coverageSchema":"1a1c01bbd47fc00a2c39e90264f33305004495a9","hash":"d4e1d65550cf4ecd9477541a5f7a7841dee38c0c"}
,"/home/user/Documents/passage/src/usecases/generateSeriesFor.ts": {"path":"/home/user/Documents/passage/src/usecases/generateSeriesFor.ts","statementMap":{"0":{"start":{"line":7,"column":41},"end":{"line":7,"column":45}},"1":{"start":{"line":10,"column":28},"end":{"line":10,"column":29}},"2":{"start":{"line":13,"column":15},"end":{"line":13,"column":89}},"3":{"start":{"line":14,"column":2},"end":{"line":14,"column":74}},"4":{"start":{"line":24,"column":16},"end":{"line":24,"column":34}},"5":{"start":{"line":26,"column":20},"end":{"line":30,"column":4}},"6":{"start":{"line":32,"column":2},"end":{"line":32,"column":51}}},"fnMap":{"0":{"name":"resolveLevel","decl":{"start":{"line":12,"column":16},"end":{"line":12,"column":28}},"loc":{"start":{"line":12,"column":48},"end":{"line":15,"column":1}},"line":12},"1":{"name":"generateSeriesFor","decl":{"start":{"line":23,"column":22},"end":{"line":23,"column":39}},"loc":{"start":{"line":23,"column":88},"end":{"line":33,"column":1}},"line":23}},"branchMap":{"0":{"loc":{"start":{"line":13,"column":16},"end":{"line":13,"column":79}},"type":"binary-expr","locations":[{"start":{"line":13,"column":16},"end":{"line":13,"column":57}},{"start":{"line":13,"column":61},"end":{"line":13,"column":79}}],"line":13}},"s":{"0":5,"1":5,"2":31,"3":31,"4":25,"5":25,"6":20},"f":{"0":31,"1":25},"b":{"0":[31,23]},"_coverageSchema":"1a1c01bbd47fc00a2c39e90264f33305004495a9","hash":"3691b92ae789402de385b7d10233c98ead3a59f0"}
,"/home/user/Documents/passage/src/usecases/getTodaySeries.ts": {"path":"/home/user/Documents/passage/src/usecases/getTodaySeries.ts","statementMap":{"0":{"start":{"line":7,"column":14},"end":{"line":7,"column":34}},"1":{"start":{"line":11,"column":2},"end":{"line":11,"column":37}},"2":{"start":{"line":13,"column":19},"end":{"line":13,"column":45}},"3":{"start":{"line":14,"column":2},"end":{"line":21,"column":3}},"4":{"start":{"line":18,"column":4},"end":{"line":18,"column":96}},"5":{"start":{"line":18,"column":80},"end":{"line":18,"column":96}},"6":{"start":{"line":20,"column":4},"end":{"line":20,"column":36}},"7":{"start":{"line":23,"column":2},"end":{"line":23,"column":38}}},"fnMap":{"0":{"name":"getTodaySeries","decl":{"start":{"line":6,"column":22},"end":{"line":6,"column":36}},"loc":{"start":{"line":6,"column":72},"end":{"line":24,"column":1}},"line":6}},"branchMap":{"0":{"loc":{"start":{"line":14,"column":2},"end":{"line":21,"column":3}},"type":"if","locations":[{"start":{"line":14,"column":2},"end":{"line":21,"column":3}},{"start":{},"end":{}}],"line":14},"1":{"loc":{"start":{"line":18,"column":4},"end":{"line":18,"column":96}},"type":"if","locations":[{"start":{"line":18,"column":4},"end":{"line":18,"column":96}},{"start":{},"end":{}}],"line":18},"2":{"loc":{"start":{"line":18,"column":8},"end":{"line":18,"column":78}},"type":"binary-expr","locations":[{"start":{"line":18,"column":8},"end":{"line":18,"column":37}},{"start":{"line":18,"column":41},"end":{"line":18,"column":78}}],"line":18}},"s":{"0":21,"1":21,"2":21,"3":21,"4":7,"5":5,"6":2,"7":16},"f":{"0":21},"b":{"0":[7,14],"1":[5,2],"2":[7,5]},"_coverageSchema":"1a1c01bbd47fc00a2c39e90264f33305004495a9","hash":"1ea246443404c3a0eac449ee6ca43ba51ec176b3"}
,"/home/user/Documents/passage/src/usecases/prefetchTomorrow.ts": {"path":"/home/user/Documents/passage/src/usecases/prefetchTomorrow.ts","statementMap":{"0":{"start":{"line":14,"column":19},"end":{"line":14,"column":51}},"1":{"start":{"line":15,"column":2},"end":{"line":15,"column":46}},"2":{"start":{"line":15,"column":39},"end":{"line":15,"column":46}},"3":{"start":{"line":17,"column":2},"end":{"line":21,"column":3}},"4":{"start":{"line":18,"column":4},"end":{"line":18,"column":44}}},"fnMap":{"0":{"name":"prefetchTomorrow","decl":{"start":{"line":13,"column":22},"end":{"line":13,"column":38}},"loc":{"start":{"line":13,"column":66},"end":{"line":22,"column":1}},"line":13}},"branchMap":{"0":{"loc":{"start":{"line":15,"column":2},"end":{"line":15,"column":46}},"type":"if","locations":[{"start":{"line":15,"column":2},"end":{"line":15,"column":46}},{"start":{},"end":{}}],"line":15}},"s":{"0":10,"1":10,"2":1,"3":9,"4":9},"f":{"0":10},"b":{"0":[1,9]},"_coverageSchema":"1a1c01bbd47fc00a2c39e90264f33305004495a9","hash":"1ebb98ecbaa0cc601aae56a33c4b727aa3e4f557"}
,"/home/user/Documents/passage/src/usecases/reminders.ts": {"path":"/home/user/Documents/passage/src/usecases/reminders.ts","statementMap":{"0":{"start":{"line":11,"column":2},"end":{"line":19,"column":3}},"1":{"start":{"line":13,"column":22},"end":{"line":15,"column":5}},"2":{"start":{"line":16,"column":4},"end":{"line":16,"column":60}},"3":{"start":{"line":18,"column":4},"end":{"line":18,"column":16}},"4":{"start":{"line":23,"column":2},"end":{"line":23,"column":45}},"5":{"start":{"line":23,"column":33},"end":{"line":23,"column":45}},"6":{"start":{"line":25,"column":2},"end":{"line":32,"column":3}},"7":{"start":{"line":29,"column":4},"end":{"line":29,"column":64}},"8":{"start":{"line":31,"column":4},"end":{"line":31,"column":16}},"9":{"start":{"line":43,"column":18},"end":{"line":43,"column":29}},"10":{"start":{"line":44,"column":2},"end":{"line":44,"column":34}},"11":{"start":{"line":44,"column":22},"end":{"line":44,"column":34}},"12":{"start":{"line":45,"column":2},"end":{"line":45,"column":46}},"13":{"start":{"line":45,"column":34},"end":{"line":45,"column":46}},"14":{"start":{"line":47,"column":15},"end":{"line":47,"column":30}},"15":{"start":{"line":48,"column":2},"end":{"line":48,"column":47}},"16":{"start":{"line":53,"column":2},"end":{"line":53,"column":69}},"17":{"start":{"line":53,"column":56},"end":{"line":53,"column":69}},"18":{"start":{"line":54,"column":2},"end":{"line":54,"column":75}},"19":{"start":{"line":54,"column":62},"end":{"line":54,"column":75}},"20":{"start":{"line":56,"column":24},"end":{"line":56,"column":43}},"21":{"start":{"line":57,"column":2},"end":{"line":57,"column":35}},"22":{"start":{"line":57,"column":22},"end":{"line":57,"column":35}},"23":{"start":{"line":59,"column":2},"end":{"line":81,"column":3}},"24":{"start":{"line":60,"column":21},"end":{"line":60,"column":62}},"25":{"start":{"line":62,"column":6},"end":{"line":62,"column":81}},"26":{"start":{"line":63,"column":4},"end":{"line":63,"column":31}},"27":{"start":{"line":63,"column":18},"end":{"line":63,"column":31}},"28":{"start":{"line":65,"column":4},"end":{"line":65,"column":63}},"29":{"start":{"line":66,"column":4},"end":{"line":76,"column":7}},"30":{"start":{"line":78,"column":4},"end":{"line":78,"column":16}},"31":{"start":{"line":80,"column":4},"end":{"line":80,"column":17}},"32":{"start":{"line":85,"column":24},"end":{"line":85,"column":43}},"33":{"start":{"line":86,"column":2},"end":{"line":86,"column":29}},"34":{"start":{"line":86,"column":22},"end":{"line":86,"column":29}},"35":{"start":{"line":88,"column":2},"end":{"line":92,"column":3}},"36":{"start":{"line":89,"column":4},"end":{"line":89,"column":63}}},"fnMap":{"0":{"name":"notificationsAvailable","decl":{"start":{"line":10,"column":9},"end":{"line":10,"column":31}},"loc":{"start":{"line":10,"column":43},"end":{"line":20,"column":1}},"line":10},"1":{"name":"loadNotifications","decl":{"start":{"line":22,"column":9},"end":{"line":22,"column":26}},"loc":{"start":{"line":22,"column":57},"end":{"line":33,"column":1}},"line":22},"2":{"name":"parseReminderHour","decl":{"start":{"line":42,"column":16},"end":{"line":42,"column":33}},"loc":{"start":{"line":42,"column":63},"end":{"line":49,"column":1}},"line":42},"3":{"name":"scheduleDailyReminder","decl":{"start":{"line":52,"column":22},"end":{"line":52,"column":43}},"loc":{"start":{"line":52,"column":88},"end":{"line":82,"column":1}},"line":52},"4":{"name":"cancelDailyReminder","decl":{"start":{"line":84,"column":22},"end":{"line":84,"column":41}},"loc":{"start":{"line":84,"column":59},"end":{"line":93,"column":1}},"line":84}},"branchMap":{"0":{"loc":{"start":{"line":23,"column":2},"end":{"line":23,"column":45}},"type":"if","locations":[{"start":{"line":23,"column":2},"end":{"line":23,"column":45}},{"start":{},"end":{}}],"line":23},"1":{"loc":{"start":{"line":44,"column":2},"end":{"line":44,"column":34}},"type":"if","locations":[{"start":{"line":44,"column":2},"end":{"line":44,"column":34}},{"start":{},"end":{}}],"line":44},"2":{"loc":{"start":{"line":45,"column":2},"end":{"line":45,"column":46}},"type":"if","locations":[{"start":{"line":45,"column":2},"end":{"line":45,"column":46}},{"start":{},"end":{}}],"line":45},"3":{"loc":{"start":{"line":48,"column":9},"end":{"line":48,"column":46}},"type":"cond-expr","locations":[{"start":{"line":48,"column":35},"end":{"line":48,"column":39}},{"start":{"line":48,"column":42},"end":{"line":48,"column":46}}],"line":48},"4":{"loc":{"start":{"line":48,"column":9},"end":{"line":48,"column":32}},"type":"binary-expr","locations":[{"start":{"line":48,"column":9},"end":{"line":48,"column":18}},{"start":{"line":48,"column":22},"end":{"line":48,"column":32}}],"line":48},"5":{"loc":{"start":{"line":52,"column":58},"end":{"line":52,"column":68}},"type":"default-arg","locations":[{"start":{"line":52,"column":67},"end":{"line":52,"column":68}}],"line":52},"6":{"loc":{"start":{"line":53,"column":2},"end":{"line":53,"column":69}},"type":"if","locations":[{"start":{"line":53,"column":2},"end":{"line":53,"column":69}},{"start":{},"end":{}}],"line":53},"7":{"loc":{"start":{"line":53,"column":6},"end":{"line":53,"column":54}},"type":"binary-expr","locations":[{"start":{"line":53,"column":6},"end":{"line":53,"column":29}},{"start":{"line":53,"column":33},"end":{"line":53,"column":41}},{"start":{"line":53,"column":45},"end":{"line":53,"column":54}}],"line":53},"8":{"loc":{"start":{"line":54,"column":2},"end":{"line":54,"column":75}},"type":"if","locations":[{"start":{"line":54,"column":2},"end":{"line":54,"column":75}},{"start":{},"end":{}}],"line":54},"9":{"loc":{"start":{"line":54,"column":6},"end":{"line":54,"column":60}},"type":"binary-expr","locations":[{"start":{"line":54,"column":6},"end":{"line":54,"column":31}},{"start":{"line":54,"column":35},"end":{"line":54,"column":45}},{"start":{"line":54,"column":49},"end":{"line":54,"column":60}}],"line":54},"10":{"loc":{"start":{"line":57,"column":2},"end":{"line":57,"column":35}},"type":"if","locations":[{"start":{"line":57,"column":2},"end":{"line":57,"column":35}},{"start":{},"end":{}}],"line":57},"11":{"loc":{"start":{"line":62,"column":6},"end":{"line":62,"column":81}},"type":"binary-expr","locations":[{"start":{"line":62,"column":6},"end":{"line":62,"column":22}},{"start":{"line":62,"column":26},"end":{"line":62,"column":81}}],"line":62},"12":{"loc":{"start":{"line":63,"column":4},"end":{"line":63,"column":31}},"type":"if","locations":[{"start":{"line":63,"column":4},"end":{"line":63,"column":31}},{"start":{},"end":{}}],"line":63},"13":{"loc":{"start":{"line":86,"column":2},"end":{"line":86,"column":29}},"type":"if","locations":[{"start":{"line":86,"column":2},"end":{"line":86,"column":29}},{"start":{},"end":{}}],"line":86}},"s":{"0":7,"1":7,"2":0,"3":7,"4":7,"5":0,"6":7,"7":7,"8":0,"9":18,"10":18,"11":4,"12":14,"13":4,"14":10,"15":10,"16":7,"17":2,"18":5,"19":0,"20":5,"21":5,"22":0,"23":5,"24":5,"25":4,"26":4,"27":1,"28":3,"29":3,"30":3,"31":1,"32":2,"33":2,"34":0,"35":2,"36":2},"f":{"0":7,"1":7,"2":18,"3":7,"4":2},"b":{"0":[0,7],"1":[4,14],"2":[4,10],"3":[7,3],"4":[10,10],"5":[0],"6":[2,5],"7":[7,7,6],"8":[0,5],"9":[5,5,5],"10":[0,5],"11":[4,2],"12":[1,3],"13":[0,2]},"_coverageSchema":"1a1c01bbd47fc00a2c39e90264f33305004495a9","hash":"448fe8501cb791e2361355bc252d025fe65e3b6c"}
,"/home/user/Documents/passage/src/usecases/retryPendingCorrection.ts": {"path":"/home/user/Documents/passage/src/usecases/retryPendingCorrection.ts","statementMap":{"0":{"start":{"line":17,"column":18},"end":{"line":20,"column":90}},"1":{"start":{"line":20,"column":24},"end":{"line":20,"column":89}},"2":{"start":{"line":20,"column":53},"end":{"line":20,"column":88}},"3":{"start":{"line":22,"column":35},"end":{"line":22,"column":39}},"4":{"start":{"line":24,"column":2},"end":{"line":32,"column":3}},"5":{"start":{"line":25,"column":4},"end":{"line":31,"column":5}},"6":{"start":{"line":26,"column":24},"end":{"line":26,"column":60}},"7":{"start":{"line":27,"column":6},"end":{"line":27,"column":26}},"8":{"start":{"line":34,"column":2},"end":{"line":34,"column":15}}},"fnMap":{"0":{"name":"retryPendingCorrection","decl":{"start":{"line":16,"column":22},"end":{"line":16,"column":44}},"loc":{"start":{"line":16,"column":87},"end":{"line":35,"column":1}},"line":16},"1":{"name":"(anonymous_1)","decl":{"start":{"line":20,"column":12},"end":{"line":20,"column":13}},"loc":{"start":{"line":20,"column":24},"end":{"line":20,"column":89}},"line":20},"2":{"name":"(anonymous_2)","decl":{"start":{"line":20,"column":46},"end":{"line":20,"column":47}},"loc":{"start":{"line":20,"column":53},"end":{"line":20,"column":88}},"line":20}},"branchMap":{"0":{"loc":{"start":{"line":20,"column":54},"end":{"line":20,"column":69}},"type":"binary-expr","locations":[{"start":{"line":20,"column":54},"end":{"line":20,"column":63}},{"start":{"line":20,"column":67},"end":{"line":20,"column":69}}],"line":20}},"s":{"0":8,"1":10,"2":14,"3":8,"4":8,"5":9,"6":9,"7":7,"8":8},"f":{"0":8,"1":10,"2":14},"b":{"0":[14,5]},"_coverageSchema":"1a1c01bbd47fc00a2c39e90264f33305004495a9","hash":"83497859daba018512616f8936f6d960ee2c6f2b"}
,"/home/user/Documents/passage/src/usecases/submitAnswers.ts": {"path":"/home/user/Documents/passage/src/usecases/submitAnswers.ts","statementMap":{"0":{"start":{"line":13,"column":2},"end":{"line":13,"column":45}},"1":{"start":{"line":14,"column":2},"end":{"line":14,"column":49}},"2":{"start":{"line":19,"column":17},"end":{"line":19,"column":47}},"3":{"start":{"line":20,"column":2},"end":{"line":20,"column":86}},"4":{"start":{"line":20,"column":15},"end":{"line":20,"column":86}},"5":{"start":{"line":22,"column":20},"end":{"line":22,"column":56}},"6":{"start":{"line":25,"column":2},"end":{"line":25,"column":30}},"7":{"start":{"line":27,"column":2},"end":{"line":27,"column":19}}},"fnMap":{"0":{"name":"submitAnswers","decl":{"start":{"line":7,"column":22},"end":{"line":7,"column":35}},"loc":{"start":{"line":11,"column":25},"end":{"line":28,"column":1}},"line":11}},"branchMap":{"0":{"loc":{"start":{"line":20,"column":2},"end":{"line":20,"column":86}},"type":"if","locations":[{"start":{"line":20,"column":2},"end":{"line":20,"column":86}},{"start":{},"end":{}}],"line":20}},"s":{"0":11,"1":11,"2":11,"3":11,"4":0,"5":11,"6":6,"7":6},"f":{"0":11},"b":{"0":[0,11]},"_coverageSchema":"1a1c01bbd47fc00a2c39e90264f33305004495a9","hash":"b54c6ce7a7b7d2f57287f3200a89d466b0fcc6ee"}
,"/home/user/Documents/passage/src/usecases/__tests__/fixtures.ts": {"path":"/home/user/Documents/passage/src/usecases/__tests__/fixtures.ts","statementMap":{"0":{"start":{"line":10,"column":35},"end":{"line":14,"column":3}},"1":{"start":{"line":10,"column":72},"end":{"line":14,"column":1}},"2":{"start":{"line":16,"column":23},"end":{"line":19,"column":3}},"3":{"start":{"line":16,"column":43},"end":{"line":19,"column":1}},"4":{"start":{"line":21,"column":27},"end":{"line":27,"column":3}},"5":{"start":{"line":21,"column":47},"end":{"line":27,"column":1}},"6":{"start":{"line":39,"column":13},"end":{"line":39,"column":25}},"7":{"start":{"line":40,"column":2},"end":{"line":40,"column":14}},"8":{"start":{"line":42,"column":25},"end":{"line":42,"column":58}},"9":{"start":{"line":43,"column":24},"end":{"line":45,"column":71}},"10":{"start":{"line":47,"column":23},"end":{"line":50,"column":3}},"11":{"start":{"line":52,"column":14},"end":{"line":52,"column":19}},"12":{"start":{"line":53,"column":14},"end":{"line":53,"column":25}},"13":{"start":{"line":53,"column":20},"end":{"line":53,"column":25}},"14":{"start":{"line":55,"column":2},"end":{"line":69,"column":4}},"15":{"start":{"line":60,"column":6},"end":{"line":60,"column":19}}},"fnMap":{"0":{"name":"(anonymous_0)","decl":{"start":{"line":10,"column":61},"end":{"line":10,"column":62}},"loc":{"start":{"line":10,"column":72},"end":{"line":14,"column":1}},"line":10},"1":{"name":"(anonymous_1)","decl":{"start":{"line":16,"column":32},"end":{"line":16,"column":33}},"loc":{"start":{"line":16,"column":43},"end":{"line":19,"column":1}},"line":16},"2":{"name":"(anonymous_2)","decl":{"start":{"line":21,"column":36},"end":{"line":21,"column":37}},"loc":{"start":{"line":21,"column":47},"end":{"line":27,"column":1}},"line":21},"3":{"name":"makeHarness","decl":{"start":{"line":38,"column":16},"end":{"line":38,"column":27}},"loc":{"start":{"line":38,"column":74},"end":{"line":70,"column":1}},"line":38},"4":{"name":"(anonymous_4)","decl":{"start":{"line":53,"column":14},"end":{"line":53,"column":15}},"loc":{"start":{"line":53,"column":20},"end":{"line":53,"column":25}},"line":53},"5":{"name":"(anonymous_5)","decl":{"start":{"line":59,"column":12},"end":{"line":59,"column":13}},"loc":{"start":{"line":59,"column":28},"end":{"line":61,"column":5}},"line":59}},"branchMap":{"0":{"loc":{"start":{"line":38,"column":28},"end":{"line":38,"column":63}},"type":"default-arg","locations":[{"start":{"line":38,"column":36},"end":{"line":38,"column":63}}],"line":38}},"s":{"0":3,"1":15,"2":3,"3":15,"4":3,"5":15,"6":33,"7":33,"8":33,"9":33,"10":33,"11":33,"12":33,"13":92,"14":33,"15":1},"f":{"0":15,"1":15,"2":15,"3":33,"4":92,"5":1},"b":{"0":[32]},"_coverageSchema":"1a1c01bbd47fc00a2c39e90264f33305004495a9","hash":"ec1079f8ae684408faa46ec2f3d48d60d5fee9fa"}
}
