TN:
SF:app/history.tsx
FN:17,History
FN:23,HistoryReady
FN:29,(anonymous_2)
FN:29,(anonymous_3)
FN:32,(anonymous_4)
FN:37,(anonymous_5)
FN:42,(anonymous_6)
FN:52,(anonymous_7)
FN:73,(anonymous_8)
FN:78,(anonymous_9)
FN:103,(anonymous_10)
FN:111,(anonymous_11)
FN:120,tint
FNF:13
FNH:11
FNDA:4,History
FNDA:8,HistoryReady
FNDA:4,(anonymous_2)
FNDA:4,(anonymous_3)
FNDA:8,(anonymous_4)
FNDA:8,(anonymous_5)
FNDA:16,(anonymous_6)
FNDA:0,(anonymous_7)
FNDA:16,(anonymous_8)
FNDA:1,(anonymous_9)
FNDA:4,(anonymous_10)
FNDA:0,(anonymous_11)
FNDA:16,tint
DA:15,1
DA:18,4
DA:19,4
DA:20,4
DA:24,8
DA:25,8
DA:26,8
DA:28,8
DA:29,8
DA:32,8
DA:33,8
DA:36,8
DA:37,8
DA:42,16
DA:44,8
DA:52,0
DA:74,16
DA:78,1
DA:104,4
DA:111,0
DA:124,16
DA:126,10
DA:128,6
DA:130,0
LF:24
LH:21
BRDA:19,0,0,0
BRDA:19,0,1,4
BRDA:48,1,0,6
BRDA:48,1,1,2
BRDA:49,2,0,4
BRDA:49,2,1,2
BRDA:54,3,0,6
BRDA:54,3,1,2
BRDA:98,4,0,2
BRDA:98,4,1,6
BRDA:124,5,0,10
BRDA:124,5,1,6
BRDA:124,5,2,0
BRF:13
BRH:11
end_of_record
TN:
SF:app/index.tsx
FN:20,Today
FN:26,TodayReady
FN:40,(anonymous_2)
FN:49,(anonymous_3)
FN:56,(anonymous_4)
FN:65,(anonymous_5)
FN:73,(anonymous_6)
FN:79,(anonymous_7)
FN:85,(anonymous_8)
FN:91,(anonymous_9)
FN:92,(anonymous_10)
FN:102,(anonymous_11)
FN:111,(anonymous_12)
FN:113,(anonymous_13)
FN:121,(anonymous_14)
FN:178,(anonymous_15)
FN:185,(anonymous_16)
FN:190,(anonymous_17)
FN:200,DoneToday
FN:204,(anonymous_19)
FN:222,(anonymous_20)
FN:227,(anonymous_21)
FN:233,ErrorCard
FN:246,(anonymous_23)
FN:253,ErrorLine
FNF:25
FNH:21
FNDA:10,Today
FNDA:38,TodayReady
FNDA:18,(anonymous_2)
FNDA:10,(anonymous_3)
FNDA:40,(anonymous_4)
FNDA:20,(anonymous_5)
FNDA:12,(anonymous_6)
FNDA:10,(anonymous_7)
FNDA:10,(anonymous_8)
FNDA:14,(anonymous_9)
FNDA:14,(anonymous_10)
FNDA:2,(anonymous_11)
FNDA:78,(anonymous_12)
FNDA:2,(anonymous_13)
FNDA:10,(anonymous_14)
FNDA:125,(anonymous_15)
FNDA:14,(anonymous_16)
FNDA:0,(anonymous_17)
FNDA:1,DoneToday
FNDA:5,(anonymous_19)
FNDA:0,(anonymous_20)
FNDA:0,(anonymous_21)
FNDA:2,ErrorCard
FNDA:0,(anonymous_23)
FNDA:1,ErrorLine
DA:18,1
DA:21,10
DA:22,10
DA:23,10
DA:27,38
DA:28,38
DA:29,38
DA:31,38
DA:34,38
DA:35,38
DA:36,38
DA:37,38
DA:38,38
DA:40,38
DA:41,18
DA:46,38
DA:47,38
DA:49,38
DA:50,10
DA:51,10
DA:52,10
DA:53,10
DA:54,8
DA:55,8
DA:56,40
DA:59,2
DA:61,10
DA:65,38
DA:66,20
DA:67,20
DA:68,20
DA:70,12
DA:71,4
DA:73,12
DA:74,4
DA:75,4
DA:79,38
DA:84,38
DA:86,10
DA:91,38
DA:92,14
DA:93,14
DA:95,14
DA:97,14
DA:98,14
DA:100,14
DA:103,2
DA:104,2
DA:105,2
DA:111,78
DA:113,38
DA:114,2
DA:115,2
DA:116,2
DA:117,2
DA:118,2
DA:121,10
DA:126,1
DA:128,1
DA:130,2
DA:134,38
DA:135,10
DA:147,28
DA:148,2
DA:155,26
DA:159,26
DA:161,25
DA:179,125
DA:185,14
DA:190,0
DA:201,1
DA:202,1
DA:204,5
DA:205,1
DA:207,1
DA:222,0
DA:227,0
DA:234,2
DA:235,2
DA:237,2
DA:246,0
DA:254,1
DA:255,1
LF:83
LH:79
BRDA:22,0,0,0
BRDA:22,0,1,10
BRDA:56,1,0,40
BRDA:56,1,1,35
BRDA:59,2,0,2
BRDA:59,2,1,0
BRDA:68,3,0,16
BRDA:68,3,1,4
BRDA:75,4,0,4
BRDA:75,4,1,0
BRDA:93,5,0,0
BRDA:93,5,1,14
BRDA:98,6,0,0
BRDA:98,6,1,14
BRDA:111,7,0,38
BRDA:111,7,1,26
BRDA:111,8,0,78
BRDA:111,8,1,0
BRDA:114,9,0,0
BRDA:114,9,1,2
BRDA:123,10,0,10
BRDA:123,10,1,0
BRDA:128,11,0,1
BRDA:128,11,1,0
BRDA:134,12,0,10
BRDA:134,12,1,28
BRDA:147,13,0,2
BRDA:147,13,1,26
BRDA:147,14,0,28
BRDA:147,14,1,3
BRDA:155,15,0,0
BRDA:155,15,1,26
BRDA:159,16,0,1
BRDA:159,16,1,25
BRDA:167,17,0,1
BRDA:167,17,1,24
BRDA:169,18,0,2
BRDA:169,18,1,23
BRDA:169,19,0,1
BRDA:169,19,1,22
BRDA:184,20,0,125
BRDA:184,20,1,0
BRDA:213,21,0,1
BRDA:213,21,1,0
BRDA:242,22,0,1
BRDA:242,22,1,1
BRDA:257,23,0,1
BRDA:257,23,1,0
BRF:48
BRH:35
end_of_record
TN:
SF:app/onboarding.tsx
FN:18,Onboarding
FN:31,(anonymous_1)
FN:48,(anonymous_2)
FN:109,(anonymous_3)
FN:114,(anonymous_4)
FN:117,(anonymous_5)
FN:140,(anonymous_6)
FNF:7
FNH:6
FNDA:30,Onboarding
FNDA:6,(anonymous_1)
FNDA:4,(anonymous_2)
FNDA:20,(anonymous_3)
FNDA:0,(anonymous_4)
FNDA:4,(anonymous_5)
FNDA:4,(anonymous_6)
DA:19,30
DA:20,30
DA:22,30
DA:23,30
DA:24,30
DA:25,30
DA:26,30
DA:27,30
DA:28,30
DA:31,30
DA:32,6
DA:33,6
DA:34,6
DA:35,6
DA:40,5
DA:42,1
DA:44,6
DA:48,30
DA:49,4
DA:50,4
DA:51,4
DA:52,4
DA:53,4
DA:55,0
DA:56,0
DA:60,30
DA:110,20
DA:114,0
DA:117,4
DA:140,4
LF:30
LH:27
BRDA:42,0,0,1
BRDA:42,0,1,0
BRDA:74,1,0,13
BRDA:74,1,1,17
BRDA:90,2,0,1
BRDA:90,2,1,12
BRDA:94,3,0,0
BRDA:94,3,1,13
BRDA:102,4,0,5
BRDA:102,4,1,25
BRDA:121,5,0,12
BRDA:121,5,1,18
BRDA:135,6,0,0
BRDA:135,6,1,12
BRDA:139,7,0,4
BRDA:139,7,1,8
BRF:16
BRH:13
end_of_record
TN:
SF:app/settings.tsx
FN:23,SettingsScreen
FN:36,(anonymous_1)
FN:58,(anonymous_2)
FN:67,(anonymous_3)
FN:78,(anonymous_4)
FN:85,(anonymous_5)
FN:90,(anonymous_6)
FN:98,(anonymous_7)
FN:102,(anonymous_8)
FN:127,(anonymous_9)
FN:153,(anonymous_10)
FNF:11
FNH:10
FNDA:14,SettingsScreen
FNDA:2,(anonymous_1)
FNDA:2,(anonymous_2)
FNDA:1,(anonymous_3)
FNDA:0,(anonymous_4)
FNDA:56,(anonymous_5)
FNDA:1,(anonymous_6)
FNDA:42,(anonymous_7)
FNDA:1,(anonymous_8)
FNDA:2,(anonymous_9)
FNDA:2,(anonymous_10)
DA:17,1
DA:24,14
DA:25,14
DA:26,14
DA:28,14
DA:29,14
DA:30,14
DA:36,14
DA:37,2
DA:38,2
DA:39,2
DA:40,2
DA:45,1
DA:46,1
DA:47,1
DA:49,1
DA:54,2
DA:58,14
DA:59,2
DA:68,1
DA:75,14
DA:78,0
DA:86,56
DA:90,1
DA:99,42
DA:102,1
DA:128,2
DA:129,2
DA:153,2
LF:29
LH:28
BRDA:31,0,0,0
BRDA:31,0,1,14
BRDA:37,1,0,0
BRDA:37,1,1,2
BRDA:51,2,0,1
BRDA:51,2,1,0
BRDA:110,3,0,14
BRDA:110,3,1,28
BRDA:151,4,0,0
BRDA:151,4,1,14
BRF:10
BRH:6
end_of_record
TN:
SF:app/correction/[day].tsx
FN:18,Correction
FN:24,CorrectionReady
FN:33,(anonymous_2)
FN:33,(anonymous_3)
FN:36,(anonymous_4)
FN:49,(anonymous_5)
FN:55,(anonymous_6)
FN:62,(anonymous_7)
FN:80,(anonymous_8)
FN:87,SentenceCorrection
FN:91,(anonymous_10)
FN:126,(anonymous_11)
FN:147,formatDay
FNF:13
FNH:11
FNDA:3,Correction
FNDA:6,CorrectionReady
FNDA:3,(anonymous_2)
FNDA:3,(anonymous_3)
FNDA:6,(anonymous_4)
FNDA:0,(anonymous_5)
FNDA:20,(anonymous_6)
FNDA:0,(anonymous_7)
FNDA:20,(anonymous_8)
FNDA:20,SentenceCorrection
FNDA:10,(anonymous_10)
FNDA:4,(anonymous_11)
FNDA:4,formatDay
DA:19,3
DA:20,3
DA:21,3
DA:25,6
DA:26,6
DA:27,6
DA:28,6
DA:32,6
DA:33,6
DA:35,6
DA:36,6
DA:40,6
DA:42,6
DA:43,2
DA:49,0
DA:55,20
DA:57,4
DA:62,0
DA:81,20
DA:88,20
DA:89,20
DA:90,20
DA:91,20
DA:92,20
DA:94,20
DA:127,4
DA:148,4
DA:149,4
LF:28
LH:26
BRDA:20,0,0,0
BRDA:20,0,1,3
BRDA:36,1,0,6
BRDA:36,1,1,0
BRDA:42,2,0,2
BRDA:42,2,1,4
BRDA:67,3,0,0
BRDA:67,3,1,4
BRDA:69,4,0,4
BRDA:69,4,1,0
BRDA:73,5,0,4
BRDA:73,5,1,0
BRDA:89,6,0,20
BRDA:89,6,1,0
BRDA:90,7,0,20
BRDA:90,7,1,0
BRDA:109,8,0,16
BRDA:109,8,1,4
BRDA:118,9,0,4
BRDA:118,9,1,16
BRDA:124,10,0,4
BRDA:124,10,1,16
BRF:22
BRH:15
end_of_record
TN:
SF:src/ai/claude.ts
FN:47,parseWithRetry
FN:65,makeAiClient
FN:69,(anonymous_2)
FN:70,(anonymous_3)
FN:85,(anonymous_4)
FN:86,(anonymous_5)
FN:101,(anonymous_6)
FNF:7
FNH:7
FNDA:14,parseWithRetry
FNDA:13,makeAiClient
FNDA:9,(anonymous_2)
FNDA:11,(anonymous_3)
FNDA:5,(anonymous_4)
FNDA:5,(anonymous_5)
FNDA:26,(anonymous_6)
DA:15,1
DA:16,1
DA:17,1
DA:48,14
DA:50,14
DA:51,16
DA:52,16
DA:53,10
DA:54,0
DA:56,6
DA:57,6
DA:58,3
DA:62,1
DA:66,13
DA:68,13
DA:70,9
DA:71,11
DA:82,6
DA:86,5
DA:87,5
DA:99,4
DA:101,26
LF:22
LH:21
BRDA:53,0,0,10
BRDA:53,0,1,0
BRDA:57,1,0,3
BRDA:57,1,1,3
BRF:4
BRH:3
end_of_record
TN:
SF:src/ai/errors.ts
FN:19,(anonymous_0)
FN:33,toAppError
FNF:2
FNH:2
FNDA:46,(anonymous_0)
FNDA:20,toAppError
DA:10,8
DA:24,46
DA:25,46
DA:34,20
DA:37,12
DA:38,4
DA:40,8
DA:41,6
DA:42,5
DA:43,2
DA:44,1
DA:46,1
LF:12
LH:12
BRDA:24,0,0,46
BRDA:24,0,1,46
BRDA:34,1,0,8
BRDA:34,1,1,12
BRDA:37,2,0,4
BRDA:37,2,1,8
BRDA:37,3,0,12
BRDA:37,3,1,11
BRDA:40,4,0,2
BRDA:40,4,1,6
BRDA:41,5,0,1
BRDA:41,5,1,5
BRDA:42,6,0,3
BRDA:42,6,1,2
BRDA:43,7,0,1
BRDA:43,7,1,1
BRF:16
BRH:16
end_of_record
TN:
SF:src/ai/prompts.ts
FN:51,generationUserMessage
FN:67,(anonymous_1)
FN:74,correctionUserMessage
FN:79,(anonymous_3)
FNF:4
FNH:4
FNDA:11,generationUserMessage
FNDA:2,(anonymous_1)
FNDA:5,correctionUserMessage
FNDA:21,(anonymous_3)
DA:10,1
DA:34,1
DA:56,11
DA:58,11
DA:64,11
DA:65,2
DA:67,2
DA:71,11
DA:78,5
DA:80,21
DA:86,5
LF:11
LH:11
BRDA:59,0,0,2
BRDA:59,0,1,9
BRDA:64,1,0,2
BRDA:64,1,1,9
BRDA:83,2,0,21
BRDA:83,2,1,1
BRF:6
BRH:6
end_of_record
TN:
SF:src/ai/schemas.ts
FN:42,(anonymous_0)
FN:42,(anonymous_1)
FNF:2
FNH:2
FNDA:4,(anonymous_0)
FNDA:18,(anonymous_1)
DA:12,2
DA:14,2
DA:26,2
DA:42,18
LF:4
LH:4
BRF:0
BRH:0
end_of_record
TN:
SF:src/core/date.ts
FN:3,(anonymous_0)
FN:5,localDay
FN:9,addDays
FNF:3
FNH:3
FNDA:1694,(anonymous_0)
FNDA:847,localDay
FNDA:798,addDays
DA:3,1694
DA:6,847
DA:10,798
DA:11,798
LF:4
LH:4
BRF:0
BRH:0
end_of_record
TN:
SF:src/core/diff.ts
FN:4,(anonymous_0)
FN:6,(anonymous_1)
FN:9,wordDiff
FN:14,(anonymous_3)
FNF:4
FNH:4
FNDA:38,(anonymous_0)
FNDA:162,(anonymous_1)
FNDA:19,wordDiff
FNDA:64,(anonymous_3)
DA:4,38
DA:6,162
DA:10,19
DA:11,19
DA:14,19
DA:15,64
DA:17,19
DA:18,45
DA:19,114
DA:25,19
DA:26,19
DA:27,19
DA:28,19
DA:29,48
DA:32,38
DA:33,38
DA:34,38
DA:35,10
DA:36,5
DA:38,5
DA:41,19
DA:42,19
DA:44,19
LF:23
LH:23
BRDA:4,0,0,38
BRDA:4,0,1,2
BRDA:19,1,0,38
BRDA:19,1,1,76
BRDA:28,2,0,67
BRDA:28,2,1,49
BRDA:29,3,0,38
BRDA:29,3,1,10
BRDA:35,4,0,5
BRDA:35,4,1,5
BRF:10
BRH:10
end_of_record
TN:
SF:src/core/errorTags.ts
FN:21,parseErrorTags
FN:26,(anonymous_1)
FN:57,topWeakTags
FN:64,(anonymous_3)
FN:66,(anonymous_4)
FNF:5
FNH:5
FNDA:1213,parseErrorTags
FNDA:33,(anonymous_1)
FNDA:39,topWeakTags
FNDA:12,(anonymous_3)
FNDA:16,(anonymous_4)
DA:5,16
DA:22,1213
DA:23,309
DA:24,309
DA:25,308
DA:26,307
DA:28,1
DA:32,16
DA:50,16
DA:58,39
DA:59,39
DA:60,40
DA:63,39
DA:64,12
DA:66,16
LF:15
LH:15
BRDA:22,0,0,904
BRDA:22,0,1,309
BRDA:25,1,0,1
BRDA:25,1,1,307
BRDA:57,2,0,38
BRDA:60,3,0,36
BRDA:60,3,1,19
BRDA:64,4,0,12
BRDA:64,4,1,4
BRF:9
BRH:9
end_of_record
TN:
SF:src/core/levels.ts
FN:26,effectiveLevel
FN:30,(anonymous_1)
FNF:2
FNH:2
FNDA:42,effectiveLevel
FNDA:43,(anonymous_1)
DA:1,8
DA:5,8
DA:7,8
DA:17,8
DA:18,8
DA:19,8
DA:20,8
DA:27,42
DA:28,42
DA:30,43
DA:31,13
DA:33,13
DA:34,13
LF:13
LH:13
BRDA:28,0,0,29
BRDA:28,0,1,13
BRDA:31,1,0,9
BRDA:31,1,1,4
BRDA:31,2,0,3
BRDA:31,2,1,1
BRF:6
BRH:6
end_of_record
TN:
SF:src/core/scores.ts
FN:2,round1
FN:10,averageScore
FN:11,(anonymous_2)
FN:13,(anonymous_3)
FN:22,scoreBand
FN:29,formatStreak
FNF:6
FNH:6
FNDA:57,round1
FNDA:17,averageScore
FNDA:51,(anonymous_2)
FNDA:48,(anonymous_3)
FNDA:48,scoreBand
FNDA:14,formatStreak
DA:3,57
DA:11,51
DA:12,17
DA:13,48
DA:17,12
DA:18,12
DA:23,48
DA:24,16
DA:25,6
DA:30,14
LF:10
LH:10
BRDA:12,0,0,4
BRDA:12,0,1,13
BRDA:23,1,0,32
BRDA:23,1,1,16
BRDA:24,2,0,10
BRDA:24,2,1,6
BRDA:30,3,0,5
BRDA:30,3,1,9
BRF:8
BRH:8
end_of_record
TN:
SF:src/core/streak.ts
FN:7,currentStreak
FNF:1
FNH:1
FNDA:25,currentStreak
DA:8,25
DA:10,25
DA:11,25
DA:13,19
DA:14,19
DA:15,36
DA:16,36
DA:18,19
LF:8
LH:8
BRDA:10,0,0,12
BRDA:10,0,1,13
BRDA:11,1,0,6
BRDA:11,1,1,19
BRF:4
BRH:4
end_of_record
TN:
SF:src/data/migrations.ts
FN:51,addColumnIfMissing
FN:53,(anonymous_1)
FN:58,migrate
FNF:3
FNH:3
FNDA:1,addColumnIfMissing
FNDA:6,(anonymous_1)
FNDA:114,migrate
DA:3,14
DA:5,14
DA:52,1
DA:53,6
DA:54,1
DA:59,114
DA:61,114
DA:62,114
DA:63,111
DA:64,3
DA:65,1
DA:66,1
LF:12
LH:12
BRDA:53,0,0,1
BRDA:53,0,1,0
BRDA:62,1,0,111
BRDA:62,1,1,3
BRDA:64,2,0,1
BRDA:64,2,1,2
BRDA:65,3,0,1
BRDA:65,3,1,0
BRF:8
BRH:6
end_of_record
TN:
SF:src/data/seriesRepository.ts
FN:73,(anonymous_0)
FN:75,(anonymous_1)
FN:78,(anonymous_2)
FN:83,(anonymous_3)
FN:89,(anonymous_4)
FN:90,(anonymous_5)
FN:93,(anonymous_6)
FN:96,(anonymous_7)
FN:97,(anonymous_8)
FN:104,(anonymous_9)
FN:116,(anonymous_10)
FN:117,(anonymous_11)
FN:137,(anonymous_12)
FN:138,(anonymous_13)
FN:148,(anonymous_14)
FN:160,(anonymous_15)
FN:165,(anonymous_16)
FN:170,(anonymous_17)
FN:173,(anonymous_18)
FN:177,(anonymous_19)
FN:210,(anonymous_20)
FN:222,(anonymous_21)
FN:229,(anonymous_22)
FN:238,(anonymous_23)
FN:244,(anonymous_24)
FN:250,(anonymous_25)
FN:269,(anonymous_26)
FNF:27
FNH:26
FNDA:98,(anonymous_0)
FNDA:46,(anonymous_1)
FNDA:26,(anonymous_2)
FNDA:200,(anonymous_3)
FNDA:12,(anonymous_4)
FNDA:22,(anonymous_5)
FNDA:14,(anonymous_6)
FNDA:126,(anonymous_7)
FNDA:126,(anonymous_8)
FNDA:598,(anonymous_9)
FNDA:81,(anonymous_10)
FNDA:81,(anonymous_11)
FNDA:5,(anonymous_12)
FNDA:5,(anonymous_13)
FNDA:43,(anonymous_14)
FNDA:57,(anonymous_15)
FNDA:283,(anonymous_16)
FNDA:280,(anonymous_17)
FNDA:2,(anonymous_18)
FNDA:54,(anonymous_19)
FNDA:29,(anonymous_20)
FNDA:71,(anonymous_21)
FNDA:23,(anonymous_22)
FNDA:126,(anonymous_23)
FNDA:0,(anonymous_24)
FNDA:210,(anonymous_25)
FNDA:1018,(anonymous_26)
DA:42,12
DA:75,46
DA:79,26
DA:80,26
DA:84,200
DA:85,200
DA:90,22
DA:91,12
DA:93,14
DA:97,126
DA:98,126
DA:102,126
DA:104,126
DA:105,598
DA:112,126
DA:117,81
DA:118,81
DA:119,377
DA:138,5
DA:139,5
DA:143,5
DA:144,5
DA:149,43
DA:150,1
DA:152,42
DA:161,57
DA:165,283
DA:167,57
DA:168,1
DA:170,280
DA:171,56
DA:172,2
DA:173,2
DA:177,54
DA:178,54
DA:179,270
DA:195,54
DA:211,29
DA:222,71
DA:230,23
DA:234,23
DA:235,23
DA:239,126
DA:240,126
DA:241,126
DA:245,0
DA:246,0
DA:247,0
DA:251,210
DA:261,210
DA:269,1018
LF:51
LH:48
BRDA:75,0,0,22
BRDA:80,1,0,25
BRDA:80,1,1,1
BRDA:85,2,0,171
BRDA:85,2,1,29
BRDA:149,3,0,1
BRDA:149,3,1,42
BRDA:160,4,0,41
BRDA:167,5,0,1
BRDA:167,5,1,56
BRDA:171,6,0,2
BRDA:171,6,1,54
BRDA:240,7,0,0
BRDA:240,7,1,126
BRDA:246,8,0,0
BRDA:246,8,1,0
BRF:16
BRH:13
end_of_record
TN:
SF:src/data/settingsRepository.ts
FN:11,(anonymous_0)
FN:13,(anonymous_1)
FN:18,(anonymous_2)
FNF:3
FNH:3
FNDA:66,(anonymous_0)
FNDA:62,(anonymous_1)
FNDA:18,(anonymous_2)
DA:3,12
DA:14,62
DA:15,62
DA:19,18
LF:4
LH:4
BRDA:15,0,0,12
BRDA:15,0,1,50
BRF:2
BRH:2
end_of_record
TN:
SF:src/data/statsRepository.ts
FN:6,(anonymous_0)
FN:9,(anonymous_1)
FN:22,(anonymous_2)
FN:30,(anonymous_3)
FN:53,(anonymous_4)
FN:56,(anonymous_5)
FN:59,(anonymous_6)
FN:70,(anonymous_7)
FNF:8
FNH:8
FNDA:64,(anonymous_0)
FNDA:35,(anonymous_1)
FNDA:24,(anonymous_2)
FNDA:38,(anonymous_3)
FNDA:18,(anonymous_4)
FNDA:22,(anonymous_5)
FNDA:10,(anonymous_6)
FNDA:18,(anonymous_7)
DA:10,35
DA:22,24
DA:31,38
DA:43,38
DA:44,38
DA:45,190
DA:46,190
DA:47,190
DA:50,38
DA:54,18
DA:56,22
DA:60,10
DA:70,18
LF:13
LH:13
BRDA:45,0,0,190
BRDA:45,0,1,38
BRF:2
BRH:2
end_of_record
TN:
SF:src/data/wipe.ts
FN:13,wipeAllData
FN:14,(anonymous_1)
FNF:2
FNH:2
FNDA:3,wipeAllData
FNDA:3,(anonymous_1)
DA:14,3
DA:15,3
DA:16,3
DA:17,3
DA:18,3
LF:5
LH:5
BRF:0
BRH:0
end_of_record
TN:
SF:src/data/__tests__/testDb.ts
FN:5,makeTestDb
FN:10,(anonymous_1)
FN:11,(anonymous_2)
FN:13,(anonymous_3)
FN:16,(anonymous_4)
FNF:5
FNH:5
FNDA:83,makeTestDb
FNDA:86,(anonymous_1)
FNDA:715,(anonymous_2)
FNDA:1275,(anonymous_3)
FNDA:207,(anonymous_4)
DA:6,83
DA:7,83
DA:9,83
DA:10,86
DA:12,715
DA:14,1275
DA:17,207
DA:18,207
DA:19,207
DA:20,207
DA:21,207
DA:23,0
DA:24,0
LF:13
LH:11
BRDA:11,0,0,108
BRDA:13,1,0,20
BRF:2
BRH:2
end_of_record
TN:
SF:src/ui/AppProvider.tsx
FN:52,readSettings
FN:65,AppProvider
FN:71,(anonymous_2)
FN:74,(anonymous_3)
FN:91,(anonymous_4)
FN:99,(anonymous_5)
FN:104,(anonymous_6)
FN:110,(anonymous_7)
FN:116,(anonymous_8)
FN:126,(anonymous_9)
FN:129,(anonymous_10)
FN:137,(anonymous_11)
FN:144,useApp
FN:151,useDeps
FNF:14
FNH:9
FNDA:7,readSettings
FNDA:16,AppProvider
FNDA:8,(anonymous_2)
FNDA:8,(anonymous_3)
FNDA:8,(anonymous_4)
FNDA:10,(anonymous_5)
FNDA:0,(anonymous_6)
FNDA:16,(anonymous_7)
FNDA:0,(anonymous_8)
FNDA:0,(anonymous_9)
FNDA:0,(anonymous_10)
FNDA:16,(anonymous_11)
FNDA:16,useApp
FNDA:0,useDeps
DA:33,1
DA:50,1
DA:53,7
DA:54,7
DA:55,7
DA:57,7
DA:66,16
DA:67,16
DA:68,16
DA:69,16
DA:71,16
DA:72,8
DA:74,8
DA:77,8
DA:78,8
DA:79,7
DA:81,7
DA:82,7
DA:84,1
DA:85,1
DA:87,8
DA:91,8
DA:92,8
DA:99,16
DA:100,10
DA:101,2
DA:104,16
DA:105,0
DA:106,0
DA:110,16
DA:111,16
DA:112,8
DA:113,1
DA:116,16
DA:117,0
DA:118,0
DA:119,0
DA:120,0
DA:121,0
DA:123,0
DA:124,0
DA:126,0
DA:129,16
DA:130,0
DA:131,0
DA:132,0
DA:133,0
DA:136,16
DA:137,16
DA:141,16
DA:145,16
DA:146,16
DA:147,16
DA:152,0
DA:153,0
DA:154,0
LF:56
LH:39
BRDA:58,0,0,7
BRDA:58,0,1,6
BRDA:59,1,0,7
BRDA:59,1,1,7
BRDA:60,2,0,6
BRDA:60,2,1,1
BRDA:60,3,0,7
BRDA:60,3,1,1
BRDA:61,4,0,7
BRDA:61,4,1,0
BRDA:79,5,0,0
BRDA:79,5,1,7
BRDA:82,6,0,2
BRDA:82,6,1,5
BRDA:84,7,0,0
BRDA:84,7,1,1
BRDA:85,8,0,1
BRDA:85,8,1,0
BRDA:87,9,0,8
BRDA:87,9,1,0
BRDA:100,10,0,8
BRDA:100,10,1,2
BRDA:111,11,0,8
BRDA:111,11,1,8
BRDA:112,12,0,7
BRDA:112,12,1,1
BRDA:118,13,0,0
BRDA:118,13,1,0
BRDA:119,14,0,0
BRDA:119,14,1,0
BRDA:120,15,0,0
BRDA:120,15,1,0
BRDA:121,16,0,0
BRDA:121,16,1,0
BRDA:123,17,0,0
BRDA:123,17,1,0
BRDA:146,18,0,0
BRDA:146,18,1,16
BRDA:153,19,0,0
BRDA:153,19,1,0
BRF:40
BRH:22
end_of_record
TN:
SF:src/ui/Logo.tsx
FN:11,Logo
FNF:1
FNH:1
FNDA:30,Logo
DA:12,30
DA:13,30
DA:15,30
LF:3
LH:3
BRDA:11,0,0,0
BRF:1
BRH:0
end_of_record
TN:
SF:src/ui/ThemeProvider.tsx
FN:11,ThemeProvider
FN:23,(anonymous_1)
FN:35,useThemeContext
FNF:3
FNH:3
FNDA:32,ThemeProvider
FNDA:32,(anonymous_1)
FNDA:1074,useThemeContext
DA:5,9
DA:20,32
DA:22,32
DA:24,32
DA:31,32
DA:36,1074
LF:6
LH:6
BRDA:13,0,0,0
BRDA:14,1,0,32
BRDA:25,2,0,0
BRDA:25,2,1,32
BRDA:36,3,0,1074
BRDA:36,3,1,12
BRF:6
BRH:4
end_of_record
TN:
SF:src/ui/bootRoute.ts
FN:10,resolveBootRoute
FNF:1
FNH:1
FNDA:10,resolveBootRoute
DA:17,10
DA:19,6
DA:20,3
LF:3
LH:3
BRDA:17,0,0,4
BRDA:17,0,1,6
BRDA:19,1,0,3
BRDA:19,1,1,3
BRDA:19,2,0,2
BRDA:19,2,1,1
BRDA:20,3,0,1
BRDA:20,3,1,2
BRF:8
BRH:8
end_of_record
TN:
SF:src/ui/theme.ts
FN:82,buildTheme
FN:93,resolveThemeName
FNF:2
FNH:2
FNDA:49,buildTheme
FNDA:38,resolveThemeName
DA:22,11
DA:36,11
DA:50,11
DA:52,11
DA:53,11
DA:61,11
DA:62,11
DA:64,11
DA:83,49
DA:97,38
DA:98,34
LF:11
LH:11
BRDA:82,0,0,16
BRDA:88,1,0,48
BRDA:88,1,1,1
BRDA:97,2,0,4
BRDA:97,2,1,34
BRDA:97,3,0,4
BRDA:97,3,1,2
BRF:7
BRH:7
end_of_record
TN:
SF:src/ui/useRefreshOnFocus.ts
FN:20,useRefreshOnFocus
FN:27,(anonymous_1)
FN:32,(anonymous_2)
FN:33,(anonymous_3)
FN:43,(anonymous_4)
FN:47,(anonymous_5)
FN:49,(anonymous_6)
FNF:7
FNH:7
FNDA:57,useRefreshOnFocus
FNDA:57,(anonymous_1)
FNDA:22,(anonymous_2)
FNDA:4,(anonymous_3)
FNDA:22,(anonymous_4)
FNDA:22,(anonymous_5)
FNDA:22,(anonymous_6)
DA:21,57
DA:22,57
DA:27,57
DA:28,57
DA:29,57
DA:32,57
DA:33,22
DA:34,4
DA:35,2
DA:36,2
DA:38,2
DA:42,22
DA:43,22
DA:46,57
DA:48,22
DA:49,22
LF:16
LH:16
BRDA:20,0,0,14
BRDA:34,1,0,2
BRDA:34,1,1,2
BRF:3
BRH:3
end_of_record
TN:
SF:src/ui/useStreak.ts
FN:10,useStreak
FN:14,(anonymous_1)
FNF:2
FNH:2
FNDA:15,useStreak
FNDA:15,(anonymous_1)
DA:11,15
DA:13,15
DA:14,15
LF:3
LH:3
BRDA:10,0,0,1
BRF:1
BRH:1
end_of_record
TN:
SF:src/ui/__tests__/lightAccent.ts
FNF:0
FNH:0
DA:4,1
LF:1
LH:1
BRF:0
BRH:0
end_of_record
TN:
SF:src/ui/__tests__/renderHarness.tsx
FN:19,(anonymous_0)
FN:25,(anonymous_1)
FN:34,makeMemoryDb
FN:42,(anonymous_3)
FN:43,(anonymous_4)
FN:45,(anonymous_5)
FN:48,(anonymous_6)
FN:69,makeScreenDeps
FN:79,(anonymous_8)
FN:84,(anonymous_9)
FN:100,Wrapper
FN:113,(anonymous_11)
FNF:12
FNH:11
FNDA:30,(anonymous_0)
FNDA:30,(anonymous_1)
FNDA:17,makeMemoryDb
FNDA:17,(anonymous_3)
FNDA:202,(anonymous_4)
FNDA:285,(anonymous_5)
FNDA:50,(anonymous_6)
FNDA:17,makeScreenDeps
FNDA:57,(anonymous_8)
FNDA:0,(anonymous_9)
FNDA:32,Wrapper
FNDA:32,(anonymous_11)
DA:19,30
DA:25,30
DA:35,17
DA:36,17
DA:38,17
DA:39,17
DA:40,17
DA:41,17
DA:42,17
DA:44,202
DA:46,285
DA:49,50
DA:50,50
DA:51,50
DA:52,50
DA:53,50
DA:55,0
DA:56,0
DA:70,17
DA:71,17
DA:73,17
DA:74,17
DA:78,17
DA:79,57
DA:81,17
DA:85,0
DA:101,32
DA:113,32
LF:28
LH:25
BRDA:43,0,0,40
BRDA:45,1,0,0
BRDA:69,2,0,17
BRF:3
BRH:2
end_of_record
TN:
SF:src/ui/components/Button.tsx
FN:4,Button
FN:42,(anonymous_1)
FNF:2
FNH:2
FNDA:113,Button
FNDA:113,(anonymous_1)
DA:17,113
DA:18,113
DA:21,113
DA:28,113
DA:36,113
DA:42,113
DA:62,5
LF:7
LH:7
BRDA:7,0,0,62
BRDA:8,1,0,62
BRDA:9,2,0,50
BRDA:18,3,0,113
BRDA:18,3,1,77
BRDA:21,4,0,62
BRDA:21,4,1,51
BRDA:22,5,0,31
BRDA:22,5,1,31
BRDA:28,6,0,62
BRDA:28,6,1,51
BRDA:29,7,0,31
BRDA:29,7,1,31
BRDA:32,8,0,11
BRDA:32,8,1,40
BRDA:47,9,0,51
BRDA:47,9,1,62
BRDA:49,10,0,0
BRDA:49,10,1,113
BRDA:53,11,0,6
BRDA:53,11,1,107
BRF:21
BRH:20
end_of_record
TN:
SF:src/ui/components/Card.tsx
FN:5,Card
FNF:1
FNH:1
FNDA:265,Card
DA:6,265
DA:8,265
DA:26,6
LF:3
LH:3
BRF:0
BRH:0
end_of_record
TN:
SF:src/ui/components/DiffText.tsx
FN:9,DiffText
FN:15,(anonymous_1)
FN:26,(anonymous_2)
FN:28,styleFor
FNF:4
FNH:4
FNDA:7,DiffText
FNDA:21,(anonymous_1)
FNDA:15,(anonymous_2)
FNDA:21,styleFor
DA:10,7
DA:12,7
DA:16,21
DA:26,15
DA:29,21
DA:31,6
DA:33,6
DA:35,9
DA:39,2
LF:9
LH:9
BRDA:17,0,0,15
BRDA:17,0,1,6
BRDA:17,1,0,21
BRDA:17,1,1,15
BRDA:29,2,0,6
BRDA:29,2,1,6
BRDA:29,2,2,9
BRF:7
BRH:7
end_of_record
TN:
SF:src/ui/components/ScoreBadge.tsx
FN:5,ScoreBadge
FN:28,tint
FNF:2
FNH:2
FNDA:27,ScoreBadge
FNDA:26,tint
DA:6,27
DA:8,27
DA:9,1
DA:16,26
DA:18,26
DA:39,26
DA:41,20
DA:43,2
DA:45,4
DA:49,2
LF:10
LH:10
BRDA:8,0,0,1
BRDA:8,0,1,26
BRDA:39,1,0,20
BRDA:39,1,1,2
BRDA:39,1,2,4
BRF:5
BRH:5
end_of_record
TN:
SF:src/ui/components/Screen.tsx
FN:6,Screen
FNF:1
FNH:1
FNDA:96,Screen
DA:17,96
DA:18,96
DA:21,96
DA:40,96
DA:46,96
DA:107,6
LF:6
LH:6
BRDA:21,0,0,56
BRDA:21,0,1,40
BRDA:21,1,0,96
BRDA:21,1,1,40
BRDA:23,2,0,56
BRDA:23,2,1,0
BRDA:33,3,0,39
BRDA:33,3,1,17
BRDA:78,4,0,0
BRDA:78,4,1,96
BRDA:88,5,0,51
BRDA:88,5,1,45
BRF:12
BRH:10
end_of_record
TN:
SF:src/ui/components/SelectableOption.tsx
FN:9,SelectableOption
FNF:1
FNH:1
FNDA:111,SelectableOption
DA:24,111
DA:26,111
LF:2
LH:2
BRDA:14,0,0,111
BRDA:36,1,0,31
BRDA:36,1,1,80
BRDA:37,2,0,31
BRDA:37,2,1,80
BRDA:42,3,0,111
BRDA:42,3,1,72
BRDA:44,4,0,18
BRDA:44,4,1,54
BRF:9
BRH:9
end_of_record
TN:
SF:src/ui/components/SentenceInput.tsx
FN:9,SentenceInput
FNF:1
FNH:1
FNDA:127,SentenceInput
DA:7,2
DA:24,127
DA:26,127
DA:56,2
LF:4
LH:4
BRDA:15,0,0,2
BRF:1
BRH:1
end_of_record
TN:
SF:src/ui/components/TextField.tsx
FN:9,TextField
FNF:1
FNH:1
FNDA:178,TextField
DA:10,178
DA:12,178
DA:32,4
LF:3
LH:3
BRDA:18,0,0,127
BRDA:18,0,1,51
BRF:2
BRH:2
end_of_record
TN:
SF:src/usecases/correctSeriesFor.ts
FN:10,correctSeriesFor
FN:14,(anonymous_1)
FNF:2
FNH:2
FNDA:20,correctSeriesFor
FNDA:100,(anonymous_1)
DA:11,20
DA:12,20
DA:14,100
DA:21,13
DA:23,7
DA:24,7
DA:27,13
DA:28,13
DA:29,13
LF:9
LH:9
BRDA:18,0,0,100
BRDA:18,0,1,0
BRDA:28,1,0,0
BRDA:28,1,1,13
BRF:4
BRH:2
end_of_record
TN:
SF:src/usecases/generateSeriesFor.ts
FN:12,resolveLevel
FN:23,generateSeriesFor
FNF:2
FNH:2
FNDA:31,resolveLevel
FNDA:25,generateSeriesFor
DA:7,5
DA:10,5
DA:13,31
DA:14,31
DA:24,25
DA:26,25
DA:32,20
LF:7
LH:7
BRDA:13,0,0,31
BRDA:13,0,1,23
BRF:2
BRH:2
end_of_record
TN:
SF:src/usecases/getTodaySeries.ts
FN:6,getTodaySeries
FNF:1
FNH:1
FNDA:21,getTodaySeries
DA:7,21
DA:11,21
DA:13,21
DA:14,21
DA:18,7
DA:20,2
DA:23,16
LF:7
LH:7
BRDA:14,0,0,7
BRDA:14,0,1,14
BRDA:18,1,0,5
BRDA:18,1,1,2
BRDA:18,2,0,7
BRDA:18,2,1,5
BRF:6
BRH:6
end_of_record
TN:
SF:src/usecases/prefetchTomorrow.ts
FN:13,prefetchTomorrow
FNF:1
FNH:1
FNDA:10,prefetchTomorrow
DA:14,10
DA:15,10
DA:17,9
DA:18,9
LF:4
LH:4
BRDA:15,0,0,1
BRDA:15,0,1,9
BRF:2
BRH:2
end_of_record
TN:
SF:src/usecases/reminders.ts
FN:10,notificationsAvailable
FN:22,loadNotifications
FN:42,parseReminderHour
FN:52,scheduleDailyReminder
FN:84,cancelDailyReminder
FNF:5
FNH:5
FNDA:7,notificationsAvailable
FNDA:7,loadNotifications
FNDA:18,parseReminderHour
FNDA:7,scheduleDailyReminder
FNDA:2,cancelDailyReminder
DA:11,7
DA:13,7
DA:16,0
DA:18,7
DA:23,7
DA:25,7
DA:29,7
DA:31,0
DA:43,18
DA:44,18
DA:45,14
DA:47,10
DA:48,10
DA:53,7
DA:54,5
DA:56,5
DA:57,5
DA:59,5
DA:60,5
DA:62,4
DA:63,4
DA:65,3
DA:66,3
DA:78,3
DA:80,1
DA:85,2
DA:86,2
DA:88,2
DA:89,2
LF:29
LH:27
BRDA:23,0,0,0
BRDA:23,0,1,7
BRDA:44,1,0,4
BRDA:44,1,1,14
BRDA:45,2,0,4
BRDA:45,2,1,10
BRDA:48,3,0,7
BRDA:48,3,1,3
BRDA:48,4,0,10
BRDA:48,4,1,10
BRDA:52,5,0,0
BRDA:53,6,0,2
BRDA:53,6,1,5
BRDA:53,7,0,7
BRDA:53,7,1,7
BRDA:53,7,2,6
BRDA:54,8,0,0
BRDA:54,8,1,5
BRDA:54,9,0,5
BRDA:54,9,1,5
BRDA:54,9,2,5
BRDA:57,10,0,0
BRDA:57,10,1,5
BRDA:62,11,0,4
BRDA:62,11,1,2
BRDA:63,12,0,1
BRDA:63,12,1,3
BRDA:86,13,0,0
BRDA:86,13,1,2
BRF:29
BRH:24
end_of_record
TN:
SF:src/usecases/retryPendingCorrection.ts
FN:16,retryPendingCorrection
FN:20,(anonymous_1)
FN:20,(anonymous_2)
FNF:3
FNH:3
FNDA:8,retryPendingCorrection
FNDA:10,(anonymous_1)
FNDA:14,(anonymous_2)
DA:17,8
DA:20,14
DA:22,8
DA:24,8
DA:25,9
DA:26,9
DA:27,7
DA:34,8
LF:8
LH:8
BRDA:20,0,0,14
BRDA:20,0,1,5
BRF:2
BRH:2
end_of_record
TN:
SF:src/usecases/submitAnswers.ts
FN:7,submitAnswers
FNF:1
FNH:1
FNDA:11,submitAnswers
DA:13,11
DA:14,11
DA:19,11
DA:20,11
DA:22,11
DA:25,6
DA:27,6
LF:7
LH:7
BRDA:20,0,0,0
BRDA:20,0,1,11
BRF:2
BRH:1
end_of_record
TN:
SF:src/usecases/__tests__/fixtures.ts
FN:10,(anonymous_0)
FN:16,(anonymous_1)
FN:21,(anonymous_2)
FN:38,makeHarness
FN:53,(anonymous_4)
FN:59,(anonymous_5)
FNF:6
FNH:6
FNDA:15,(anonymous_0)
FNDA:15,(anonymous_1)
FNDA:15,(anonymous_2)
FNDA:33,makeHarness
FNDA:92,(anonymous_4)
FNDA:1,(anonymous_5)
DA:10,15
DA:16,15
DA:21,15
DA:39,33
DA:40,33
DA:42,33
DA:43,33
DA:47,33
DA:52,33
DA:53,92
DA:55,33
DA:60,1
LF:12
LH:12
BRDA:38,0,0,32
BRF:1
BRH:1
end_of_record
